<?xml version="1.0" encoding="UTF-8"?>
<!-- Generated by org.testng.reporters.JUnitXMLReporter -->
<testsuite ignored="27" hostname="ARISTA113-PC" failures="1" tests="1" name="Default test(failed)" time="30.142" errors="0" timestamp="2024-06-27T16:51:42 IST">
  <testcase classname="com.glendale.test.HomePageTest" name="verifyFooterCompanyLinkRedirections" time="24.39">
    <failure type="org.openqa.selenium.StaleElementReferenceException" message="stale element reference: stale element not found
  (Session info: chrome=126.0.6478.114)
For documentation on this error, please visit: https://www.selenium.dev/documentation/webdriver/troubleshooting/errors#stale-element-reference-exception
Build info: version: &amp;apos;4.11.0&amp;apos;, revision: &amp;apos;040bc5406b&amp;apos;
System info: os.name: &amp;apos;Windows 10&amp;apos;, os.arch: &amp;apos;amd64&amp;apos;, os.version: &amp;apos;10.0&amp;apos;, java.version: &amp;apos;17.0.8&amp;apos;
Driver info: org.openqa.selenium.chrome.ChromeDriver
Command: [ee954bbb82e1c30dba0ec0c981c3663f, getElementText {id=f.5E436EA4AB0D73852FFFDF714138B2A9.d.EB6CB948E95824D404A75BB5CFDC4F0E.e.901}]
Capabilities {acceptInsecureCerts: false, browserName: chrome, browserVersion: 126.0.6478.114, chrome: {chromedriverVersion: 126.0.6478.126 (d36ace6122e..., userDataDir: C:\Users\pawan\AppData\Loca...}, fedcm:accounts: true, goog:chromeOptions: {debuggerAddress: localhost:51242}, networkConnectionEnabled: false, pageLoadStrategy: normal, platformName: windows, proxy: Proxy(), se:cdp: ws://localhost:51242/devtoo..., se:cdpVersion: 126.0.6478.114, setWindowRect: true, strictFileInteractability: false, timeouts: {implicit: 0, pageLoad: 300000, script: 30000}, unhandledPromptBehavior: dismiss and notify, webauthn:extension:credBlob: true, webauthn:extension:largeBlob: true, webauthn:extension:minPinLength: true, webauthn:extension:prf: true, webauthn:virtualAuthenticators: true}
Element: [[ChromeDriver: chrome on windows (ee954bbb82e1c30dba0ec0c981c3663f)] -&amp;gt; xpath: //div[@class=&amp;apos;gld-footer-cols gld-col-two&amp;apos;]/ul[@id=&amp;apos;subcategory-list&amp;apos;]/li/a]
Session ID: ee954bbb82e1c30dba0ec0c981c3663f">
      <![CDATA[org.openqa.selenium.StaleElementReferenceException: stale element reference: stale element not found
  (Session info: chrome=126.0.6478.114)
For documentation on this error, please visit: https://www.selenium.dev/documentation/webdriver/troubleshooting/errors#stale-element-reference-exception
Build info: version: '4.11.0', revision: '040bc5406b'
System info: os.name: 'Windows 10', os.arch: 'amd64', os.version: '10.0', java.version: '17.0.8'
Driver info: org.openqa.selenium.chrome.ChromeDriver
Command: [ee954bbb82e1c30dba0ec0c981c3663f, getElementText {id=f.5E436EA4AB0D73852FFFDF714138B2A9.d.EB6CB948E95824D404A75BB5CFDC4F0E.e.901}]
Capabilities {acceptInsecureCerts: false, browserName: chrome, browserVersion: 126.0.6478.114, chrome: {chromedriverVersion: 126.0.6478.126 (d36ace6122e..., userDataDir: C:\Users\pawan\AppData\Loca...}, fedcm:accounts: true, goog:chromeOptions: {debuggerAddress: localhost:51242}, networkConnectionEnabled: false, pageLoadStrategy: normal, platformName: windows, proxy: Proxy(), se:cdp: ws://localhost:51242/devtoo..., se:cdpVersion: 126.0.6478.114, setWindowRect: true, strictFileInteractability: false, timeouts: {implicit: 0, pageLoad: 300000, script: 30000}, unhandledPromptBehavior: dismiss and notify, webauthn:extension:credBlob: true, webauthn:extension:largeBlob: true, webauthn:extension:minPinLength: true, webauthn:extension:prf: true, webauthn:virtualAuthenticators: true}
Element: [[ChromeDriver: chrome on windows (ee954bbb82e1c30dba0ec0c981c3663f)] -> xpath: //div[@class='gld-footer-cols gld-col-two']/ul[@id='subcategory-list']/li/a]
Session ID: ee954bbb82e1c30dba0ec0c981c3663f
at org.openqa.selenium.remote.codec.w3c.W3CHttpResponseCodec.createException(W3CHttpResponseCodec.java:200)
at org.openqa.selenium.remote.codec.w3c.W3CHttpResponseCodec.decode(W3CHttpResponseCodec.java:133)
at org.openqa.selenium.remote.codec.w3c.W3CHttpResponseCodec.decode(W3CHttpResponseCodec.java:52)
at org.openqa.selenium.remote.HttpCommandExecutor.execute(HttpCommandExecutor.java:191)
at org.openqa.selenium.remote.service.DriverCommandExecutor.invokeExecute(DriverCommandExecutor.java:196)
at org.openqa.selenium.remote.service.DriverCommandExecutor.execute(DriverCommandExecutor.java:171)
at org.openqa.selenium.remote.RemoteWebDriver.execute(RemoteWebDriver.java:518)
at org.openqa.selenium.remote.RemoteWebElement.execute(RemoteWebElement.java:224)
at org.openqa.selenium.remote.RemoteWebElement.getText(RemoteWebElement.java:192)
at com.glendale.page.HomePage.verifyFooterCompanyLinkRedirections(HomePage.java:461)
at com.glendale.test.HomePageTest.verifyFooterCompanyLinkRedirections(HomePageTest.java:131)
at java.base/java.util.ArrayList.forEach(ArrayList.java:1511)
... Removed 32 stack frames]]>
    </failure>
  </testcase> <!-- verifyFooterCompanyLinkRedirections -->
  <testcase classname="com.glendale.test.HomePageTest" name="verifyFirstResponderFeaturedCollectionsItems" time="0.0">
    <ignored/>
  </testcase> <!-- verifyFirstResponderFeaturedCollectionsItems -->
  <testcase classname="com.glendale.test.HomePageTest" name="verifyFlagsPresenceAndClickable" time="0.0">
    <ignored/>
  </testcase> <!-- verifyFlagsPresenceAndClickable -->
  <testcase classname="com.glendale.test.HomePageTest" name="verifySearchFunctionality" time="0.0">
    <ignored/>
  </testcase> <!-- verifySearchFunctionality -->
  <testcase classname="com.glendale.test.HomePageTest" name="verifyAboutUsNavigationLinks" time="0.0">
    <ignored/>
  </testcase> <!-- verifyAboutUsNavigationLinks -->
  <testcase classname="com.glendale.test.HomePageTest" name="verifyCodetsNavigationLinks" time="0.0">
    <ignored/>
  </testcase> <!-- verifyCodetsNavigationLinks -->
  <testcase classname="com.glendale.test.HomePageTest" name="verifyrotcAndJrotcFeaturedCollectionsItems" time="0.0">
    <ignored/>
  </testcase> <!-- verifyrotcAndJrotcFeaturedCollectionsItems -->
  <testcase classname="com.glendale.test.HomePageTest" name="verifyLogoPresenceAndClickable" time="0.0">
    <ignored/>
  </testcase> <!-- verifyLogoPresenceAndClickable -->
  <testcase classname="com.glendale.test.HomePageTest" name="verifyTestimonialsSectionPresence" time="0.0">
    <ignored/>
  </testcase> <!-- verifyTestimonialsSectionPresence -->
  <testcase classname="com.glendale.test.HomePageTest" name="verifyHonorGuradNavigationLinks" time="0.0">
    <ignored/>
  </testcase> <!-- verifyHonorGuradNavigationLinks -->
  <testcase classname="com.glendale.test.HomePageTest" name="verifyMilitaryFeaturedCollectionsItems" time="0.0">
    <ignored/>
  </testcase> <!-- verifyMilitaryFeaturedCollectionsItems -->
  <testcase classname="com.glendale.test.HomePageTest" name="verifySwordsNavigationLinks" time="0.0">
    <ignored/>
  </testcase> <!-- verifySwordsNavigationLinks -->
  <testcase classname="com.glendale.test.HomePageTest" name="verifyHonePageTitle" time="0.0">
    <ignored/>
  </testcase> <!-- verifyHonePageTitle -->
  <testcase classname="com.glendale.test.HomePageTest" name="verifyCustomFlagsPresenceAndClickable" time="0.0">
    <ignored/>
  </testcase> <!-- verifyCustomFlagsPresenceAndClickable -->
  <testcase classname="com.glendale.test.HomePageTest" name="verifyLatestBolgsPresenceAndViewAllBlogsClickable" time="0.0">
    <ignored/>
  </testcase> <!-- verifyLatestBolgsPresenceAndViewAllBlogsClickable -->
  <testcase classname="com.glendale.test.HomePageTest" name="verifyAccountIconPresenceAndClickable" time="0.0">
    <ignored/>
  </testcase> <!-- verifyAccountIconPresenceAndClickable -->
  <testcase classname="com.glendale.test.HomePageTest" name="verifyBannerPresence" time="0.0">
    <ignored/>
  </testcase> <!-- verifyBannerPresence -->
  <testcase classname="com.glendale.test.HomePageTest" name="verifyFirstRespondersNavigationLinks" time="0.0">
    <ignored/>
  </testcase> <!-- verifyFirstRespondersNavigationLinks -->
  <testcase classname="com.glendale.test.HomePageTest" name="verifyFlagsNavigationLinks" time="0.0">
    <ignored/>
  </testcase> <!-- verifyFlagsNavigationLinks -->
  <testcase classname="com.glendale.test.HomePageTest" name="verifyCartIconPresenceAndClickable" time="0.0">
    <ignored/>
  </testcase> <!-- verifyCartIconPresenceAndClickable -->
  <testcase classname="com.glendale.test.HomePageTest" name="verifyCustomPatchesAndFlashesPresenceAndClickable" time="0.0">
    <ignored/>
  </testcase> <!-- verifyCustomPatchesAndFlashesPresenceAndClickable -->
  <testcase classname="com.glendale.test.HomePageTest" name="verifySmithAndWarrenBadgesPresenceAndClickable" time="0.0">
    <ignored/>
  </testcase> <!-- verifySmithAndWarrenBadgesPresenceAndClickable -->
  <testcase classname="com.glendale.test.HomePageTest" name="verifyCustomWorksNavigationLinks" time="0.0">
    <ignored/>
  </testcase> <!-- verifyCustomWorksNavigationLinks -->
  <testcase classname="com.glendale.test.HomePageTest" name="verifyMilitaryNavigationLinks" time="0.0">
    <ignored/>
  </testcase> <!-- verifyMilitaryNavigationLinks -->
  <testcase classname="com.glendale.test.HomePageTest" name="verifyReplicaRiflesNavigationLinks" time="0.0">
    <ignored/>
  </testcase> <!-- verifyReplicaRiflesNavigationLinks -->
  <testcase classname="com.glendale.test.HomePageTest" name="verifySoloTandemDrillersPresenceAndClickable" time="0.0">
    <ignored/>
  </testcase> <!-- verifySoloTandemDrillersPresenceAndClickable -->
  <testcase classname="com.glendale.test.HomePageTest" name="verifyBestSellersSectionPresent" time="0.0">
    <ignored/>
  </testcase> <!-- verifyBestSellersSectionPresent -->
  <testcase classname="com.glendale.test.HomePageTest" name="verifyUniformsNavigationLinks" time="0.0">
    <ignored/>
  </testcase> <!-- verifyUniformsNavigationLinks -->
</testsuite> <!-- Default test(failed) -->
