<?xml version="1.0" encoding="UTF-8"?>
<!-- Generated by org.testng.reporters.JUnitXMLReporter -->
<testsuite ignored="0" hostname="ARISTA113-PC" failures="28" tests="526" name="Test" time="53821.416" errors="0" timestamp="2024-08-13T13:52:09 IST">
  <testcase classname="com.glendale.base.BaseClass" name="@BeforeMethod openBrowser" time="1.428">
    <failure type="org.openqa.selenium.WebDriverException" message="unknown error: net::ERR_INTERNET_DISCONNECTED
  (Session info: chrome=127.0.6533.100)
Build info: version: &amp;apos;4.11.0&amp;apos;, revision: &amp;apos;040bc5406b&amp;apos;
System info: os.name: &amp;apos;Windows 10&amp;apos;, os.arch: &amp;apos;amd64&amp;apos;, os.version: &amp;apos;10.0&amp;apos;, java.version: &amp;apos;17.0.8&amp;apos;
Driver info: org.openqa.selenium.chrome.ChromeDriver
Command: [1e55d5eb2843173326ecd0b9d139c098, get {url=https://www.glendale.com/}]
Capabilities {acceptInsecureCerts: false, browserName: chrome, browserVersion: 127.0.6533.100, chrome: {chromedriverVersion: 127.0.6533.99 (f31af5097d90..., userDataDir: C:\Users\pawan\AppData\Loca...}, fedcm:accounts: true, goog:chromeOptions: {debuggerAddress: localhost:54003}, networkConnectionEnabled: false, pageLoadStrategy: normal, platformName: windows, proxy: Proxy(), se:cdp: ws://localhost:54003/devtoo..., se:cdpVersion: 127.0.6533.100, setWindowRect: true, strictFileInteractability: false, timeouts: {implicit: 0, pageLoad: 300000, script: 30000}, unhandledPromptBehavior: dismiss and notify, webauthn:extension:credBlob: true, webauthn:extension:largeBlob: true, webauthn:extension:minPinLength: true, webauthn:extension:prf: true, webauthn:virtualAuthenticators: true}
Session ID: 1e55d5eb2843173326ecd0b9d139c098">
      <![CDATA[org.openqa.selenium.WebDriverException: unknown error: net::ERR_INTERNET_DISCONNECTED
  (Session info: chrome=127.0.6533.100)
Build info: version: '4.11.0', revision: '040bc5406b'
System info: os.name: 'Windows 10', os.arch: 'amd64', os.version: '10.0', java.version: '17.0.8'
Driver info: org.openqa.selenium.chrome.ChromeDriver
Command: [1e55d5eb2843173326ecd0b9d139c098, get {url=https://www.glendale.com/}]
Capabilities {acceptInsecureCerts: false, browserName: chrome, browserVersion: 127.0.6533.100, chrome: {chromedriverVersion: 127.0.6533.99 (f31af5097d90..., userDataDir: C:\Users\pawan\AppData\Loca...}, fedcm:accounts: true, goog:chromeOptions: {debuggerAddress: localhost:54003}, networkConnectionEnabled: false, pageLoadStrategy: normal, platformName: windows, proxy: Proxy(), se:cdp: ws://localhost:54003/devtoo..., se:cdpVersion: 127.0.6533.100, setWindowRect: true, strictFileInteractability: false, timeouts: {implicit: 0, pageLoad: 300000, script: 30000}, unhandledPromptBehavior: dismiss and notify, webauthn:extension:credBlob: true, webauthn:extension:largeBlob: true, webauthn:extension:minPinLength: true, webauthn:extension:prf: true, webauthn:virtualAuthenticators: true}
Session ID: 1e55d5eb2843173326ecd0b9d139c098
at org.openqa.selenium.remote.codec.w3c.W3CHttpResponseCodec.createException(W3CHttpResponseCodec.java:200)
at org.openqa.selenium.remote.codec.w3c.W3CHttpResponseCodec.decode(W3CHttpResponseCodec.java:133)
at org.openqa.selenium.remote.codec.w3c.W3CHttpResponseCodec.decode(W3CHttpResponseCodec.java:52)
at org.openqa.selenium.remote.HttpCommandExecutor.execute(HttpCommandExecutor.java:191)
at org.openqa.selenium.remote.service.DriverCommandExecutor.invokeExecute(DriverCommandExecutor.java:196)
at org.openqa.selenium.remote.service.DriverCommandExecutor.execute(DriverCommandExecutor.java:171)
at org.openqa.selenium.remote.RemoteWebDriver.execute(RemoteWebDriver.java:518)
at org.openqa.selenium.remote.RemoteWebDriver.get(RemoteWebDriver.java:300)
at com.glendale.base.BaseClass.openBrowser(BaseClass.java:18)
at java.base/java.util.ArrayList.forEach(ArrayList.java:1511)
... Removed 35 stack frames]]>
    </failure>
  </testcase> <!-- @BeforeMethod openBrowser -->
  <testcase classname="com.glendale.test.honorGuard.AllHonorGuard_Test" name="@BeforeMethod loadObject" time="0.0">
    <skipped/>
  </testcase> <!-- @BeforeMethod loadObject -->
  <testcase classname="com.glendale.base.BaseClass" name="@AfterMethod CloseBrowser" time="0.0">
    <skipped/>
  </testcase> <!-- @AfterMethod CloseBrowser -->
  <testcase classname="com.glendale.base.BaseClass" name="@BeforeMethod openBrowser" time="0.0">
    <skipped/>
  </testcase> <!-- @BeforeMethod openBrowser -->
  <testcase classname="com.glendale.test.honorGuard.AllHonorGuard_Test" name="@BeforeMethod loadObject" time="0.0">
    <skipped/>
  </testcase> <!-- @BeforeMethod loadObject -->
  <testcase classname="com.glendale.base.BaseClass" name="@AfterMethod CloseBrowser" time="0.0">
    <skipped/>
  </testcase> <!-- @AfterMethod CloseBrowser -->
  <testcase classname="com.glendale.base.BaseClass" name="@BeforeMethod openBrowser" time="0.0">
    <skipped/>
  </testcase> <!-- @BeforeMethod openBrowser -->
  <testcase classname="com.glendale.test.honorGuard.AllHonorGuard_Test" name="@BeforeMethod loadObject" time="0.0">
    <skipped/>
  </testcase> <!-- @BeforeMethod loadObject -->
  <testcase classname="com.glendale.base.BaseClass" name="@AfterMethod CloseBrowser" time="0.0">
    <skipped/>
  </testcase> <!-- @AfterMethod CloseBrowser -->
  <testcase classname="com.glendale.base.BaseClass" name="@BeforeMethod openBrowser" time="0.0">
    <skipped/>
  </testcase> <!-- @BeforeMethod openBrowser -->
  <testcase classname="com.glendale.test.honorGuard.AllHonorGuard_Test" name="@BeforeMethod loadObject" time="0.0">
    <skipped/>
  </testcase> <!-- @BeforeMethod loadObject -->
  <testcase classname="com.glendale.base.BaseClass" name="@AfterMethod CloseBrowser" time="0.0">
    <skipped/>
  </testcase> <!-- @AfterMethod CloseBrowser -->
  <testcase classname="com.glendale.base.BaseClass" name="@BeforeMethod openBrowser" time="0.0">
    <skipped/>
  </testcase> <!-- @BeforeMethod openBrowser -->
  <testcase classname="com.glendale.test.honorGuard.AllHonorGuard_Test" name="@BeforeMethod loadObject" time="0.0">
    <skipped/>
  </testcase> <!-- @BeforeMethod loadObject -->
  <testcase classname="com.glendale.base.BaseClass" name="@AfterMethod CloseBrowser" time="0.0">
    <skipped/>
  </testcase> <!-- @AfterMethod CloseBrowser -->
  <testcase classname="com.glendale.base.BaseClass" name="@BeforeMethod openBrowser" time="1.174">
    <failure type="org.openqa.selenium.WebDriverException" message="unknown error: net::ERR_INTERNET_DISCONNECTED
  (Session info: chrome=127.0.6533.100)
Build info: version: &amp;apos;4.11.0&amp;apos;, revision: &amp;apos;040bc5406b&amp;apos;
System info: os.name: &amp;apos;Windows 10&amp;apos;, os.arch: &amp;apos;amd64&amp;apos;, os.version: &amp;apos;10.0&amp;apos;, java.version: &amp;apos;17.0.8&amp;apos;
Driver info: org.openqa.selenium.chrome.ChromeDriver
Command: [b62123b4d163d3391d5d2edd9fef1f80, get {url=https://www.glendale.com/}]
Capabilities {acceptInsecureCerts: false, browserName: chrome, browserVersion: 127.0.6533.100, chrome: {chromedriverVersion: 127.0.6533.99 (f31af5097d90..., userDataDir: C:\Users\pawan\AppData\Loca...}, fedcm:accounts: true, goog:chromeOptions: {debuggerAddress: localhost:54014}, networkConnectionEnabled: false, pageLoadStrategy: normal, platformName: windows, proxy: Proxy(), se:cdp: ws://localhost:54014/devtoo..., se:cdpVersion: 127.0.6533.100, setWindowRect: true, strictFileInteractability: false, timeouts: {implicit: 0, pageLoad: 300000, script: 30000}, unhandledPromptBehavior: dismiss and notify, webauthn:extension:credBlob: true, webauthn:extension:largeBlob: true, webauthn:extension:minPinLength: true, webauthn:extension:prf: true, webauthn:virtualAuthenticators: true}
Session ID: b62123b4d163d3391d5d2edd9fef1f80">
      <![CDATA[org.openqa.selenium.WebDriverException: unknown error: net::ERR_INTERNET_DISCONNECTED
  (Session info: chrome=127.0.6533.100)
Build info: version: '4.11.0', revision: '040bc5406b'
System info: os.name: 'Windows 10', os.arch: 'amd64', os.version: '10.0', java.version: '17.0.8'
Driver info: org.openqa.selenium.chrome.ChromeDriver
Command: [b62123b4d163d3391d5d2edd9fef1f80, get {url=https://www.glendale.com/}]
Capabilities {acceptInsecureCerts: false, browserName: chrome, browserVersion: 127.0.6533.100, chrome: {chromedriverVersion: 127.0.6533.99 (f31af5097d90..., userDataDir: C:\Users\pawan\AppData\Loca...}, fedcm:accounts: true, goog:chromeOptions: {debuggerAddress: localhost:54014}, networkConnectionEnabled: false, pageLoadStrategy: normal, platformName: windows, proxy: Proxy(), se:cdp: ws://localhost:54014/devtoo..., se:cdpVersion: 127.0.6533.100, setWindowRect: true, strictFileInteractability: false, timeouts: {implicit: 0, pageLoad: 300000, script: 30000}, unhandledPromptBehavior: dismiss and notify, webauthn:extension:credBlob: true, webauthn:extension:largeBlob: true, webauthn:extension:minPinLength: true, webauthn:extension:prf: true, webauthn:virtualAuthenticators: true}
Session ID: b62123b4d163d3391d5d2edd9fef1f80
at org.openqa.selenium.remote.codec.w3c.W3CHttpResponseCodec.createException(W3CHttpResponseCodec.java:200)
at org.openqa.selenium.remote.codec.w3c.W3CHttpResponseCodec.decode(W3CHttpResponseCodec.java:133)
at org.openqa.selenium.remote.codec.w3c.W3CHttpResponseCodec.decode(W3CHttpResponseCodec.java:52)
at org.openqa.selenium.remote.HttpCommandExecutor.execute(HttpCommandExecutor.java:191)
at org.openqa.selenium.remote.service.DriverCommandExecutor.invokeExecute(DriverCommandExecutor.java:196)
at org.openqa.selenium.remote.service.DriverCommandExecutor.execute(DriverCommandExecutor.java:171)
at org.openqa.selenium.remote.RemoteWebDriver.execute(RemoteWebDriver.java:518)
at org.openqa.selenium.remote.RemoteWebDriver.get(RemoteWebDriver.java:300)
at com.glendale.base.BaseClass.openBrowser(BaseClass.java:18)
at java.base/java.util.ArrayList.forEach(ArrayList.java:1511)
... Removed 35 stack frames]]>
    </failure>
  </testcase> <!-- @BeforeMethod openBrowser -->
  <testcase classname="com.glendale.test.swords.LetterOpenerSwords_Test" name="@BeforeMethod loadObject" time="0.0">
    <skipped/>
  </testcase> <!-- @BeforeMethod loadObject -->
  <testcase classname="com.glendale.base.BaseClass" name="@AfterMethod CloseBrowser" time="0.0">
    <skipped/>
  </testcase> <!-- @AfterMethod CloseBrowser -->
  <testcase classname="com.glendale.base.BaseClass" name="@BeforeMethod openBrowser" time="0.0">
    <skipped/>
  </testcase> <!-- @BeforeMethod openBrowser -->
  <testcase classname="com.glendale.test.swords.LetterOpenerSwords_Test" name="@BeforeMethod loadObject" time="0.0">
    <skipped/>
  </testcase> <!-- @BeforeMethod loadObject -->
  <testcase classname="com.glendale.base.BaseClass" name="@AfterMethod CloseBrowser" time="0.0">
    <skipped/>
  </testcase> <!-- @AfterMethod CloseBrowser -->
  <testcase classname="com.glendale.base.BaseClass" name="@BeforeMethod openBrowser" time="0.0">
    <skipped/>
  </testcase> <!-- @BeforeMethod openBrowser -->
  <testcase classname="com.glendale.test.swords.LetterOpenerSwords_Test" name="@BeforeMethod loadObject" time="0.0">
    <skipped/>
  </testcase> <!-- @BeforeMethod loadObject -->
  <testcase classname="com.glendale.base.BaseClass" name="@AfterMethod CloseBrowser" time="0.0">
    <skipped/>
  </testcase> <!-- @AfterMethod CloseBrowser -->
  <testcase classname="com.glendale.base.BaseClass" name="@BeforeMethod openBrowser" time="0.0">
    <skipped/>
  </testcase> <!-- @BeforeMethod openBrowser -->
  <testcase classname="com.glendale.test.swords.LetterOpenerSwords_Test" name="@BeforeMethod loadObject" time="0.0">
    <skipped/>
  </testcase> <!-- @BeforeMethod loadObject -->
  <testcase classname="com.glendale.base.BaseClass" name="@AfterMethod CloseBrowser" time="0.0">
    <skipped/>
  </testcase> <!-- @AfterMethod CloseBrowser -->
  <testcase classname="com.glendale.base.BaseClass" name="@BeforeMethod openBrowser" time="0.0">
    <skipped/>
  </testcase> <!-- @BeforeMethod openBrowser -->
  <testcase classname="com.glendale.test.swords.LetterOpenerSwords_Test" name="@BeforeMethod loadObject" time="0.0">
    <skipped/>
  </testcase> <!-- @BeforeMethod loadObject -->
  <testcase classname="com.glendale.base.BaseClass" name="@AfterMethod CloseBrowser" time="0.0">
    <skipped/>
  </testcase> <!-- @AfterMethod CloseBrowser -->
  <testcase classname="com.glendale.base.BaseClass" name="@BeforeMethod openBrowser" time="0.0">
    <skipped/>
  </testcase> <!-- @BeforeMethod openBrowser -->
  <testcase classname="com.glendale.test.swords.LetterOpenerSwords_Test" name="@BeforeMethod loadObject" time="0.0">
    <skipped/>
  </testcase> <!-- @BeforeMethod loadObject -->
  <testcase classname="com.glendale.base.BaseClass" name="@AfterMethod CloseBrowser" time="0.0">
    <skipped/>
  </testcase> <!-- @AfterMethod CloseBrowser -->
  <testcase classname="com.glendale.base.BaseClass" name="@BeforeMethod openBrowser" time="0.0">
    <skipped/>
  </testcase> <!-- @BeforeMethod openBrowser -->
  <testcase classname="com.glendale.test.swords.LetterOpenerSwords_Test" name="@BeforeMethod loadObject" time="0.0">
    <skipped/>
  </testcase> <!-- @BeforeMethod loadObject -->
  <testcase classname="com.glendale.base.BaseClass" name="@AfterMethod CloseBrowser" time="0.0">
    <skipped/>
  </testcase> <!-- @AfterMethod CloseBrowser -->
  <testcase classname="com.glendale.base.BaseClass" name="@BeforeMethod openBrowser" time="0.0">
    <skipped/>
  </testcase> <!-- @BeforeMethod openBrowser -->
  <testcase classname="com.glendale.test.swords.LetterOpenerSwords_Test" name="@BeforeMethod loadObject" time="0.0">
    <skipped/>
  </testcase> <!-- @BeforeMethod loadObject -->
  <testcase classname="com.glendale.base.BaseClass" name="@AfterMethod CloseBrowser" time="0.0">
    <skipped/>
  </testcase> <!-- @AfterMethod CloseBrowser -->
  <testcase classname="com.glendale.base.BaseClass" name="@BeforeMethod openBrowser" time="0.0">
    <skipped/>
  </testcase> <!-- @BeforeMethod openBrowser -->
  <testcase classname="com.glendale.test.swords.LetterOpenerSwords_Test" name="@BeforeMethod loadObject" time="0.0">
    <skipped/>
  </testcase> <!-- @BeforeMethod loadObject -->
  <testcase classname="com.glendale.base.BaseClass" name="@AfterMethod CloseBrowser" time="0.0">
    <skipped/>
  </testcase> <!-- @AfterMethod CloseBrowser -->
  <testcase classname="com.glendale.base.BaseClass" name="@BeforeMethod openBrowser" time="0.0">
    <skipped/>
  </testcase> <!-- @BeforeMethod openBrowser -->
  <testcase classname="com.glendale.test.swords.LetterOpenerSwords_Test" name="@BeforeMethod loadObject" time="0.0">
    <skipped/>
  </testcase> <!-- @BeforeMethod loadObject -->
  <testcase classname="com.glendale.base.BaseClass" name="@AfterMethod CloseBrowser" time="0.0">
    <skipped/>
  </testcase> <!-- @AfterMethod CloseBrowser -->
  <testcase classname="com.glendale.base.BaseClass" name="@BeforeMethod openBrowser" time="0.0">
    <skipped/>
  </testcase> <!-- @BeforeMethod openBrowser -->
  <testcase classname="com.glendale.test.swords.LetterOpenerSwords_Test" name="@BeforeMethod loadObject" time="0.0">
    <skipped/>
  </testcase> <!-- @BeforeMethod loadObject -->
  <testcase classname="com.glendale.base.BaseClass" name="@AfterMethod CloseBrowser" time="0.0">
    <skipped/>
  </testcase> <!-- @AfterMethod CloseBrowser -->
  <testcase classname="com.glendale.base.BaseClass" name="@BeforeMethod openBrowser" time="0.0">
    <skipped/>
  </testcase> <!-- @BeforeMethod openBrowser -->
  <testcase classname="com.glendale.test.swords.LetterOpenerSwords_Test" name="@BeforeMethod loadObject" time="0.0">
    <skipped/>
  </testcase> <!-- @BeforeMethod loadObject -->
  <testcase classname="com.glendale.base.BaseClass" name="@AfterMethod CloseBrowser" time="0.0">
    <skipped/>
  </testcase> <!-- @AfterMethod CloseBrowser -->
  <testcase classname="com.glendale.base.BaseClass" name="@BeforeMethod openBrowser" time="0.0">
    <skipped/>
  </testcase> <!-- @BeforeMethod openBrowser -->
  <testcase classname="com.glendale.test.swords.LetterOpenerSwords_Test" name="@BeforeMethod loadObject" time="0.0">
    <skipped/>
  </testcase> <!-- @BeforeMethod loadObject -->
  <testcase classname="com.glendale.base.BaseClass" name="@AfterMethod CloseBrowser" time="0.0">
    <skipped/>
  </testcase> <!-- @AfterMethod CloseBrowser -->
  <testcase classname="com.glendale.base.BaseClass" name="@BeforeMethod openBrowser" time="0.0">
    <skipped/>
  </testcase> <!-- @BeforeMethod openBrowser -->
  <testcase classname="com.glendale.test.swords.LetterOpenerSwords_Test" name="@BeforeMethod loadObject" time="0.0">
    <skipped/>
  </testcase> <!-- @BeforeMethod loadObject -->
  <testcase classname="com.glendale.base.BaseClass" name="@AfterMethod CloseBrowser" time="0.0">
    <skipped/>
  </testcase> <!-- @AfterMethod CloseBrowser -->
  <testcase classname="com.glendale.base.BaseClass" name="@BeforeMethod openBrowser" time="0.0">
    <skipped/>
  </testcase> <!-- @BeforeMethod openBrowser -->
  <testcase classname="com.glendale.test.swords.LetterOpenerSwords_Test" name="@BeforeMethod loadObject" time="0.0">
    <skipped/>
  </testcase> <!-- @BeforeMethod loadObject -->
  <testcase classname="com.glendale.base.BaseClass" name="@AfterMethod CloseBrowser" time="0.0">
    <skipped/>
  </testcase> <!-- @AfterMethod CloseBrowser -->
  <testcase classname="com.glendale.base.BaseClass" name="@BeforeMethod openBrowser" time="2.783">
    <failure type="org.openqa.selenium.WebDriverException" message="unknown error: net::ERR_NAME_NOT_RESOLVED
  (Session info: chrome=127.0.6533.100)
Build info: version: &amp;apos;4.11.0&amp;apos;, revision: &amp;apos;040bc5406b&amp;apos;
System info: os.name: &amp;apos;Windows 10&amp;apos;, os.arch: &amp;apos;amd64&amp;apos;, os.version: &amp;apos;10.0&amp;apos;, java.version: &amp;apos;17.0.8&amp;apos;
Driver info: org.openqa.selenium.chrome.ChromeDriver
Command: [5c6626cfac8d9d3acfaef96dd6f2cb15, get {url=https://www.glendale.com/}]
Capabilities {acceptInsecureCerts: false, browserName: chrome, browserVersion: 127.0.6533.100, chrome: {chromedriverVersion: 127.0.6533.99 (f31af5097d90..., userDataDir: C:\Users\pawan\AppData\Loca...}, fedcm:accounts: true, goog:chromeOptions: {debuggerAddress: localhost:54028}, networkConnectionEnabled: false, pageLoadStrategy: normal, platformName: windows, proxy: Proxy(), se:cdp: ws://localhost:54028/devtoo..., se:cdpVersion: 127.0.6533.100, setWindowRect: true, strictFileInteractability: false, timeouts: {implicit: 0, pageLoad: 300000, script: 30000}, unhandledPromptBehavior: dismiss and notify, webauthn:extension:credBlob: true, webauthn:extension:largeBlob: true, webauthn:extension:minPinLength: true, webauthn:extension:prf: true, webauthn:virtualAuthenticators: true}
Session ID: 5c6626cfac8d9d3acfaef96dd6f2cb15">
      <![CDATA[org.openqa.selenium.WebDriverException: unknown error: net::ERR_NAME_NOT_RESOLVED
  (Session info: chrome=127.0.6533.100)
Build info: version: '4.11.0', revision: '040bc5406b'
System info: os.name: 'Windows 10', os.arch: 'amd64', os.version: '10.0', java.version: '17.0.8'
Driver info: org.openqa.selenium.chrome.ChromeDriver
Command: [5c6626cfac8d9d3acfaef96dd6f2cb15, get {url=https://www.glendale.com/}]
Capabilities {acceptInsecureCerts: false, browserName: chrome, browserVersion: 127.0.6533.100, chrome: {chromedriverVersion: 127.0.6533.99 (f31af5097d90..., userDataDir: C:\Users\pawan\AppData\Loca...}, fedcm:accounts: true, goog:chromeOptions: {debuggerAddress: localhost:54028}, networkConnectionEnabled: false, pageLoadStrategy: normal, platformName: windows, proxy: Proxy(), se:cdp: ws://localhost:54028/devtoo..., se:cdpVersion: 127.0.6533.100, setWindowRect: true, strictFileInteractability: false, timeouts: {implicit: 0, pageLoad: 300000, script: 30000}, unhandledPromptBehavior: dismiss and notify, webauthn:extension:credBlob: true, webauthn:extension:largeBlob: true, webauthn:extension:minPinLength: true, webauthn:extension:prf: true, webauthn:virtualAuthenticators: true}
Session ID: 5c6626cfac8d9d3acfaef96dd6f2cb15
at org.openqa.selenium.remote.codec.w3c.W3CHttpResponseCodec.createException(W3CHttpResponseCodec.java:200)
at org.openqa.selenium.remote.codec.w3c.W3CHttpResponseCodec.decode(W3CHttpResponseCodec.java:133)
at org.openqa.selenium.remote.codec.w3c.W3CHttpResponseCodec.decode(W3CHttpResponseCodec.java:52)
at org.openqa.selenium.remote.HttpCommandExecutor.execute(HttpCommandExecutor.java:191)
at org.openqa.selenium.remote.service.DriverCommandExecutor.invokeExecute(DriverCommandExecutor.java:196)
at org.openqa.selenium.remote.service.DriverCommandExecutor.execute(DriverCommandExecutor.java:171)
at org.openqa.selenium.remote.RemoteWebDriver.execute(RemoteWebDriver.java:518)
at org.openqa.selenium.remote.RemoteWebDriver.get(RemoteWebDriver.java:300)
at com.glendale.base.BaseClass.openBrowser(BaseClass.java:18)
at java.base/java.util.ArrayList.forEach(ArrayList.java:1511)
... Removed 35 stack frames]]>
    </failure>
  </testcase> <!-- @BeforeMethod openBrowser -->
  <testcase classname="com.glendale.test.millitary.Army_Test" name="@BeforeMethod loadObject" time="0.0">
    <skipped/>
  </testcase> <!-- @BeforeMethod loadObject -->
  <testcase classname="com.glendale.base.BaseClass" name="@AfterMethod CloseBrowser" time="0.0">
    <skipped/>
  </testcase> <!-- @AfterMethod CloseBrowser -->
  <testcase classname="com.glendale.base.BaseClass" name="@BeforeMethod openBrowser" time="0.0">
    <skipped/>
  </testcase> <!-- @BeforeMethod openBrowser -->
  <testcase classname="com.glendale.test.millitary.Army_Test" name="@BeforeMethod loadObject" time="0.0">
    <skipped/>
  </testcase> <!-- @BeforeMethod loadObject -->
  <testcase classname="com.glendale.base.BaseClass" name="@AfterMethod CloseBrowser" time="0.0">
    <skipped/>
  </testcase> <!-- @AfterMethod CloseBrowser -->
  <testcase classname="com.glendale.base.BaseClass" name="@BeforeMethod openBrowser" time="0.0">
    <skipped/>
  </testcase> <!-- @BeforeMethod openBrowser -->
  <testcase classname="com.glendale.test.millitary.Army_Test" name="@BeforeMethod loadObject" time="0.0">
    <skipped/>
  </testcase> <!-- @BeforeMethod loadObject -->
  <testcase classname="com.glendale.base.BaseClass" name="@AfterMethod CloseBrowser" time="0.0">
    <skipped/>
  </testcase> <!-- @AfterMethod CloseBrowser -->
  <testcase classname="com.glendale.base.BaseClass" name="@BeforeMethod openBrowser" time="0.0">
    <skipped/>
  </testcase> <!-- @BeforeMethod openBrowser -->
  <testcase classname="com.glendale.test.millitary.Army_Test" name="@BeforeMethod loadObject" time="0.0">
    <skipped/>
  </testcase> <!-- @BeforeMethod loadObject -->
  <testcase classname="com.glendale.base.BaseClass" name="@AfterMethod CloseBrowser" time="0.0">
    <skipped/>
  </testcase> <!-- @AfterMethod CloseBrowser -->
  <testcase classname="com.glendale.base.BaseClass" name="@BeforeMethod openBrowser" time="0.0">
    <skipped/>
  </testcase> <!-- @BeforeMethod openBrowser -->
  <testcase classname="com.glendale.test.millitary.Army_Test" name="@BeforeMethod loadObject" time="0.0">
    <skipped/>
  </testcase> <!-- @BeforeMethod loadObject -->
  <testcase classname="com.glendale.base.BaseClass" name="@AfterMethod CloseBrowser" time="0.0">
    <skipped/>
  </testcase> <!-- @AfterMethod CloseBrowser -->
  <testcase classname="com.glendale.base.BaseClass" name="@BeforeMethod openBrowser" time="0.0">
    <skipped/>
  </testcase> <!-- @BeforeMethod openBrowser -->
  <testcase classname="com.glendale.test.millitary.Army_Test" name="@BeforeMethod loadObject" time="0.0">
    <skipped/>
  </testcase> <!-- @BeforeMethod loadObject -->
  <testcase classname="com.glendale.base.BaseClass" name="@AfterMethod CloseBrowser" time="0.0">
    <skipped/>
  </testcase> <!-- @AfterMethod CloseBrowser -->
  <testcase classname="com.glendale.base.BaseClass" name="@BeforeMethod openBrowser" time="0.0">
    <skipped/>
  </testcase> <!-- @BeforeMethod openBrowser -->
  <testcase classname="com.glendale.test.millitary.Army_Test" name="@BeforeMethod loadObject" time="0.0">
    <skipped/>
  </testcase> <!-- @BeforeMethod loadObject -->
  <testcase classname="com.glendale.base.BaseClass" name="@AfterMethod CloseBrowser" time="0.0">
    <skipped/>
  </testcase> <!-- @AfterMethod CloseBrowser -->
  <testcase classname="com.glendale.base.BaseClass" name="@BeforeMethod openBrowser" time="0.0">
    <skipped/>
  </testcase> <!-- @BeforeMethod openBrowser -->
  <testcase classname="com.glendale.test.millitary.Army_Test" name="@BeforeMethod loadObject" time="0.0">
    <skipped/>
  </testcase> <!-- @BeforeMethod loadObject -->
  <testcase classname="com.glendale.base.BaseClass" name="@AfterMethod CloseBrowser" time="0.0">
    <skipped/>
  </testcase> <!-- @AfterMethod CloseBrowser -->
  <testcase classname="com.glendale.base.BaseClass" name="@BeforeMethod openBrowser" time="0.0">
    <skipped/>
  </testcase> <!-- @BeforeMethod openBrowser -->
  <testcase classname="com.glendale.test.millitary.Army_Test" name="@BeforeMethod loadObject" time="0.0">
    <skipped/>
  </testcase> <!-- @BeforeMethod loadObject -->
  <testcase classname="com.glendale.base.BaseClass" name="@AfterMethod CloseBrowser" time="0.0">
    <skipped/>
  </testcase> <!-- @AfterMethod CloseBrowser -->
  <testcase classname="com.glendale.base.BaseClass" name="@BeforeMethod openBrowser" time="0.0">
    <skipped/>
  </testcase> <!-- @BeforeMethod openBrowser -->
  <testcase classname="com.glendale.test.millitary.Army_Test" name="@BeforeMethod loadObject" time="0.0">
    <skipped/>
  </testcase> <!-- @BeforeMethod loadObject -->
  <testcase classname="com.glendale.base.BaseClass" name="@AfterMethod CloseBrowser" time="0.0">
    <skipped/>
  </testcase> <!-- @AfterMethod CloseBrowser -->
  <testcase classname="com.glendale.base.BaseClass" name="@BeforeMethod openBrowser" time="2.778">
    <failure type="org.openqa.selenium.WebDriverException" message="unknown error: net::ERR_NAME_NOT_RESOLVED
  (Session info: chrome=127.0.6533.100)
Build info: version: &amp;apos;4.11.0&amp;apos;, revision: &amp;apos;040bc5406b&amp;apos;
System info: os.name: &amp;apos;Windows 10&amp;apos;, os.arch: &amp;apos;amd64&amp;apos;, os.version: &amp;apos;10.0&amp;apos;, java.version: &amp;apos;17.0.8&amp;apos;
Driver info: org.openqa.selenium.chrome.ChromeDriver
Command: [e93e58472ced045fdd997d477ae3702d, get {url=https://www.glendale.com/}]
Capabilities {acceptInsecureCerts: false, browserName: chrome, browserVersion: 127.0.6533.100, chrome: {chromedriverVersion: 127.0.6533.99 (f31af5097d90..., userDataDir: C:\Users\pawan\AppData\Loca...}, fedcm:accounts: true, goog:chromeOptions: {debuggerAddress: localhost:54042}, networkConnectionEnabled: false, pageLoadStrategy: normal, platformName: windows, proxy: Proxy(), se:cdp: ws://localhost:54042/devtoo..., se:cdpVersion: 127.0.6533.100, setWindowRect: true, strictFileInteractability: false, timeouts: {implicit: 0, pageLoad: 300000, script: 30000}, unhandledPromptBehavior: dismiss and notify, webauthn:extension:credBlob: true, webauthn:extension:largeBlob: true, webauthn:extension:minPinLength: true, webauthn:extension:prf: true, webauthn:virtualAuthenticators: true}
Session ID: e93e58472ced045fdd997d477ae3702d">
      <![CDATA[org.openqa.selenium.WebDriverException: unknown error: net::ERR_NAME_NOT_RESOLVED
  (Session info: chrome=127.0.6533.100)
Build info: version: '4.11.0', revision: '040bc5406b'
System info: os.name: 'Windows 10', os.arch: 'amd64', os.version: '10.0', java.version: '17.0.8'
Driver info: org.openqa.selenium.chrome.ChromeDriver
Command: [e93e58472ced045fdd997d477ae3702d, get {url=https://www.glendale.com/}]
Capabilities {acceptInsecureCerts: false, browserName: chrome, browserVersion: 127.0.6533.100, chrome: {chromedriverVersion: 127.0.6533.99 (f31af5097d90..., userDataDir: C:\Users\pawan\AppData\Loca...}, fedcm:accounts: true, goog:chromeOptions: {debuggerAddress: localhost:54042}, networkConnectionEnabled: false, pageLoadStrategy: normal, platformName: windows, proxy: Proxy(), se:cdp: ws://localhost:54042/devtoo..., se:cdpVersion: 127.0.6533.100, setWindowRect: true, strictFileInteractability: false, timeouts: {implicit: 0, pageLoad: 300000, script: 30000}, unhandledPromptBehavior: dismiss and notify, webauthn:extension:credBlob: true, webauthn:extension:largeBlob: true, webauthn:extension:minPinLength: true, webauthn:extension:prf: true, webauthn:virtualAuthenticators: true}
Session ID: e93e58472ced045fdd997d477ae3702d
at org.openqa.selenium.remote.codec.w3c.W3CHttpResponseCodec.createException(W3CHttpResponseCodec.java:200)
at org.openqa.selenium.remote.codec.w3c.W3CHttpResponseCodec.decode(W3CHttpResponseCodec.java:133)
at org.openqa.selenium.remote.codec.w3c.W3CHttpResponseCodec.decode(W3CHttpResponseCodec.java:52)
at org.openqa.selenium.remote.HttpCommandExecutor.execute(HttpCommandExecutor.java:191)
at org.openqa.selenium.remote.service.DriverCommandExecutor.invokeExecute(DriverCommandExecutor.java:196)
at org.openqa.selenium.remote.service.DriverCommandExecutor.execute(DriverCommandExecutor.java:171)
at org.openqa.selenium.remote.RemoteWebDriver.execute(RemoteWebDriver.java:518)
at org.openqa.selenium.remote.RemoteWebDriver.get(RemoteWebDriver.java:300)
at com.glendale.base.BaseClass.openBrowser(BaseClass.java:18)
at java.base/java.util.ArrayList.forEach(ArrayList.java:1511)
... Removed 35 stack frames]]>
    </failure>
  </testcase> <!-- @BeforeMethod openBrowser -->
  <testcase classname="com.glendale.test.firstResponder.BadgeHoldersWallets_Test" name="@BeforeMethod loadObject" time="0.0">
    <skipped/>
  </testcase> <!-- @BeforeMethod loadObject -->
  <testcase classname="com.glendale.base.BaseClass" name="@AfterMethod CloseBrowser" time="0.0">
    <skipped/>
  </testcase> <!-- @AfterMethod CloseBrowser -->
  <testcase classname="com.glendale.base.BaseClass" name="@BeforeMethod openBrowser" time="0.0">
    <skipped/>
  </testcase> <!-- @BeforeMethod openBrowser -->
  <testcase classname="com.glendale.test.firstResponder.BadgeHoldersWallets_Test" name="@BeforeMethod loadObject" time="0.0">
    <skipped/>
  </testcase> <!-- @BeforeMethod loadObject -->
  <testcase classname="com.glendale.base.BaseClass" name="@AfterMethod CloseBrowser" time="0.0">
    <skipped/>
  </testcase> <!-- @AfterMethod CloseBrowser -->
  <testcase classname="com.glendale.base.BaseClass" name="@BeforeMethod openBrowser" time="0.0">
    <skipped/>
  </testcase> <!-- @BeforeMethod openBrowser -->
  <testcase classname="com.glendale.test.firstResponder.BadgeHoldersWallets_Test" name="@BeforeMethod loadObject" time="0.0">
    <skipped/>
  </testcase> <!-- @BeforeMethod loadObject -->
  <testcase classname="com.glendale.base.BaseClass" name="@AfterMethod CloseBrowser" time="0.0">
    <skipped/>
  </testcase> <!-- @AfterMethod CloseBrowser -->
  <testcase classname="com.glendale.base.BaseClass" name="@BeforeMethod openBrowser" time="0.0">
    <skipped/>
  </testcase> <!-- @BeforeMethod openBrowser -->
  <testcase classname="com.glendale.test.firstResponder.BadgeHoldersWallets_Test" name="@BeforeMethod loadObject" time="0.0">
    <skipped/>
  </testcase> <!-- @BeforeMethod loadObject -->
  <testcase classname="com.glendale.base.BaseClass" name="@AfterMethod CloseBrowser" time="0.0">
    <skipped/>
  </testcase> <!-- @AfterMethod CloseBrowser -->
  <testcase classname="com.glendale.base.BaseClass" name="@BeforeMethod openBrowser" time="0.0">
    <skipped/>
  </testcase> <!-- @BeforeMethod openBrowser -->
  <testcase classname="com.glendale.test.firstResponder.BadgeHoldersWallets_Test" name="@BeforeMethod loadObject" time="0.0">
    <skipped/>
  </testcase> <!-- @BeforeMethod loadObject -->
  <testcase classname="com.glendale.base.BaseClass" name="@AfterMethod CloseBrowser" time="0.0">
    <skipped/>
  </testcase> <!-- @AfterMethod CloseBrowser -->
  <testcase classname="com.glendale.base.BaseClass" name="@BeforeMethod openBrowser" time="0.0">
    <skipped/>
  </testcase> <!-- @BeforeMethod openBrowser -->
  <testcase classname="com.glendale.test.firstResponder.BadgeHoldersWallets_Test" name="@BeforeMethod loadObject" time="0.0">
    <skipped/>
  </testcase> <!-- @BeforeMethod loadObject -->
  <testcase classname="com.glendale.base.BaseClass" name="@AfterMethod CloseBrowser" time="0.0">
    <skipped/>
  </testcase> <!-- @AfterMethod CloseBrowser -->
  <testcase classname="com.glendale.base.BaseClass" name="@BeforeMethod openBrowser" time="46818.84">
    <failure type="org.openqa.selenium.remote.UnreachableBrowserException" message="Error communicating with the remote browser. It may have died.
Build info: version: &amp;apos;4.11.0&amp;apos;, revision: &amp;apos;040bc5406b&amp;apos;
System info: os.name: &amp;apos;Windows 10&amp;apos;, os.arch: &amp;apos;amd64&amp;apos;, os.version: &amp;apos;10.0&amp;apos;, java.version: &amp;apos;17.0.8&amp;apos;
Driver info: org.openqa.selenium.chrome.ChromeDriver
Command: [56c62b61422dcd7b16e6fa4b77ced156, get [url]]
Capabilities {acceptInsecureCerts: false, browserName: chrome, browserVersion: 127.0.6533.100, chrome: {chromedriverVersion: 127.0.6533.99 (f31af5097d90..., userDataDir: C:\Users\pawan\AppData\Loca...}, fedcm:accounts: true, goog:chromeOptions: {debuggerAddress: localhost:51534}, networkConnectionEnabled: false, pageLoadStrategy: normal, platformName: windows, proxy: Proxy(), se:cdp: ws://localhost:51534/devtoo..., se:cdpVersion: 127.0.6533.100, setWindowRect: true, strictFileInteractability: false, timeouts: {implicit: 0, pageLoad: 300000, script: 30000}, unhandledPromptBehavior: dismiss and notify, webauthn:extension:credBlob: true, webauthn:extension:largeBlob: true, webauthn:extension:minPinLength: true, webauthn:extension:prf: true, webauthn:virtualAuthenticators: true}
Session ID: 56c62b61422dcd7b16e6fa4b77ced156">
      <![CDATA[org.openqa.selenium.remote.UnreachableBrowserException: Error communicating with the remote browser. It may have died.
Build info: version: '4.11.0', revision: '040bc5406b'
System info: os.name: 'Windows 10', os.arch: 'amd64', os.version: '10.0', java.version: '17.0.8'
Driver info: org.openqa.selenium.chrome.ChromeDriver
Command: [56c62b61422dcd7b16e6fa4b77ced156, get [url]]
Capabilities {acceptInsecureCerts: false, browserName: chrome, browserVersion: 127.0.6533.100, chrome: {chromedriverVersion: 127.0.6533.99 (f31af5097d90..., userDataDir: C:\Users\pawan\AppData\Loca...}, fedcm:accounts: true, goog:chromeOptions: {debuggerAddress: localhost:51534}, networkConnectionEnabled: false, pageLoadStrategy: normal, platformName: windows, proxy: Proxy(), se:cdp: ws://localhost:51534/devtoo..., se:cdpVersion: 127.0.6533.100, setWindowRect: true, strictFileInteractability: false, timeouts: {implicit: 0, pageLoad: 300000, script: 30000}, unhandledPromptBehavior: dismiss and notify, webauthn:extension:credBlob: true, webauthn:extension:largeBlob: true, webauthn:extension:minPinLength: true, webauthn:extension:prf: true, webauthn:virtualAuthenticators: true}
Session ID: 56c62b61422dcd7b16e6fa4b77ced156
at org.openqa.selenium.remote.RemoteWebDriver.execute(RemoteWebDriver.java:545)
at org.openqa.selenium.remote.RemoteWebDriver.get(RemoteWebDriver.java:300)
at com.glendale.base.BaseClass.openBrowser(BaseClass.java:18)
at java.base/java.util.ArrayList.forEach(ArrayList.java:1511)
Caused by: java.lang.RuntimeException: NettyHttpHandler request execution error
at org.openqa.selenium.remote.http.netty.NettyHttpHandler.makeCall(NettyHttpHandler.java:76)
at org.openqa.selenium.remote.http.AddSeleniumUserAgent.lambda$apply$0(AddSeleniumUserAgent.java:42)
at org.openqa.selenium.remote.http.Filter.lambda$andFinally$1(Filter.java:55)
at org.openqa.selenium.remote.http.netty.NettyHttpHandler.execute(NettyHttpHandler.java:48)
at org.openqa.selenium.remote.http.netty.NettyClient.execute(NettyClient.java:96)
at org.openqa.selenium.remote.HttpCommandExecutor.execute(HttpCommandExecutor.java:188)
at org.openqa.selenium.remote.service.DriverCommandExecutor.invokeExecute(DriverCommandExecutor.java:196)
at org.openqa.selenium.remote.service.DriverCommandExecutor.execute(DriverCommandExecutor.java:171)
at org.openqa.selenium.remote.RemoteWebDriver.execute(RemoteWebDriver.java:518)
... 33 more
Caused by: java.util.concurrent.ExecutionException: java.util.concurrent.TimeoutException: Request timeout to localhost/127.0.0.1:24944 after 180000 ms
at java.base/java.util.concurrent.CompletableFuture.reportGet(CompletableFuture.java:396)
at java.base/java.util.concurrent.CompletableFuture.get(CompletableFuture.java:2096)
at org.asynchttpclient.netty.NettyResponseFuture.get(NettyResponseFuture.java:206)
at org.openqa.selenium.remote.http.netty.NettyHttpHandler.makeCall(NettyHttpHandler.java:59)
... 41 more
Caused by: java.util.concurrent.TimeoutException: Request timeout to localhost/127.0.0.1:24944 after 180000 ms
at org.asynchttpclient.netty.timeout.TimeoutTimerTask.expire(TimeoutTimerTask.java:43)
at org.asynchttpclient.netty.timeout.RequestTimeoutTimerTask.run(RequestTimeoutTimerTask.java:50)
at io.netty.util.HashedWheelTimer$HashedWheelTimeout.run(HashedWheelTimer.java:715)
at io.netty.util.concurrent.ImmediateExecutor.execute(ImmediateExecutor.java:34)
at io.netty.util.HashedWheelTimer$HashedWheelTimeout.expire(HashedWheelTimer.java:703)
at io.netty.util.HashedWheelTimer$HashedWheelBucket.expireTimeouts(HashedWheelTimer.java:790)
at io.netty.util.HashedWheelTimer$Worker.run(HashedWheelTimer.java:503)
at io.netty.util.concurrent.FastThreadLocalRunnable.run(FastThreadLocalRunnable.java:30)
at java.base/java.lang.Thread.run(Thread.java:833)
... Removed 30 stack frames]]>
    </failure>
  </testcase> <!-- @BeforeMethod openBrowser -->
  <testcase classname="com.glendale.test.uniforms.ShoulderCords_Test" name="@BeforeMethod loadObject" time="0.0">
    <skipped/>
  </testcase> <!-- @BeforeMethod loadObject -->
  <testcase classname="com.glendale.base.BaseClass" name="@AfterMethod CloseBrowser" time="0.0">
    <skipped/>
  </testcase> <!-- @AfterMethod CloseBrowser -->
  <testcase classname="com.glendale.base.BaseClass" name="@BeforeMethod openBrowser" time="2.633">
    <failure type="org.openqa.selenium.remote.NoSuchDriverException" message="Unable to obtain: Capabilities {browserName: chrome, goog:chromeOptions: {args: [--remote-allow-origins=*], extensions: []}}, error Command failed with code: 65, executed: [C:\Users\pawan\AppData\Local\Temp\selenium-manager34053996843370011175534301797113406\selenium-manager.exe, --browser, chrome, --output, json]
error sending request for url (https://googlechromelabs.github.io/chrome-for-testing/known-good-versions-with-downloads.json): error trying to connect: dns error: No such host is known. (os error 11001)
Build info: version: &amp;apos;4.11.0&amp;apos;, revision: &amp;apos;040bc5406b&amp;apos;
System info: os.name: &amp;apos;Windows 10&amp;apos;, os.arch: &amp;apos;amd64&amp;apos;, os.version: &amp;apos;10.0&amp;apos;, java.version: &amp;apos;17.0.8&amp;apos;
Driver info: driver.version: ChromeDriver">
      <![CDATA[org.openqa.selenium.remote.NoSuchDriverException: Unable to obtain: Capabilities {browserName: chrome, goog:chromeOptions: {args: [--remote-allow-origins=*], extensions: []}}, error Command failed with code: 65, executed: [C:\Users\pawan\AppData\Local\Temp\selenium-manager34053996843370011175534301797113406\selenium-manager.exe, --browser, chrome, --output, json]
error sending request for url (https://googlechromelabs.github.io/chrome-for-testing/known-good-versions-with-downloads.json): error trying to connect: dns error: No such host is known. (os error 11001)
Build info: version: '4.11.0', revision: '040bc5406b'
System info: os.name: 'Windows 10', os.arch: 'amd64', os.version: '10.0', java.version: '17.0.8'
Driver info: driver.version: ChromeDriver
at org.openqa.selenium.remote.service.DriverFinder.getPath(DriverFinder.java:25)
at org.openqa.selenium.remote.service.DriverFinder.getPath(DriverFinder.java:13)
at org.openqa.selenium.chrome.ChromeDriver.generateExecutor(ChromeDriver.java:99)
at org.openqa.selenium.chrome.ChromeDriver.<init>(ChromeDriver.java:88)
at org.openqa.selenium.chrome.ChromeDriver.<init>(ChromeDriver.java:83)
at org.openqa.selenium.chrome.ChromeDriver.<init>(ChromeDriver.java:51)
at com.glendale.base.BaseClass.openBrowser(BaseClass.java:16)
at java.base/java.util.ArrayList.forEach(ArrayList.java:1511)
Caused by: org.openqa.selenium.WebDriverException: Command failed with code: 65, executed: [C:\Users\pawan\AppData\Local\Temp\selenium-manager34053996843370011175534301797113406\selenium-manager.exe, --browser, chrome, --output, json]
error sending request for url (https://googlechromelabs.github.io/chrome-for-testing/known-good-versions-with-downloads.json): error trying to connect: dns error: No such host is known. (os error 11001)
Build info: version: '4.11.0', revision: '040bc5406b'
System info: os.name: 'Windows 10', os.arch: 'amd64', os.version: '10.0', java.version: '17.0.8'
Driver info: driver.version: ChromeDriver
at org.openqa.selenium.manager.SeleniumManager.runCommand(SeleniumManager.java:151)
at org.openqa.selenium.manager.SeleniumManager.getDriverPath(SeleniumManager.java:273)
at org.openqa.selenium.remote.service.DriverFinder.getPath(DriverFinder.java:22)
... 37 more
... Removed 30 stack frames]]>
    </failure>
  </testcase> <!-- @BeforeMethod openBrowser -->
  <testcase classname="com.glendale.test.uniforms.AchievementMedals_Test" name="@BeforeMethod loadObject" time="0.0">
    <skipped/>
  </testcase> <!-- @BeforeMethod loadObject -->
  <testcase classname="com.glendale.base.BaseClass" name="@AfterMethod CloseBrowser" time="0.0">
    <skipped/>
  </testcase> <!-- @AfterMethod CloseBrowser -->
  <testcase classname="com.glendale.base.BaseClass" name="@BeforeMethod openBrowser" time="0.0">
    <skipped/>
  </testcase> <!-- @BeforeMethod openBrowser -->
  <testcase classname="com.glendale.test.uniforms.AchievementMedals_Test" name="@BeforeMethod loadObject" time="0.0">
    <skipped/>
  </testcase> <!-- @BeforeMethod loadObject -->
  <testcase classname="com.glendale.base.BaseClass" name="@AfterMethod CloseBrowser" time="0.0">
    <skipped/>
  </testcase> <!-- @AfterMethod CloseBrowser -->
  <testcase classname="com.glendale.base.BaseClass" name="@BeforeMethod openBrowser" time="0.0">
    <skipped/>
  </testcase> <!-- @BeforeMethod openBrowser -->
  <testcase classname="com.glendale.test.uniforms.AchievementMedals_Test" name="@BeforeMethod loadObject" time="0.0">
    <skipped/>
  </testcase> <!-- @BeforeMethod loadObject -->
  <testcase classname="com.glendale.base.BaseClass" name="@AfterMethod CloseBrowser" time="0.0">
    <skipped/>
  </testcase> <!-- @AfterMethod CloseBrowser -->
  <testcase classname="com.glendale.base.BaseClass" name="@BeforeMethod openBrowser" time="0.0">
    <skipped/>
  </testcase> <!-- @BeforeMethod openBrowser -->
  <testcase classname="com.glendale.test.uniforms.AchievementMedals_Test" name="@BeforeMethod loadObject" time="0.0">
    <skipped/>
  </testcase> <!-- @BeforeMethod loadObject -->
  <testcase classname="com.glendale.base.BaseClass" name="@AfterMethod CloseBrowser" time="0.0">
    <skipped/>
  </testcase> <!-- @AfterMethod CloseBrowser -->
  <testcase classname="com.glendale.base.BaseClass" name="@BeforeMethod openBrowser" time="0.0">
    <skipped/>
  </testcase> <!-- @BeforeMethod openBrowser -->
  <testcase classname="com.glendale.test.uniforms.AchievementMedals_Test" name="@BeforeMethod loadObject" time="0.0">
    <skipped/>
  </testcase> <!-- @BeforeMethod loadObject -->
  <testcase classname="com.glendale.base.BaseClass" name="@AfterMethod CloseBrowser" time="0.0">
    <skipped/>
  </testcase> <!-- @AfterMethod CloseBrowser -->
  <testcase classname="com.glendale.base.BaseClass" name="@BeforeMethod openBrowser" time="0.0">
    <skipped/>
  </testcase> <!-- @BeforeMethod openBrowser -->
  <testcase classname="com.glendale.test.uniforms.AchievementMedals_Test" name="@BeforeMethod loadObject" time="0.0">
    <skipped/>
  </testcase> <!-- @BeforeMethod loadObject -->
  <testcase classname="com.glendale.base.BaseClass" name="@AfterMethod CloseBrowser" time="0.0">
    <skipped/>
  </testcase> <!-- @AfterMethod CloseBrowser -->
  <testcase classname="com.glendale.base.BaseClass" name="@BeforeMethod openBrowser" time="0.0">
    <skipped/>
  </testcase> <!-- @BeforeMethod openBrowser -->
  <testcase classname="com.glendale.test.uniforms.AchievementMedals_Test" name="@BeforeMethod loadObject" time="0.0">
    <skipped/>
  </testcase> <!-- @BeforeMethod loadObject -->
  <testcase classname="com.glendale.base.BaseClass" name="@AfterMethod CloseBrowser" time="0.0">
    <skipped/>
  </testcase> <!-- @AfterMethod CloseBrowser -->
  <testcase classname="com.glendale.base.BaseClass" name="@BeforeMethod openBrowser" time="0.0">
    <skipped/>
  </testcase> <!-- @BeforeMethod openBrowser -->
  <testcase classname="com.glendale.test.uniforms.AchievementMedals_Test" name="@BeforeMethod loadObject" time="0.0">
    <skipped/>
  </testcase> <!-- @BeforeMethod loadObject -->
  <testcase classname="com.glendale.base.BaseClass" name="@AfterMethod CloseBrowser" time="0.0">
    <skipped/>
  </testcase> <!-- @AfterMethod CloseBrowser -->
  <testcase classname="com.glendale.base.BaseClass" name="@BeforeMethod openBrowser" time="0.0">
    <skipped/>
  </testcase> <!-- @BeforeMethod openBrowser -->
  <testcase classname="com.glendale.test.uniforms.AchievementMedals_Test" name="@BeforeMethod loadObject" time="0.0">
    <skipped/>
  </testcase> <!-- @BeforeMethod loadObject -->
  <testcase classname="com.glendale.base.BaseClass" name="@AfterMethod CloseBrowser" time="0.0">
    <skipped/>
  </testcase> <!-- @AfterMethod CloseBrowser -->
  <testcase classname="com.glendale.base.BaseClass" name="@BeforeMethod openBrowser" time="0.365">
    <failure type="org.openqa.selenium.remote.NoSuchDriverException" message="Unable to obtain: Capabilities {browserName: chrome, goog:chromeOptions: {args: [--remote-allow-origins=*], extensions: []}}, error Command failed with code: 65, executed: [C:\Users\pawan\AppData\Local\Temp\selenium-manager34053996843370011175534301797113406\selenium-manager.exe, --browser, chrome, --output, json]
error sending request for url (https://googlechromelabs.github.io/chrome-for-testing/known-good-versions-with-downloads.json): error trying to connect: dns error: No such host is known. (os error 11001)
Build info: version: &amp;apos;4.11.0&amp;apos;, revision: &amp;apos;040bc5406b&amp;apos;
System info: os.name: &amp;apos;Windows 10&amp;apos;, os.arch: &amp;apos;amd64&amp;apos;, os.version: &amp;apos;10.0&amp;apos;, java.version: &amp;apos;17.0.8&amp;apos;
Driver info: driver.version: ChromeDriver">
      <![CDATA[org.openqa.selenium.remote.NoSuchDriverException: Unable to obtain: Capabilities {browserName: chrome, goog:chromeOptions: {args: [--remote-allow-origins=*], extensions: []}}, error Command failed with code: 65, executed: [C:\Users\pawan\AppData\Local\Temp\selenium-manager34053996843370011175534301797113406\selenium-manager.exe, --browser, chrome, --output, json]
error sending request for url (https://googlechromelabs.github.io/chrome-for-testing/known-good-versions-with-downloads.json): error trying to connect: dns error: No such host is known. (os error 11001)
Build info: version: '4.11.0', revision: '040bc5406b'
System info: os.name: 'Windows 10', os.arch: 'amd64', os.version: '10.0', java.version: '17.0.8'
Driver info: driver.version: ChromeDriver
at org.openqa.selenium.remote.service.DriverFinder.getPath(DriverFinder.java:25)
at org.openqa.selenium.remote.service.DriverFinder.getPath(DriverFinder.java:13)
at org.openqa.selenium.chrome.ChromeDriver.generateExecutor(ChromeDriver.java:99)
at org.openqa.selenium.chrome.ChromeDriver.<init>(ChromeDriver.java:88)
at org.openqa.selenium.chrome.ChromeDriver.<init>(ChromeDriver.java:83)
at org.openqa.selenium.chrome.ChromeDriver.<init>(ChromeDriver.java:51)
at com.glendale.base.BaseClass.openBrowser(BaseClass.java:16)
at java.base/java.util.ArrayList.forEach(ArrayList.java:1511)
Caused by: org.openqa.selenium.WebDriverException: Command failed with code: 65, executed: [C:\Users\pawan\AppData\Local\Temp\selenium-manager34053996843370011175534301797113406\selenium-manager.exe, --browser, chrome, --output, json]
error sending request for url (https://googlechromelabs.github.io/chrome-for-testing/known-good-versions-with-downloads.json): error trying to connect: dns error: No such host is known. (os error 11001)
Build info: version: '4.11.0', revision: '040bc5406b'
System info: os.name: 'Windows 10', os.arch: 'amd64', os.version: '10.0', java.version: '17.0.8'
Driver info: driver.version: ChromeDriver
at org.openqa.selenium.manager.SeleniumManager.runCommand(SeleniumManager.java:151)
at org.openqa.selenium.manager.SeleniumManager.getDriverPath(SeleniumManager.java:273)
at org.openqa.selenium.remote.service.DriverFinder.getPath(DriverFinder.java:22)
... 37 more
... Removed 30 stack frames]]>
    </failure>
  </testcase> <!-- @BeforeMethod openBrowser -->
  <testcase classname="com.glendale.test.uniforms.Socks_Test" name="@BeforeMethod loadObject" time="0.0">
    <skipped/>
  </testcase> <!-- @BeforeMethod loadObject -->
  <testcase classname="com.glendale.base.BaseClass" name="@AfterMethod CloseBrowser" time="0.0">
    <skipped/>
  </testcase> <!-- @AfterMethod CloseBrowser -->
  <testcase classname="com.glendale.base.BaseClass" name="@BeforeMethod openBrowser" time="0.0">
    <skipped/>
  </testcase> <!-- @BeforeMethod openBrowser -->
  <testcase classname="com.glendale.test.uniforms.Socks_Test" name="@BeforeMethod loadObject" time="0.0">
    <skipped/>
  </testcase> <!-- @BeforeMethod loadObject -->
  <testcase classname="com.glendale.base.BaseClass" name="@AfterMethod CloseBrowser" time="0.0">
    <skipped/>
  </testcase> <!-- @AfterMethod CloseBrowser -->
  <testcase classname="com.glendale.base.BaseClass" name="@BeforeMethod openBrowser" time="0.0">
    <skipped/>
  </testcase> <!-- @BeforeMethod openBrowser -->
  <testcase classname="com.glendale.test.uniforms.Socks_Test" name="@BeforeMethod loadObject" time="0.0">
    <skipped/>
  </testcase> <!-- @BeforeMethod loadObject -->
  <testcase classname="com.glendale.base.BaseClass" name="@AfterMethod CloseBrowser" time="0.0">
    <skipped/>
  </testcase> <!-- @AfterMethod CloseBrowser -->
  <testcase classname="com.glendale.base.BaseClass" name="@BeforeMethod openBrowser" time="0.0">
    <skipped/>
  </testcase> <!-- @BeforeMethod openBrowser -->
  <testcase classname="com.glendale.test.uniforms.Socks_Test" name="@BeforeMethod loadObject" time="0.0">
    <skipped/>
  </testcase> <!-- @BeforeMethod loadObject -->
  <testcase classname="com.glendale.base.BaseClass" name="@AfterMethod CloseBrowser" time="0.0">
    <skipped/>
  </testcase> <!-- @AfterMethod CloseBrowser -->
  <testcase classname="com.glendale.base.BaseClass" name="@BeforeMethod openBrowser" time="0.0">
    <skipped/>
  </testcase> <!-- @BeforeMethod openBrowser -->
  <testcase classname="com.glendale.test.uniforms.Socks_Test" name="@BeforeMethod loadObject" time="0.0">
    <skipped/>
  </testcase> <!-- @BeforeMethod loadObject -->
  <testcase classname="com.glendale.base.BaseClass" name="@AfterMethod CloseBrowser" time="0.0">
    <skipped/>
  </testcase> <!-- @AfterMethod CloseBrowser -->
  <testcase classname="com.glendale.base.BaseClass" name="@BeforeMethod openBrowser" time="0.0">
    <skipped/>
  </testcase> <!-- @BeforeMethod openBrowser -->
  <testcase classname="com.glendale.test.uniforms.Socks_Test" name="@BeforeMethod loadObject" time="0.0">
    <skipped/>
  </testcase> <!-- @BeforeMethod loadObject -->
  <testcase classname="com.glendale.base.BaseClass" name="@AfterMethod CloseBrowser" time="0.0">
    <skipped/>
  </testcase> <!-- @AfterMethod CloseBrowser -->
  <testcase classname="com.glendale.base.BaseClass" name="@BeforeMethod openBrowser" time="0.0">
    <skipped/>
  </testcase> <!-- @BeforeMethod openBrowser -->
  <testcase classname="com.glendale.test.uniforms.Socks_Test" name="@BeforeMethod loadObject" time="0.0">
    <skipped/>
  </testcase> <!-- @BeforeMethod loadObject -->
  <testcase classname="com.glendale.base.BaseClass" name="@AfterMethod CloseBrowser" time="0.0">
    <skipped/>
  </testcase> <!-- @AfterMethod CloseBrowser -->
  <testcase classname="com.glendale.base.BaseClass" name="@BeforeMethod openBrowser" time="0.0">
    <skipped/>
  </testcase> <!-- @BeforeMethod openBrowser -->
  <testcase classname="com.glendale.test.uniforms.Socks_Test" name="@BeforeMethod loadObject" time="0.0">
    <skipped/>
  </testcase> <!-- @BeforeMethod loadObject -->
  <testcase classname="com.glendale.base.BaseClass" name="@AfterMethod CloseBrowser" time="0.0">
    <skipped/>
  </testcase> <!-- @AfterMethod CloseBrowser -->
  <testcase classname="com.glendale.base.BaseClass" name="@BeforeMethod openBrowser" time="0.0">
    <skipped/>
  </testcase> <!-- @BeforeMethod openBrowser -->
  <testcase classname="com.glendale.test.uniforms.Socks_Test" name="@BeforeMethod loadObject" time="0.0">
    <skipped/>
  </testcase> <!-- @BeforeMethod loadObject -->
  <testcase classname="com.glendale.base.BaseClass" name="@AfterMethod CloseBrowser" time="0.0">
    <skipped/>
  </testcase> <!-- @AfterMethod CloseBrowser -->
  <testcase classname="com.glendale.base.BaseClass" name="@BeforeMethod openBrowser" time="0.437">
    <failure type="org.openqa.selenium.remote.NoSuchDriverException" message="Unable to obtain: Capabilities {browserName: chrome, goog:chromeOptions: {args: [--remote-allow-origins=*], extensions: []}}, error Command failed with code: 65, executed: [C:\Users\pawan\AppData\Local\Temp\selenium-manager34053996843370011175534301797113406\selenium-manager.exe, --browser, chrome, --output, json]
error sending request for url (https://googlechromelabs.github.io/chrome-for-testing/known-good-versions-with-downloads.json): error trying to connect: dns error: No such host is known. (os error 11001)
Build info: version: &amp;apos;4.11.0&amp;apos;, revision: &amp;apos;040bc5406b&amp;apos;
System info: os.name: &amp;apos;Windows 10&amp;apos;, os.arch: &amp;apos;amd64&amp;apos;, os.version: &amp;apos;10.0&amp;apos;, java.version: &amp;apos;17.0.8&amp;apos;
Driver info: driver.version: ChromeDriver">
      <![CDATA[org.openqa.selenium.remote.NoSuchDriverException: Unable to obtain: Capabilities {browserName: chrome, goog:chromeOptions: {args: [--remote-allow-origins=*], extensions: []}}, error Command failed with code: 65, executed: [C:\Users\pawan\AppData\Local\Temp\selenium-manager34053996843370011175534301797113406\selenium-manager.exe, --browser, chrome, --output, json]
error sending request for url (https://googlechromelabs.github.io/chrome-for-testing/known-good-versions-with-downloads.json): error trying to connect: dns error: No such host is known. (os error 11001)
Build info: version: '4.11.0', revision: '040bc5406b'
System info: os.name: 'Windows 10', os.arch: 'amd64', os.version: '10.0', java.version: '17.0.8'
Driver info: driver.version: ChromeDriver
at org.openqa.selenium.remote.service.DriverFinder.getPath(DriverFinder.java:25)
at org.openqa.selenium.remote.service.DriverFinder.getPath(DriverFinder.java:13)
at org.openqa.selenium.chrome.ChromeDriver.generateExecutor(ChromeDriver.java:99)
at org.openqa.selenium.chrome.ChromeDriver.<init>(ChromeDriver.java:88)
at org.openqa.selenium.chrome.ChromeDriver.<init>(ChromeDriver.java:83)
at org.openqa.selenium.chrome.ChromeDriver.<init>(ChromeDriver.java:51)
at com.glendale.base.BaseClass.openBrowser(BaseClass.java:16)
at java.base/java.util.ArrayList.forEach(ArrayList.java:1511)
Caused by: org.openqa.selenium.WebDriverException: Command failed with code: 65, executed: [C:\Users\pawan\AppData\Local\Temp\selenium-manager34053996843370011175534301797113406\selenium-manager.exe, --browser, chrome, --output, json]
error sending request for url (https://googlechromelabs.github.io/chrome-for-testing/known-good-versions-with-downloads.json): error trying to connect: dns error: No such host is known. (os error 11001)
Build info: version: '4.11.0', revision: '040bc5406b'
System info: os.name: 'Windows 10', os.arch: 'amd64', os.version: '10.0', java.version: '17.0.8'
Driver info: driver.version: ChromeDriver
at org.openqa.selenium.manager.SeleniumManager.runCommand(SeleniumManager.java:151)
at org.openqa.selenium.manager.SeleniumManager.getDriverPath(SeleniumManager.java:273)
at org.openqa.selenium.remote.service.DriverFinder.getPath(DriverFinder.java:22)
... 37 more
... Removed 30 stack frames]]>
    </failure>
  </testcase> <!-- @BeforeMethod openBrowser -->
  <testcase classname="com.glendale.test.codets.MarineCorps_Test" name="@BeforeMethod loadObject" time="0.0">
    <skipped/>
  </testcase> <!-- @BeforeMethod loadObject -->
  <testcase classname="com.glendale.base.BaseClass" name="@AfterMethod CloseBrowser" time="0.0">
    <skipped/>
  </testcase> <!-- @AfterMethod CloseBrowser -->
  <testcase classname="com.glendale.base.BaseClass" name="@BeforeMethod openBrowser" time="0.0">
    <skipped/>
  </testcase> <!-- @BeforeMethod openBrowser -->
  <testcase classname="com.glendale.test.codets.MarineCorps_Test" name="@BeforeMethod loadObject" time="0.0">
    <skipped/>
  </testcase> <!-- @BeforeMethod loadObject -->
  <testcase classname="com.glendale.base.BaseClass" name="@AfterMethod CloseBrowser" time="0.0">
    <skipped/>
  </testcase> <!-- @AfterMethod CloseBrowser -->
  <testcase classname="com.glendale.base.BaseClass" name="@BeforeMethod openBrowser" time="0.0">
    <skipped/>
  </testcase> <!-- @BeforeMethod openBrowser -->
  <testcase classname="com.glendale.test.codets.MarineCorps_Test" name="@BeforeMethod loadObject" time="0.0">
    <skipped/>
  </testcase> <!-- @BeforeMethod loadObject -->
  <testcase classname="com.glendale.base.BaseClass" name="@AfterMethod CloseBrowser" time="0.0">
    <skipped/>
  </testcase> <!-- @AfterMethod CloseBrowser -->
  <testcase classname="com.glendale.base.BaseClass" name="@BeforeMethod openBrowser" time="0.0">
    <skipped/>
  </testcase> <!-- @BeforeMethod openBrowser -->
  <testcase classname="com.glendale.test.codets.MarineCorps_Test" name="@BeforeMethod loadObject" time="0.0">
    <skipped/>
  </testcase> <!-- @BeforeMethod loadObject -->
  <testcase classname="com.glendale.base.BaseClass" name="@AfterMethod CloseBrowser" time="0.0">
    <skipped/>
  </testcase> <!-- @AfterMethod CloseBrowser -->
  <testcase classname="com.glendale.base.BaseClass" name="@BeforeMethod openBrowser" time="0.0">
    <skipped/>
  </testcase> <!-- @BeforeMethod openBrowser -->
  <testcase classname="com.glendale.test.codets.MarineCorps_Test" name="@BeforeMethod loadObject" time="0.0">
    <skipped/>
  </testcase> <!-- @BeforeMethod loadObject -->
  <testcase classname="com.glendale.base.BaseClass" name="@AfterMethod CloseBrowser" time="0.0">
    <skipped/>
  </testcase> <!-- @AfterMethod CloseBrowser -->
  <testcase classname="com.glendale.base.BaseClass" name="@BeforeMethod openBrowser" time="0.0">
    <skipped/>
  </testcase> <!-- @BeforeMethod openBrowser -->
  <testcase classname="com.glendale.test.codets.MarineCorps_Test" name="@BeforeMethod loadObject" time="0.0">
    <skipped/>
  </testcase> <!-- @BeforeMethod loadObject -->
  <testcase classname="com.glendale.base.BaseClass" name="@AfterMethod CloseBrowser" time="0.0">
    <skipped/>
  </testcase> <!-- @AfterMethod CloseBrowser -->
  <testcase classname="com.glendale.base.BaseClass" name="@BeforeMethod openBrowser" time="0.0">
    <skipped/>
  </testcase> <!-- @BeforeMethod openBrowser -->
  <testcase classname="com.glendale.test.codets.MarineCorps_Test" name="@BeforeMethod loadObject" time="0.0">
    <skipped/>
  </testcase> <!-- @BeforeMethod loadObject -->
  <testcase classname="com.glendale.base.BaseClass" name="@AfterMethod CloseBrowser" time="0.0">
    <skipped/>
  </testcase> <!-- @AfterMethod CloseBrowser -->
  <testcase classname="com.glendale.base.BaseClass" name="@BeforeMethod openBrowser" time="0.0">
    <skipped/>
  </testcase> <!-- @BeforeMethod openBrowser -->
  <testcase classname="com.glendale.test.codets.MarineCorps_Test" name="@BeforeMethod loadObject" time="0.0">
    <skipped/>
  </testcase> <!-- @BeforeMethod loadObject -->
  <testcase classname="com.glendale.base.BaseClass" name="@AfterMethod CloseBrowser" time="0.0">
    <skipped/>
  </testcase> <!-- @AfterMethod CloseBrowser -->
  <testcase classname="com.glendale.base.BaseClass" name="@BeforeMethod openBrowser" time="0.0">
    <skipped/>
  </testcase> <!-- @BeforeMethod openBrowser -->
  <testcase classname="com.glendale.test.codets.MarineCorps_Test" name="@BeforeMethod loadObject" time="0.0">
    <skipped/>
  </testcase> <!-- @BeforeMethod loadObject -->
  <testcase classname="com.glendale.base.BaseClass" name="@AfterMethod CloseBrowser" time="0.0">
    <skipped/>
  </testcase> <!-- @AfterMethod CloseBrowser -->
  <testcase classname="com.glendale.base.BaseClass" name="@BeforeMethod openBrowser" time="0.0">
    <skipped/>
  </testcase> <!-- @BeforeMethod openBrowser -->
  <testcase classname="com.glendale.test.codets.MarineCorps_Test" name="@BeforeMethod loadObject" time="0.0">
    <skipped/>
  </testcase> <!-- @BeforeMethod loadObject -->
  <testcase classname="com.glendale.base.BaseClass" name="@AfterMethod CloseBrowser" time="0.0">
    <skipped/>
  </testcase> <!-- @AfterMethod CloseBrowser -->
  <testcase classname="com.glendale.base.BaseClass" name="@BeforeMethod openBrowser" time="0.0">
    <skipped/>
  </testcase> <!-- @BeforeMethod openBrowser -->
  <testcase classname="com.glendale.test.codets.MarineCorps_Test" name="@BeforeMethod loadObject" time="0.0">
    <skipped/>
  </testcase> <!-- @BeforeMethod loadObject -->
  <testcase classname="com.glendale.base.BaseClass" name="@AfterMethod CloseBrowser" time="0.0">
    <skipped/>
  </testcase> <!-- @AfterMethod CloseBrowser -->
  <testcase classname="com.glendale.test.codets.Navy_Test" name="verifyBannerIsPresenceAndShopNowButtonRedirection" time="7.345"/>
  <testcase classname="com.glendale.test.codets.Navy_Test" name="verifyBestSellersSectionPresence" time="4.179"/>
  <testcase classname="com.glendale.test.codets.Navy_Test" name="verifyBunleProductSectionPresenceWithProducts" time="3.389"/>
  <testcase classname="com.glendale.test.codets.Navy_Test" name="verifyCustomFlagsSectionPresenceAndRediredirection" time="6.637"/>
  <testcase classname="com.glendale.test.codets.Navy_Test" name="verifyFeaturedCollectionAccessories" time="30.446"/>
  <testcase classname="com.glendale.test.codets.Navy_Test" name="verifyFeaturedCollectionFlagsItems" time="23.111"/>
  <testcase classname="com.glendale.test.codets.Navy_Test" name="verifyFeaturedCollectionTeams" time="21.842"/>
  <testcase classname="com.glendale.test.codets.Navy_Test" name="verifyFeaturedCollectionUniformItems" time="24.442"/>
  <testcase classname="com.glendale.test.codets.Navy_Test" name="verifyFlagsSectionPresenceAndRediredirection" time="6.652"/>
  <testcase classname="com.glendale.test.codets.Navy_Test" name="verifyIconsBelowTheBestSellersIsPresenceAndNavigation" time="36.518"/>
  <testcase classname="com.glendale.test.codets.Navy_Test" name="verifyTextOnTheBanner" time="4.233"/>
  <testcase classname="com.glendale.test.uniforms.HatsAndCarriers_Test" name="testSortFunctionality" time="4.187"/>
  <testcase classname="com.glendale.test.uniforms.HatsAndCarriers_Test" name="verifyAllFltersEnable" time="2.892"/>
  <testcase classname="com.glendale.test.uniforms.HatsAndCarriers_Test" name="verifyPageTitle" time="3.005"/>
  <testcase classname="com.glendale.test.uniforms.HatsAndCarriers_Test" name="verifyPageURL" time="2.792"/>
  <testcase classname="com.glendale.test.uniforms.HatsAndCarriers_Test" name="verifyPaginationEnable" time="4.383"/>
  <testcase classname="com.glendale.test.uniforms.HatsAndCarriers_Test" name="verifyPaginationRedirection" time="12.515"/>
  <testcase classname="com.glendale.test.uniforms.HatsAndCarriers_Test" name="verifyProductButtonAddToCartAndSelectPresenceAndClickable" time="0.287"/>
  <testcase classname="com.glendale.test.uniforms.HatsAndCarriers_Test" name="verifyProductsNameAndPricePresenceAndButtonsEnable" time="3.56"/>
  <testcase classname="com.glendale.test.uniforms.GlovesAndScarves_Test" name="testSortFunctionality" time="3.809"/>
  <testcase classname="com.glendale.test.uniforms.GlovesAndScarves_Test" name="verifyAllFltersEnable" time="2.801"/>
  <testcase classname="com.glendale.test.uniforms.GlovesAndScarves_Test" name="verifyPageTitle" time="3.378"/>
  <testcase classname="com.glendale.test.uniforms.GlovesAndScarves_Test" name="verifyPageURL" time="3.057"/>
  <testcase classname="com.glendale.test.uniforms.GlovesAndScarves_Test" name="verifyPaginationEnable" time="2.851"/>
  <testcase classname="com.glendale.test.uniforms.GlovesAndScarves_Test" name="verifyPaginationRedirection" time="13.537"/>
  <testcase classname="com.glendale.test.uniforms.GlovesAndScarves_Test" name="verifyProductButtonAddToCartAndSelectPresenceAndClickable" time="0.616"/>
  <testcase classname="com.glendale.test.uniforms.GlovesAndScarves_Test" name="verifyProductsNameAndPricePresenceAndButtonsEnable" time="3.764"/>
  <testcase classname="com.glendale.test.millitary.SpaceForce_Test" name="verifyBannerIsPresenceAndShopNowButtonRedirection" time="8.137"/>
  <testcase classname="com.glendale.test.millitary.SpaceForce_Test" name="verifyBestSellersSectionPresence" time="2.648"/>
  <testcase classname="com.glendale.test.millitary.SpaceForce_Test" name="verifyBunleProductSectionPresenceWithProducts" time="2.914"/>
  <testcase classname="com.glendale.test.millitary.SpaceForce_Test" name="verifyCustomFlagsSectionPresenceAndRediredirection" time="5.862"/>
  <testcase classname="com.glendale.test.millitary.SpaceForce_Test" name="verifyFeaturedCollectionCeremonialItems" time="22.542"/>
  <testcase classname="com.glendale.test.millitary.SpaceForce_Test" name="verifyFeaturedCollectionFlagAccessories" time="22.417"/>
  <testcase classname="com.glendale.test.millitary.SpaceForce_Test" name="verifyFeaturedCollectionFlags" time="20.629"/>
  <testcase classname="com.glendale.test.millitary.SpaceForce_Test" name="verifyFeaturedCollectionUniformItems" time="21.832"/>
  <testcase classname="com.glendale.test.millitary.SpaceForce_Test" name="verifyFlagsSectionPresenceAndRediredirection" time="5.191"/>
  <testcase classname="com.glendale.test.millitary.SpaceForce_Test" name="verifyIconsBelowTheBestSellersIsPresenceAndNavigation" time="39.202"/>
  <testcase classname="com.glendale.test.millitary.SpaceForce_Test" name="verifyTextOnTheBanner" time="4.089"/>
  <testcase classname="com.glendale.test.codets.Army_Test" name="verifyBannerIsPresenceAndShopNowButtonRedirection" time="8.814"/>
  <testcase classname="com.glendale.test.codets.Army_Test" name="verifyBestSellersSectionPresence" time="3.294"/>
  <testcase classname="com.glendale.test.codets.Army_Test" name="verifyBunleProductSectionPresenceWithProducts" time="3.734"/>
  <testcase classname="com.glendale.test.codets.Army_Test" name="verifyCustomFlagsSectionPresenceAndRediredirection" time="5.929"/>
  <testcase classname="com.glendale.test.codets.Army_Test" name="verifyFeaturedCollectionAccessories" time="28.986"/>
  <testcase classname="com.glendale.test.codets.Army_Test" name="verifyFeaturedCollectionFlagsItems" time="21.952"/>
  <testcase classname="com.glendale.test.codets.Army_Test" name="verifyFeaturedCollectionTeams" time="24.5"/>
  <testcase classname="com.glendale.test.codets.Army_Test" name="verifyFeaturedCollectionUniformItems" time="26.743"/>
  <testcase classname="com.glendale.test.codets.Army_Test" name="verifyFlagsSectionPresenceAndRediredirection" time="5.566"/>
  <testcase classname="com.glendale.test.codets.Army_Test" name="verifyIconsBelowTheBestSellersIsPresenceAndNavigation" time="36.335"/>
  <testcase classname="com.glendale.test.codets.Army_Test" name="verifyTextOnTheBanner" time="3.978"/>
  <testcase classname="com.glendale.test.uniforms.Accessories_Test" name="testSortFunctionality" time="3.624"/>
  <testcase classname="com.glendale.test.uniforms.Accessories_Test" name="verifyAllFltersEnable" time="3.094"/>
  <testcase classname="com.glendale.test.uniforms.Accessories_Test" name="verifyPageTitle" time="4.431"/>
  <testcase classname="com.glendale.test.uniforms.Accessories_Test" name="verifyPageURL" time="2.708"/>
  <testcase classname="com.glendale.test.uniforms.Accessories_Test" name="verifyPaginationEnableAndRedirection" time="30.04"/>
  <testcase classname="com.glendale.test.uniforms.Accessories_Test" name="verifyProductsNameAndPricePresenceAndButtonsEnable" time="3.556"/>
  <testcase classname="com.glendale.test.uniforms.Accessories_Test" name="verifyTextPresenceAndFontSize" time="2.699"/>
  <testcase classname="com.glendale.test.codets.SpaceForce_Test" name="verifyBannerIsPresenceAndShopNowButtonRedirection" time="5.86"/>
  <testcase classname="com.glendale.test.codets.SpaceForce_Test" name="verifyBestSellersSectionPresence" time="3.432"/>
  <testcase classname="com.glendale.test.codets.SpaceForce_Test" name="verifyBunleProductSectionPresenceWithProducts" time="3.046"/>
  <testcase classname="com.glendale.test.codets.SpaceForce_Test" name="verifyCustomFlagsSectionPresenceAndRediredirection" time="6.897"/>
  <testcase classname="com.glendale.test.codets.SpaceForce_Test" name="verifyFeaturedCollectionAccessories" time="26.197"/>
  <testcase classname="com.glendale.test.codets.SpaceForce_Test" name="verifyFeaturedCollectionFlagsItems" time="22.257"/>
  <testcase classname="com.glendale.test.codets.SpaceForce_Test" name="verifyFeaturedCollectionTeams" time="23.835"/>
  <testcase classname="com.glendale.test.codets.SpaceForce_Test" name="verifyFeaturedCollectionUniformItems" time="22.395"/>
  <testcase classname="com.glendale.test.codets.SpaceForce_Test" name="verifyFlagsSectionPresenceAndRediredirection" time="5.513"/>
  <testcase classname="com.glendale.test.codets.SpaceForce_Test" name="verifyIconsBelowTheBestSellersIsPresenceAndNavigation" time="38.429"/>
  <testcase classname="com.glendale.test.codets.SpaceForce_Test" name="verifyTextOnTheBanner" time="4.61"/>
  <testcase classname="com.glendale.test.firstResponder.AllFirstResponder_Test" name="testPageLoadTime" time="3.313"/>
  <testcase classname="com.glendale.test.firstResponder.AllFirstResponder_Test" name="verifyBannerIsPresence" time="3.02"/>
  <testcase classname="com.glendale.test.firstResponder.AllFirstResponder_Test" name="verifyBundleProducts" time="3.121"/>
  <testcase classname="com.glendale.test.firstResponder.AllFirstResponder_Test" name="verifyCustomFlagsSectionPresenceAndRediredirection" time="6.097"/>
  <testcase classname="com.glendale.test.firstResponder.AllFirstResponder_Test" name="verifyDesignYourOwnBadgeSectionPresenceAndRediredirection" time="7.677"/>
  <testcase classname="com.glendale.test.firstResponder.AllFirstResponder_Test" name="verifyFeaturedCollectionAccessories" time="23.662"/>
  <testcase classname="com.glendale.test.firstResponder.AllFirstResponder_Test" name="verifyFeaturedCollectionFlagsSection" time="20.98"/>
  <testcase classname="com.glendale.test.firstResponder.AllFirstResponder_Test" name="verifyFeaturedCollectionUniformItems" time="24.043"/>
  <testcase classname="com.glendale.test.firstResponder.AllFirstResponder_Test" name="verifyIconsBelowTheBestSellersIsPresenceAndNavigation" time="37.529"/>
  <testcase classname="com.glendale.test.firstResponder.AllFirstResponder_Test" name="verifyPageTitle" time="2.999"/>
  <testcase classname="com.glendale.test.firstResponder.AllFirstResponder_Test" name="verifyPageURL" time="3.239"/>
  <testcase classname="com.glendale.test.firstResponder.AllFirstResponder_Test" name="verifyTextOnTheBanner" time="3.468"/>
  <testcase classname="com.glendale.test.replicaRifles.RifleSlings_Test" name="testPageLoadTime" time="2.938"/>
  <testcase classname="com.glendale.test.replicaRifles.RifleSlings_Test" name="testSortFunctionality" time="3.097"/>
  <testcase classname="com.glendale.test.replicaRifles.RifleSlings_Test" name="verifyAllFltersEnable" time="2.74"/>
  <testcase classname="com.glendale.test.replicaRifles.RifleSlings_Test" name="verifyPageTitle" time="2.671">
    <failure type="java.lang.AssertionError" message="Title of the page does not matched. expected [Replica Rifles - Rifle Slings - Glendale Parade Store] but found [Shop High-Quality Rifle Slings | Glendale Parade Store]">
      <![CDATA[java.lang.AssertionError: Title of the page does not matched. expected [Replica Rifles - Rifle Slings - Glendale Parade Store] but found [Shop High-Quality Rifle Slings | Glendale Parade Store]
at com.glendale.page.ReplicaRifles.RifleSlingsPage.verifyPageTitle(RifleSlingsPage.java:65)
at com.glendale.test.replicaRifles.RifleSlings_Test.verifyPageTitle(RifleSlings_Test.java:23)
at java.base/java.util.ArrayList.forEach(ArrayList.java:1511)
... Removed 32 stack frames]]>
    </failure>
  </testcase> <!-- verifyPageTitle -->
  <testcase classname="com.glendale.test.replicaRifles.RifleSlings_Test" name="verifyPageURL" time="2.694"/>
  <testcase classname="com.glendale.test.replicaRifles.RifleSlings_Test" name="verifyProductsNameAndPricePresenceAndButtonsEnable" time="3.129"/>
  <testcase classname="com.glendale.test.replicaRifles.RifleSlings_Test" name="verifyTextOnThePage" time="32.682"/>
  <testcase classname="com.glendale.test.swords.AllSwords_Test" name="testPageLoadTime" time="3.405"/>
  <testcase classname="com.glendale.test.swords.AllSwords_Test" name="testSortFunctionality" time="3.823"/>
  <testcase classname="com.glendale.test.swords.AllSwords_Test" name="verifyAllFltersEnable" time="3.759"/>
  <testcase classname="com.glendale.test.swords.AllSwords_Test" name="verifyPageTitle" time="3.896">
    <failure type="java.lang.AssertionError" message="Title of the page does not matched. expected [Swords - Glendale Parade Store] but found [Swords - Page 1 - Glendale Parade Store]">
      <![CDATA[java.lang.AssertionError: Title of the page does not matched. expected [Swords - Glendale Parade Store] but found [Swords - Page 1 - Glendale Parade Store]
at com.glendale.page.swords.AllSwordsPage.verifyPageTitle(AllSwordsPage.java:61)
at com.glendale.test.swords.AllSwords_Test.verifyPageTitle(AllSwords_Test.java:23)
at java.base/java.util.ArrayList.forEach(ArrayList.java:1511)
... Removed 32 stack frames]]>
    </failure>
  </testcase> <!-- verifyPageTitle -->
  <testcase classname="com.glendale.test.swords.AllSwords_Test" name="verifyPageURL" time="2.82"/>
  <testcase classname="com.glendale.test.swords.AllSwords_Test" name="verifyProductsNameAndPricePresenceAndButtonsEnable" time="3.611"/>
  <testcase classname="com.glendale.test.millitary.MarineCorps_Test" name="verifyBannerIsPresenceAndShopNowButtonRedirection" time="8.517"/>
  <testcase classname="com.glendale.test.millitary.MarineCorps_Test" name="verifyBestSellersSectionPresence" time="2.924"/>
  <testcase classname="com.glendale.test.millitary.MarineCorps_Test" name="verifyBunleProductSectionPresenceWithProducts" time="2.86"/>
  <testcase classname="com.glendale.test.millitary.MarineCorps_Test" name="verifyCustomFlagsSectionPresenceAndRediredirection" time="5.475"/>
  <testcase classname="com.glendale.test.millitary.MarineCorps_Test" name="verifyFeaturedCollectionCeremonialItems" time="22.669"/>
  <testcase classname="com.glendale.test.millitary.MarineCorps_Test" name="verifyFeaturedCollectionFlagAccessories" time="24.142"/>
  <testcase classname="com.glendale.test.millitary.MarineCorps_Test" name="verifyFeaturedCollectionFlags" time="22.299"/>
  <testcase classname="com.glendale.test.millitary.MarineCorps_Test" name="verifyFeaturedCollectionUniformItems" time="22.005"/>
  <testcase classname="com.glendale.test.millitary.MarineCorps_Test" name="verifyFlagsSectionPresenceAndRediredirection" time="5.527"/>
  <testcase classname="com.glendale.test.millitary.MarineCorps_Test" name="verifyIconsBelowTheBestSellersIsPresenceAndNavigation" time="36.09"/>
  <testcase classname="com.glendale.test.millitary.MarineCorps_Test" name="verifyTextOnTheBanner" time="3.874"/>
  <testcase classname="com.glendale.test.uniforms.AllUnifoms_Test" name="verifyApparelAndCustomWearSectionPresenceAndRedirection" time="6.815"/>
  <testcase classname="com.glendale.test.uniforms.AllUnifoms_Test" name="verifyBannerAndTextOnTheBannerPresence" time="3.403"/>
  <testcase classname="com.glendale.test.uniforms.AllUnifoms_Test" name="verifyBannerSizeAndFontSizeOfTheTextOnTheBanner" time="3.199"/>
  <testcase classname="com.glendale.test.uniforms.AllUnifoms_Test" name="verifyFeaturedCollectionSectionPresenceAndRedirection" time="64.328"/>
  <testcase classname="com.glendale.test.uniforms.AllUnifoms_Test" name="verifyPageTitle" time="3.624"/>
  <testcase classname="com.glendale.test.uniforms.AllUnifoms_Test" name="verifyPageURL" time="3.274"/>
  <testcase classname="com.glendale.test.uniforms.AllUnifoms_Test" name="verifySwordsAndSabersSectionPresenceAndRedirection" time="6.739">
    <failure type="java.lang.AssertionError" message="Actual and expected URL not matched. expected [https://www.glendale.com/uniforms/swords-sabers/] but found [https://www.glendale.com/swords/ceremonial-military-swords/]">
      <![CDATA[java.lang.AssertionError: Actual and expected URL not matched. expected [https://www.glendale.com/uniforms/swords-sabers/] but found [https://www.glendale.com/swords/ceremonial-military-swords/]
at com.glendale.page.Uniforms.AllUniformsPage.verifySwordsAndSabersSectionPresenceAndRedirection(AllUniformsPage.java:118)
at com.glendale.test.uniforms.AllUnifoms_Test.verifySwordsAndSabersSectionPresenceAndRedirection(AllUnifoms_Test.java:45)
at java.base/java.util.ArrayList.forEach(ArrayList.java:1511)
... Removed 32 stack frames]]>
    </failure>
  </testcase> <!-- verifySwordsAndSabersSectionPresenceAndRedirection -->
  <testcase classname="com.glendale.test.codets.AirForce_Test" name="verifyBannerIsPresenceAndShopNowButtonRedirection" time="7.624"/>
  <testcase classname="com.glendale.test.codets.AirForce_Test" name="verifyBestSellersSectionPresence" time="3.331"/>
  <testcase classname="com.glendale.test.codets.AirForce_Test" name="verifyBunleProductSectionPresenceWithProducts" time="4.123"/>
  <testcase classname="com.glendale.test.codets.AirForce_Test" name="verifyCustomFlagsSectionPresenceAndRediredirection" time="5.974"/>
  <testcase classname="com.glendale.test.codets.AirForce_Test" name="verifyFeaturedCollectionAccessories" time="26.111"/>
  <testcase classname="com.glendale.test.codets.AirForce_Test" name="verifyFeaturedCollectionFlagsItems" time="20.914"/>
  <testcase classname="com.glendale.test.codets.AirForce_Test" name="verifyFeaturedCollectionTeams" time="25.56"/>
  <testcase classname="com.glendale.test.codets.AirForce_Test" name="verifyFeaturedCollectionUniformItems" time="23.539"/>
  <testcase classname="com.glendale.test.codets.AirForce_Test" name="verifyFlagsSectionPresenceAndRediredirection" time="5.92"/>
  <testcase classname="com.glendale.test.codets.AirForce_Test" name="verifyIconsBelowTheBestSellersIsPresenceAndNavigation" time="38.676"/>
  <testcase classname="com.glendale.test.codets.AirForce_Test" name="verifyTextOnTheBanner" time="4.989"/>
  <testcase classname="com.glendale.test.uniforms.SwordsAndSabers_Test" name="testSortFunctionality" time="4.489"/>
  <testcase classname="com.glendale.test.uniforms.SwordsAndSabers_Test" name="verifyAllFltersEnable" time="3.256"/>
  <testcase classname="com.glendale.test.uniforms.SwordsAndSabers_Test" name="verifyPageTitle" time="3.823">
    <failure type="java.lang.AssertionError" message="Title of the page does not matched. expected [Uniforms - Swords &amp;amp; Sabers - Page 1 - Glendale Parade Store] but found [Ceremonial Military Swords]">
      <![CDATA[java.lang.AssertionError: Title of the page does not matched. expected [Uniforms - Swords & Sabers - Page 1 - Glendale Parade Store] but found [Ceremonial Military Swords]
at com.glendale.page.Uniforms.SwordsAndSabersPage.verifyPageTitle(SwordsAndSabersPage.java:66)
at com.glendale.test.uniforms.SwordsAndSabers_Test.verifyPageTitle(SwordsAndSabers_Test.java:18)
at java.base/java.util.ArrayList.forEach(ArrayList.java:1511)
... Removed 32 stack frames]]>
    </failure>
  </testcase> <!-- verifyPageTitle -->
  <testcase classname="com.glendale.test.uniforms.SwordsAndSabers_Test" name="verifyPageURL" time="4.997">
    <failure type="java.lang.AssertionError" message="URL of the page not matched with the expected URL expected [https://www.glendale.com/uniforms/swords-sabers/] but found [https://www.glendale.com/swords/ceremonial-military-swords/]">
      <![CDATA[java.lang.AssertionError: URL of the page not matched with the expected URL expected [https://www.glendale.com/uniforms/swords-sabers/] but found [https://www.glendale.com/swords/ceremonial-military-swords/]
at com.glendale.page.Uniforms.SwordsAndSabersPage.verifyPageURL(SwordsAndSabersPage.java:58)
at com.glendale.test.uniforms.SwordsAndSabers_Test.verifyPageURL(SwordsAndSabers_Test.java:23)
at java.base/java.util.ArrayList.forEach(ArrayList.java:1511)
... Removed 32 stack frames]]>
    </failure>
  </testcase> <!-- verifyPageURL -->
  <testcase classname="com.glendale.test.uniforms.SwordsAndSabers_Test" name="verifyPaginationEnable" time="33.56"/>
  <testcase classname="com.glendale.test.uniforms.SwordsAndSabers_Test" name="verifyPaginationRedirection" time="34.204"/>
  <testcase classname="com.glendale.test.uniforms.SwordsAndSabers_Test" name="verifyProductButtonAddToCartAndSelectPresenceAndClickable" time="0.245"/>
  <testcase classname="com.glendale.test.uniforms.SwordsAndSabers_Test" name="verifyProductsNameAndPricePresenceAndButtonsEnable" time="4.243"/>
  <testcase classname="com.glendale.test.uniforms.SwordsAndSabers_Test" name="verifyTextPresenceAndFontSize" time="33.247">
    <failure type="org.openqa.selenium.NoSuchElementException" message="no such element: Unable to locate element: {&amp;quot;method&amp;quot;:&amp;quot;xpath&amp;quot;,&amp;quot;selector&amp;quot;:&amp;quot;//div[@class=&amp;apos;category_description_only&amp;apos;]/p&amp;quot;}
  (Session info: chrome=127.0.6533.100)
For documentation on this error, please visit: https://www.selenium.dev/documentation/webdriver/troubleshooting/errors#no-such-element-exception
Build info: version: &amp;apos;4.11.0&amp;apos;, revision: &amp;apos;040bc5406b&amp;apos;
System info: os.name: &amp;apos;Windows 10&amp;apos;, os.arch: &amp;apos;amd64&amp;apos;, os.version: &amp;apos;10.0&amp;apos;, java.version: &amp;apos;17.0.8&amp;apos;
Driver info: org.openqa.selenium.chrome.ChromeDriver
Command: [aad61309ac343605c07fe279787da1cb, findElement {using=xpath, value=//div[@class=&amp;apos;category_description_only&amp;apos;]/p}]
Capabilities {acceptInsecureCerts: false, browserName: chrome, browserVersion: 127.0.6533.100, chrome: {chromedriverVersion: 127.0.6533.99 (f31af5097d90..., userDataDir: C:\Users\pawan\AppData\Loca...}, fedcm:accounts: true, goog:chromeOptions: {debuggerAddress: localhost:63205}, networkConnectionEnabled: false, pageLoadStrategy: normal, platformName: windows, proxy: Proxy(), se:cdp: ws://localhost:63205/devtoo..., se:cdpVersion: 127.0.6533.100, setWindowRect: true, strictFileInteractability: false, timeouts: {implicit: 0, pageLoad: 300000, script: 30000}, unhandledPromptBehavior: dismiss and notify, webauthn:extension:credBlob: true, webauthn:extension:largeBlob: true, webauthn:extension:minPinLength: true, webauthn:extension:prf: true, webauthn:virtualAuthenticators: true}
Session ID: aad61309ac343605c07fe279787da1cb">
      <![CDATA[org.openqa.selenium.NoSuchElementException: no such element: Unable to locate element: {"method":"xpath","selector":"//div[@class='category_description_only']/p"}
  (Session info: chrome=127.0.6533.100)
For documentation on this error, please visit: https://www.selenium.dev/documentation/webdriver/troubleshooting/errors#no-such-element-exception
Build info: version: '4.11.0', revision: '040bc5406b'
System info: os.name: 'Windows 10', os.arch: 'amd64', os.version: '10.0', java.version: '17.0.8'
Driver info: org.openqa.selenium.chrome.ChromeDriver
Command: [aad61309ac343605c07fe279787da1cb, findElement {using=xpath, value=//div[@class='category_description_only']/p}]
Capabilities {acceptInsecureCerts: false, browserName: chrome, browserVersion: 127.0.6533.100, chrome: {chromedriverVersion: 127.0.6533.99 (f31af5097d90..., userDataDir: C:\Users\pawan\AppData\Loca...}, fedcm:accounts: true, goog:chromeOptions: {debuggerAddress: localhost:63205}, networkConnectionEnabled: false, pageLoadStrategy: normal, platformName: windows, proxy: Proxy(), se:cdp: ws://localhost:63205/devtoo..., se:cdpVersion: 127.0.6533.100, setWindowRect: true, strictFileInteractability: false, timeouts: {implicit: 0, pageLoad: 300000, script: 30000}, unhandledPromptBehavior: dismiss and notify, webauthn:extension:credBlob: true, webauthn:extension:largeBlob: true, webauthn:extension:minPinLength: true, webauthn:extension:prf: true, webauthn:virtualAuthenticators: true}
Session ID: aad61309ac343605c07fe279787da1cb
at org.openqa.selenium.remote.codec.w3c.W3CHttpResponseCodec.createException(W3CHttpResponseCodec.java:200)
at org.openqa.selenium.remote.codec.w3c.W3CHttpResponseCodec.decode(W3CHttpResponseCodec.java:133)
at org.openqa.selenium.remote.codec.w3c.W3CHttpResponseCodec.decode(W3CHttpResponseCodec.java:52)
at org.openqa.selenium.remote.HttpCommandExecutor.execute(HttpCommandExecutor.java:191)
at org.openqa.selenium.remote.service.DriverCommandExecutor.invokeExecute(DriverCommandExecutor.java:196)
at org.openqa.selenium.remote.service.DriverCommandExecutor.execute(DriverCommandExecutor.java:171)
at org.openqa.selenium.remote.RemoteWebDriver.execute(RemoteWebDriver.java:518)
at org.openqa.selenium.remote.ElementLocation$ElementFinder$2.findElement(ElementLocation.java:165)
at org.openqa.selenium.remote.ElementLocation.findElement(ElementLocation.java:59)
at org.openqa.selenium.remote.RemoteWebDriver.findElement(RemoteWebDriver.java:355)
at org.openqa.selenium.remote.RemoteWebDriver.findElement(RemoteWebDriver.java:349)
at org.openqa.selenium.support.pagefactory.DefaultElementLocator.findElement(DefaultElementLocator.java:68)
at org.openqa.selenium.support.pagefactory.internal.LocatingElementHandler.invoke(LocatingElementHandler.java:38)
at jdk.proxy2/jdk.proxy2.$Proxy20.isDisplayed(Unknown Source)
at com.glendale.page.Uniforms.SwordsAndSabersPage.verifyTextPresenceAndFontSize(SwordsAndSabersPage.java:91)
at com.glendale.test.uniforms.SwordsAndSabers_Test.verifyTextPresenceAndFontSize(SwordsAndSabers_Test.java:54)
at java.base/java.util.ArrayList.forEach(ArrayList.java:1511)
... Removed 32 stack frames]]>
    </failure>
  </testcase> <!-- verifyTextPresenceAndFontSize -->
  <testcase classname="com.glendale.test.uniforms.ApparelAndCustomWear_Test" name="testSortFunctionality" time="3.686"/>
  <testcase classname="com.glendale.test.uniforms.ApparelAndCustomWear_Test" name="verifyAllFltersEnable" time="2.91"/>
  <testcase classname="com.glendale.test.uniforms.ApparelAndCustomWear_Test" name="verifyPageTitle" time="2.697"/>
  <testcase classname="com.glendale.test.uniforms.ApparelAndCustomWear_Test" name="verifyPageURL" time="2.726"/>
  <testcase classname="com.glendale.test.uniforms.ApparelAndCustomWear_Test" name="verifyPaginationEnable" time="30.068"/>
  <testcase classname="com.glendale.test.uniforms.ApparelAndCustomWear_Test" name="verifyPaginationRedirection" time="12.446"/>
  <testcase classname="com.glendale.test.uniforms.ApparelAndCustomWear_Test" name="verifyProductButtonAddToCartAndSelectPresenceAndClickable" time="0.251"/>
  <testcase classname="com.glendale.test.uniforms.ApparelAndCustomWear_Test" name="verifyProductsNameAndPricePresenceAndButtonsEnable" time="3.635"/>
  <testcase classname="com.glendale.test.uniforms.ApparelAndCustomWear_Test" name="verifyTextPresenceAndFontSize" time="2.965"/>
  <testcase classname="com.glendale.test.replicaRifles.RifleCases_Test" name="testPageLoadTime" time="3.091"/>
  <testcase classname="com.glendale.test.replicaRifles.RifleCases_Test" name="testSortFunctionality" time="3.084"/>
  <testcase classname="com.glendale.test.replicaRifles.RifleCases_Test" name="verifyAllFltersEnable" time="3.164"/>
  <testcase classname="com.glendale.test.replicaRifles.RifleCases_Test" name="verifyPageTitle" time="2.697">
    <failure type="java.lang.AssertionError" message="Title of the page does not matched. expected [Replica Rifles - Rifle Cases - Glendale Parade Store] but found [Shop High-Quality Rifle Cases | Glendale Parade Store]">
      <![CDATA[java.lang.AssertionError: Title of the page does not matched. expected [Replica Rifles - Rifle Cases - Glendale Parade Store] but found [Shop High-Quality Rifle Cases | Glendale Parade Store]
at com.glendale.page.ReplicaRifles.RifleCasesPage.verifyPageTitle(RifleCasesPage.java:64)
at com.glendale.test.replicaRifles.RifleCases_Test.verifyPageTitle(RifleCases_Test.java:23)
at java.base/java.util.ArrayList.forEach(ArrayList.java:1511)
... Removed 32 stack frames]]>
    </failure>
  </testcase> <!-- verifyPageTitle -->
  <testcase classname="com.glendale.test.replicaRifles.RifleCases_Test" name="verifyPageURL" time="2.829"/>
  <testcase classname="com.glendale.test.replicaRifles.RifleCases_Test" name="verifyProductsNameAndPricePresenceAndButtonsEnable" time="3.039"/>
  <testcase classname="com.glendale.test.replicaRifles.RifleCases_Test" name="verifyTextOnThePage" time="32.749"/>
  <testcase classname="com.glendale.test.replicaRifles.Rifles_Test" name="testPageLoadTime" time="3.046"/>
  <testcase classname="com.glendale.test.replicaRifles.Rifles_Test" name="testSortFunctionality" time="3.019"/>
  <testcase classname="com.glendale.test.replicaRifles.Rifles_Test" name="verifyAllFltersEnable" time="2.8"/>
  <testcase classname="com.glendale.test.replicaRifles.Rifles_Test" name="verifyPageTitle" time="2.928"/>
  <testcase classname="com.glendale.test.replicaRifles.Rifles_Test" name="verifyPageURL" time="2.753"/>
  <testcase classname="com.glendale.test.replicaRifles.Rifles_Test" name="verifyProductsNameAndPricePresenceAndButtonsEnable" time="3.15"/>
  <testcase classname="com.glendale.test.replicaRifles.Rifles_Test" name="verifyTextOnThePage" time="2.597"/>
  <testcase classname="com.glendale.test.replicaRifles.RifleAccessories_Test" name="testPageLoadTime" time="2.947"/>
  <testcase classname="com.glendale.test.replicaRifles.RifleAccessories_Test" name="testSortFunctionality" time="4.546"/>
  <testcase classname="com.glendale.test.replicaRifles.RifleAccessories_Test" name="verifyAllFltersEnable" time="2.717"/>
  <testcase classname="com.glendale.test.replicaRifles.RifleAccessories_Test" name="verifyPageTitle" time="2.904"/>
  <testcase classname="com.glendale.test.replicaRifles.RifleAccessories_Test" name="verifyPageURL" time="2.774"/>
  <testcase classname="com.glendale.test.replicaRifles.RifleAccessories_Test" name="verifyPaginationEnable" time="2.903"/>
  <testcase classname="com.glendale.test.replicaRifles.RifleAccessories_Test" name="verifyPaginationRedirection" time="21.571"/>
  <testcase classname="com.glendale.test.replicaRifles.RifleAccessories_Test" name="verifyProductsNameAndPricePresenceAndButtonsEnable" time="3.386"/>
  <testcase classname="com.glendale.test.replicaRifles.RifleAccessories_Test" name="verifyTextOnThePage" time="2.78"/>
  <testcase classname="com.glendale.test.flags.MourningFlags_Test" name="testPageLoadTime" time="3.172"/>
  <testcase classname="com.glendale.test.flags.MourningFlags_Test" name="testSortFunctionality" time="2.982"/>
  <testcase classname="com.glendale.test.flags.MourningFlags_Test" name="verifyAllFltersEnable" time="2.848"/>
  <testcase classname="com.glendale.test.flags.MourningFlags_Test" name="verifyPageTitle" time="2.746"/>
  <testcase classname="com.glendale.test.flags.MourningFlags_Test" name="verifyPageURL" time="2.654"/>
  <testcase classname="com.glendale.test.flags.MourningFlags_Test" name="verifyProductsNameAndPricePresenceAndButtonsEnable" time="2.777"/>
  <testcase classname="com.glendale.test.flags.FlagStands_Test" name="testPageLoadTime" time="3.644"/>
  <testcase classname="com.glendale.test.flags.FlagStands_Test" name="testSortFunctionality" time="3.373"/>
  <testcase classname="com.glendale.test.flags.FlagStands_Test" name="verifyAllFltersEnable" time="2.921"/>
  <testcase classname="com.glendale.test.flags.FlagStands_Test" name="verifyPageTitle" time="2.874"/>
  <testcase classname="com.glendale.test.flags.FlagStands_Test" name="verifyPageURL" time="2.616"/>
  <testcase classname="com.glendale.test.flags.FlagStands_Test" name="verifyPaginationEnable" time="4.332"/>
  <testcase classname="com.glendale.test.flags.FlagStands_Test" name="verifyPaginationRedirection" time="16.78"/>
  <testcase classname="com.glendale.test.flags.FlagStands_Test" name="verifyProductsNameAndPricePresenceAndButtonsEnable" time="3.364"/>
  <testcase classname="com.glendale.test.flags.FlagStands_Test" name="verifyTextOnThePage" time="2.882"/>
  <testcase classname="com.glendale.test.flags.FlagOrnaments_Test" name="testPageLoadTime" time="3.172"/>
  <testcase classname="com.glendale.test.flags.FlagOrnaments_Test" name="testSortFunctionality" time="3.118"/>
  <testcase classname="com.glendale.test.flags.FlagOrnaments_Test" name="verifyAllFltersEnable" time="2.91"/>
  <testcase classname="com.glendale.test.flags.FlagOrnaments_Test" name="verifyPageTitle" time="2.888"/>
  <testcase classname="com.glendale.test.flags.FlagOrnaments_Test" name="verifyPageURL" time="2.841"/>
  <testcase classname="com.glendale.test.flags.FlagOrnaments_Test" name="verifyPaginationEnable" time="2.815"/>
  <testcase classname="com.glendale.test.flags.FlagOrnaments_Test" name="verifyPaginationRedirection" time="16.259"/>
  <testcase classname="com.glendale.test.flags.FlagOrnaments_Test" name="verifyProductsNameAndPricePresenceAndButtonsEnable" time="3.995"/>
  <testcase classname="com.glendale.test.flags.FlagOrnaments_Test" name="verifyTextOnThePage" time="3.942"/>
  <testcase classname="com.glendale.test.aboutUs.ContactUs_Test" name="testPageLoadTime" time="2.76"/>
  <testcase classname="com.glendale.test.aboutUs.ContactUs_Test" name="verifyAddressSection" time="2.798"/>
  <testcase classname="com.glendale.test.aboutUs.ContactUs_Test" name="verifyEmailSection" time="2.738"/>
  <testcase classname="com.glendale.test.aboutUs.ContactUs_Test" name="verifyHeading" time="3.514"/>
  <testcase classname="com.glendale.test.aboutUs.ContactUs_Test" name="verifyPageTitle" time="2.753"/>
  <testcase classname="com.glendale.test.aboutUs.ContactUs_Test" name="verifyPageURL" time="2.551"/>
  <testcase classname="com.glendale.test.aboutUs.ContactUs_Test" name="verifyPhoneSection" time="2.705"/>
  <testcase classname="com.glendale.test.flags.FlagPoles_Test" name="testPageLoadTime" time="3.87"/>
  <testcase classname="com.glendale.test.flags.FlagPoles_Test" name="testSortFunctionality" time="3.429"/>
  <testcase classname="com.glendale.test.flags.FlagPoles_Test" name="verifyAllFltersEnable" time="2.823"/>
  <testcase classname="com.glendale.test.flags.FlagPoles_Test" name="verifyPageTitle" time="2.955"/>
  <testcase classname="com.glendale.test.flags.FlagPoles_Test" name="verifyPageURL" time="2.736"/>
  <testcase classname="com.glendale.test.flags.FlagPoles_Test" name="verifyPaginationEnable" time="2.787"/>
  <testcase classname="com.glendale.test.flags.FlagPoles_Test" name="verifyPaginationRedirection" time="17.608"/>
  <testcase classname="com.glendale.test.flags.FlagPoles_Test" name="verifyProductsNameAndPricePresenceAndButtonsEnable" time="3.769"/>
  <testcase classname="com.glendale.test.flags.FlagPoles_Test" name="verifyTextOnThePage" time="2.792"/>
  <testcase classname="com.glendale.test.uniforms.BeretsAndHelmets_Test" name="testSortFunctionality" time="3.409"/>
  <testcase classname="com.glendale.test.uniforms.BeretsAndHelmets_Test" name="verifyAllFltersEnable" time="3.297"/>
  <testcase classname="com.glendale.test.uniforms.BeretsAndHelmets_Test" name="verifyPageTitle" time="3.032"/>
  <testcase classname="com.glendale.test.uniforms.BeretsAndHelmets_Test" name="verifyPageURL" time="2.904"/>
  <testcase classname="com.glendale.test.uniforms.BeretsAndHelmets_Test" name="verifyProductButtonAddToCartAndSelectPresenceAndClickable" time="0.277"/>
  <testcase classname="com.glendale.test.uniforms.BeretsAndHelmets_Test" name="verifyProductsNameAndPricePresenceAndButtonsEnable" time="3.274"/>
  <testcase classname="com.glendale.test.HomePageTest" name="verifyAboutUsNavigationLinks" time="122.96"/>
  <testcase classname="com.glendale.test.HomePageTest" name="verifyAccountIconPresenceAndClickable" time="2.07"/>
  <testcase classname="com.glendale.test.HomePageTest" name="verifyBannerPresence" time="0.02"/>
  <testcase classname="com.glendale.test.HomePageTest" name="verifyBestSellersSectionPresent" time="0.027"/>
  <testcase classname="com.glendale.test.HomePageTest" name="verifyCartIconPresenceAndClickable" time="0.741"/>
  <testcase classname="com.glendale.test.HomePageTest" name="verifyCodetsNavigationLinks" time="28.644"/>
  <testcase classname="com.glendale.test.HomePageTest" name="verifyCustomFlagsPresenceAndClickable" time="2.698"/>
  <testcase classname="com.glendale.test.HomePageTest" name="verifyCustomPatchesAndFlashesPresenceAndClickable" time="3.084"/>
  <testcase classname="com.glendale.test.HomePageTest" name="verifyCustomWorksNavigationLinks" time="12.999"/>
  <testcase classname="com.glendale.test.HomePageTest" name="verifyFirstResponderFeaturedCollectionsItems" time="27.974"/>
  <testcase classname="com.glendale.test.HomePageTest" name="verifyFirstRespondersNavigationLinks" time="9.767"/>
  <testcase classname="com.glendale.test.HomePageTest" name="verifyFlagsNavigationLinks" time="25.281"/>
  <testcase classname="com.glendale.test.HomePageTest" name="verifyFlagsPresenceAndClickable" time="2.534"/>
  <testcase classname="com.glendale.test.HomePageTest" name="verifyFooterCompanyLinkRedirections" time="298.393"/>
  <testcase classname="com.glendale.test.HomePageTest" name="verifyFooterProductsLinksRedirection" time="48.221"/>
  <testcase classname="com.glendale.test.HomePageTest" name="verifyFooterSocialMediaLinksRedirection" time="18.019"/>
  <testcase classname="com.glendale.test.HomePageTest" name="verifyHonePageTitle" time="0.008"/>
  <testcase classname="com.glendale.test.HomePageTest" name="verifyHonorGuradNavigationLinks" time="11.037"/>
  <testcase classname="com.glendale.test.HomePageTest" name="verifyLatestBolgsPresenceAndViewAllBlogsClickable" time="3.118"/>
  <testcase classname="com.glendale.test.HomePageTest" name="verifyLogoPresenceAndClickable" time="0.031"/>
  <testcase classname="com.glendale.test.HomePageTest" name="verifyMilitaryFeaturedCollectionsItems" time="26.97"/>
  <testcase classname="com.glendale.test.HomePageTest" name="verifyMilitaryNavigationLinks" time="26.183"/>
  <testcase classname="com.glendale.test.HomePageTest" name="verifyReplicaRiflesNavigationLinks" time="52.768"/>
  <testcase classname="com.glendale.test.HomePageTest" name="verifySearchFunctionality" time="3.008"/>
  <testcase classname="com.glendale.test.HomePageTest" name="verifySmithAndWarrenBadgesPresenceAndClickable" time="4.455"/>
  <testcase classname="com.glendale.test.HomePageTest" name="verifySoloTandemDrillersPresenceAndClickable" time="2.751"/>
  <testcase classname="com.glendale.test.HomePageTest" name="verifySwordsNavigationLinks" time="8.971"/>
  <testcase classname="com.glendale.test.HomePageTest" name="verifyTestimonialsSectionPresence" time="0.022"/>
  <testcase classname="com.glendale.test.HomePageTest" name="verifyUniformsNavigationLinks" time="74.828"/>
  <testcase classname="com.glendale.test.HomePageTest" name="verifyrotcAndJrotcFeaturedCollectionsItems" time="32.681"/>
  <testcase classname="com.glendale.test.HomePageTest" name="verigyFooterLogoPresenceAndClickable" time="0.031"/>
  <testcase classname="com.glendale.test.millitary.Navy_Test" name="verifyBannerIsPresenceAndShopNowButtonRedirection" time="7.51"/>
  <testcase classname="com.glendale.test.millitary.Navy_Test" name="verifyBestSellersSectionPresence" time="2.822"/>
  <testcase classname="com.glendale.test.millitary.Navy_Test" name="verifyBunleProductSectionPresenceWithProducts" time="2.724"/>
  <testcase classname="com.glendale.test.millitary.Navy_Test" name="verifyCustomFlagsSectionPresenceAndRediredirection" time="6.371"/>
  <testcase classname="com.glendale.test.millitary.Navy_Test" name="verifyFeaturedCollectionCeremonialItems" time="21.886"/>
  <testcase classname="com.glendale.test.millitary.Navy_Test" name="verifyFeaturedCollectionFlagAccessories" time="21.007"/>
  <testcase classname="com.glendale.test.millitary.Navy_Test" name="verifyFeaturedCollectionFlags" time="22.044"/>
  <testcase classname="com.glendale.test.millitary.Navy_Test" name="verifyFeaturedCollectionUniformItems" time="21.933"/>
  <testcase classname="com.glendale.test.millitary.Navy_Test" name="verifyFlagsSectionPresenceAndRediredirection" time="6.243"/>
  <testcase classname="com.glendale.test.millitary.Navy_Test" name="verifyIconsBelowTheBestSellersIsPresenceAndNavigation" time="36.749"/>
  <testcase classname="com.glendale.test.millitary.Navy_Test" name="verifyTextOnTheBanner" time="12.852"/>
  <testcase classname="com.glendale.test.codets.CoastGuard_Test" name="verifyBannerIsPresenceAndShopNowButtonRedirection" time="6.459"/>
  <testcase classname="com.glendale.test.codets.CoastGuard_Test" name="verifyBestSellersSectionPresence" time="3.6"/>
  <testcase classname="com.glendale.test.codets.CoastGuard_Test" name="verifyBunleProductSectionPresenceWithProducts" time="3.679"/>
  <testcase classname="com.glendale.test.codets.CoastGuard_Test" name="verifyCustomFlagsSectionPresenceAndRediredirection" time="6.996"/>
  <testcase classname="com.glendale.test.codets.CoastGuard_Test" name="verifyFeaturedCollectionAccessories" time="26.846"/>
  <testcase classname="com.glendale.test.codets.CoastGuard_Test" name="verifyFeaturedCollectionFlagsItems" time="22.204"/>
  <testcase classname="com.glendale.test.codets.CoastGuard_Test" name="verifyFeaturedCollectionTeams" time="23.202"/>
  <testcase classname="com.glendale.test.codets.CoastGuard_Test" name="verifyFeaturedCollectionUniformItems" time="23.175"/>
  <testcase classname="com.glendale.test.codets.CoastGuard_Test" name="verifyFlagsSectionPresenceAndRediredirection" time="5.511"/>
  <testcase classname="com.glendale.test.codets.CoastGuard_Test" name="verifyIconsBelowTheBestSellersIsPresenceAndNavigation" time="35.866"/>
  <testcase classname="com.glendale.test.codets.CoastGuard_Test" name="verifyTextOnTheBanner" time="4.085"/>
  <testcase classname="com.glendale.test.uniforms.ArmyGreenServiceUniform_Test" name="testSortFunctionality" time="3.762"/>
  <testcase classname="com.glendale.test.uniforms.ArmyGreenServiceUniform_Test" name="verifyAllFltersEnable" time="2.891"/>
  <testcase classname="com.glendale.test.uniforms.ArmyGreenServiceUniform_Test" name="verifyPageTitle" time="2.967">
    <failure type="java.lang.AssertionError" message="Title of the page does not matched. expected [Uniforms - Army Green Service Uniform - Page 1 - Glendale Parade Store] but found [Shop AGSU Uniforms at Glendale Parade Store]">
      <![CDATA[java.lang.AssertionError: Title of the page does not matched. expected [Uniforms - Army Green Service Uniform - Page 1 - Glendale Parade Store] but found [Shop AGSU Uniforms at Glendale Parade Store]
at com.glendale.page.Uniforms.ArmyGrennServiceUnigormPage.verifyPageTitle(ArmyGrennServiceUnigormPage.java:63)
at com.glendale.test.uniforms.ArmyGreenServiceUniform_Test.verifyPageTitle(ArmyGreenServiceUniform_Test.java:19)
at java.base/java.util.ArrayList.forEach(ArrayList.java:1511)
... Removed 32 stack frames]]>
    </failure>
  </testcase> <!-- verifyPageTitle -->
  <testcase classname="com.glendale.test.uniforms.ArmyGreenServiceUniform_Test" name="verifyPageURL" time="3.707"/>
  <testcase classname="com.glendale.test.uniforms.ArmyGreenServiceUniform_Test" name="verifyPaginationEnable" time="2.791"/>
  <testcase classname="com.glendale.test.uniforms.ArmyGreenServiceUniform_Test" name="verifyPaginationRedirection" time="13.811"/>
  <testcase classname="com.glendale.test.uniforms.ArmyGreenServiceUniform_Test" name="verifyProductButtonAddToCartAndSelectPresenceAndClickable" time="0.461"/>
  <testcase classname="com.glendale.test.uniforms.ArmyGreenServiceUniform_Test" name="verifyProductsNameAndPricePresenceAndButtonsEnable" time="3.828"/>
  <testcase classname="com.glendale.test.uniforms.BeltsAndBuckles_Test" name="testSortFunctionality" time="3.477"/>
  <testcase classname="com.glendale.test.uniforms.BeltsAndBuckles_Test" name="verifyAllFltersEnable" time="3.293"/>
  <testcase classname="com.glendale.test.uniforms.BeltsAndBuckles_Test" name="verifyPageTitle" time="2.738"/>
  <testcase classname="com.glendale.test.uniforms.BeltsAndBuckles_Test" name="verifyPageURL" time="3.7"/>
  <testcase classname="com.glendale.test.uniforms.BeltsAndBuckles_Test" name="verifyPaginationEnable" time="2.867"/>
  <testcase classname="com.glendale.test.uniforms.BeltsAndBuckles_Test" name="verifyPaginationRedirection" time="22.754"/>
  <testcase classname="com.glendale.test.uniforms.BeltsAndBuckles_Test" name="verifyProductButtonAddToCartAndSelectPresenceAndClickable" time="0.236"/>
  <testcase classname="com.glendale.test.uniforms.BeltsAndBuckles_Test" name="verifyProductsNameAndPricePresenceAndButtonsEnable" time="3.253"/>
  <testcase classname="com.glendale.test.uniforms.BeltsAndBuckles_Test" name="verifyTextPresenceAndFontSize" time="2.885"/>
  <testcase classname="com.glendale.test.uniforms.ShoesAndAccessories_Test" name="testSortFunctionality" time="3.636"/>
  <testcase classname="com.glendale.test.uniforms.ShoesAndAccessories_Test" name="verifyAllFltersEnable" time="3.602"/>
  <testcase classname="com.glendale.test.uniforms.ShoesAndAccessories_Test" name="verifyPageTitle" time="2.748"/>
  <testcase classname="com.glendale.test.uniforms.ShoesAndAccessories_Test" name="verifyPageURL" time="2.798"/>
  <testcase classname="com.glendale.test.uniforms.ShoesAndAccessories_Test" name="verifyPaginationEnable" time="2.83"/>
  <testcase classname="com.glendale.test.uniforms.ShoesAndAccessories_Test" name="verifyPaginationRedirection" time="18.533"/>
  <testcase classname="com.glendale.test.uniforms.ShoesAndAccessories_Test" name="verifyProductButtonAddToCartAndSelectPresenceAndClickable" time="0.24"/>
  <testcase classname="com.glendale.test.uniforms.ShoesAndAccessories_Test" name="verifyProductsNameAndPricePresenceAndButtonsEnable" time="4.256"/>
  <testcase classname="com.glendale.test.uniforms.ShoesAndAccessories_Test" name="verifyTextPresenceAndFontSize" time="2.991"/>
  <testcase classname="com.glendale.test.flags.AllFlags_Test" name="testPageLoadTime" time="3.117"/>
  <testcase classname="com.glendale.test.flags.AllFlags_Test" name="verifyBannerIsPresence" time="3.019"/>
  <testcase classname="com.glendale.test.flags.AllFlags_Test" name="verifyBestSellersSectionPresence" time="3.704"/>
  <testcase classname="com.glendale.test.flags.AllFlags_Test" name="verifyBundleProducts" time="3.545"/>
  <testcase classname="com.glendale.test.flags.AllFlags_Test" name="verifyFeaturedCollectionFlagAccessoriesSection" time="32.115"/>
  <testcase classname="com.glendale.test.flags.AllFlags_Test" name="verifyFeaturedCollectionInternationalSection" time="13.215"/>
  <testcase classname="com.glendale.test.flags.AllFlags_Test" name="verifyFeaturedCollectionJROTCSection" time="17.193"/>
  <testcase classname="com.glendale.test.flags.AllFlags_Test" name="verifyFeaturedCollectionMillitarySection" time="55.328"/>
  <testcase classname="com.glendale.test.flags.AllFlags_Test" name="verifyFeaturedCollectionStateAndTerritorialSection" time="16.992"/>
  <testcase classname="com.glendale.test.flags.AllFlags_Test" name="verifyFeaturedCollectionUSFlagsSection" time="49.407"/>
  <testcase classname="com.glendale.test.flags.AllFlags_Test" name="verifyIconsBelowTheBestSellersIsPresenceAndNavigation" time="38.495"/>
  <testcase classname="com.glendale.test.flags.AllFlags_Test" name="verifyPageTitle" time="2.86"/>
  <testcase classname="com.glendale.test.flags.AllFlags_Test" name="verifyPageURL" time="3.295"/>
  <testcase classname="com.glendale.test.flags.AllFlags_Test" name="verifyTextOnTheBanner" time="3.627"/>
  <testcase classname="com.glendale.test.millitary.AirForce_Test" name="verifyBannerIsPresenceAndShopNowButtonRedirection" time="9.035"/>
  <testcase classname="com.glendale.test.millitary.AirForce_Test" name="verifyBestSellersSectionPresence" time="3.36"/>
  <testcase classname="com.glendale.test.millitary.AirForce_Test" name="verifyBunleProductSectionPresenceWithProducts" time="33.05">
    <failure type="java.lang.AssertionError" message="Bundle product section is not displayed. expected [false] but found [true]">
      <![CDATA[java.lang.AssertionError: Bundle product section is not displayed. expected [false] but found [true]
at com.glendale.page.millitary.AirForcePage.verifyBunleProductSectionPresenceWithProducts(AirForcePage.java:167)
at com.glendale.test.millitary.AirForce_Test.verifyBunleProductSectionPresenceWithProducts(AirForce_Test.java:50)
at java.base/java.util.ArrayList.forEach(ArrayList.java:1511)
... Removed 30 stack frames]]>
    </failure>
  </testcase> <!-- verifyBunleProductSectionPresenceWithProducts -->
  <testcase classname="com.glendale.test.millitary.AirForce_Test" name="verifyCustomFlagsSectionPresenceAndRediredirection" time="5.593"/>
  <testcase classname="com.glendale.test.millitary.AirForce_Test" name="verifyFeaturedCollectionCeremonialItems" time="22.48"/>
  <testcase classname="com.glendale.test.millitary.AirForce_Test" name="verifyFeaturedCollectionFlagAccessories" time="22.787"/>
  <testcase classname="com.glendale.test.millitary.AirForce_Test" name="verifyFeaturedCollectionFlags" time="32.652">
    <failure type="org.openqa.selenium.NoSuchElementException" message="no such element: Unable to locate element: {&amp;quot;method&amp;quot;:&amp;quot;xpath&amp;quot;,&amp;quot;selector&amp;quot;:&amp;quot;//div[@class=&amp;apos;gld-feat-simlr army-acdut-flags-bg&amp;apos;]&amp;quot;}
  (Session info: chrome=127.0.6533.100)
For documentation on this error, please visit: https://www.selenium.dev/documentation/webdriver/troubleshooting/errors#no-such-element-exception
Build info: version: &amp;apos;4.11.0&amp;apos;, revision: &amp;apos;040bc5406b&amp;apos;
System info: os.name: &amp;apos;Windows 10&amp;apos;, os.arch: &amp;apos;amd64&amp;apos;, os.version: &amp;apos;10.0&amp;apos;, java.version: &amp;apos;17.0.8&amp;apos;
Driver info: org.openqa.selenium.chrome.ChromeDriver
Command: [a313f28e50d88f027d1329a05c00cc73, findElement {using=xpath, value=//div[@class=&amp;apos;gld-feat-simlr army-acdut-flags-bg&amp;apos;]}]
Capabilities {acceptInsecureCerts: false, browserName: chrome, browserVersion: 127.0.6533.100, chrome: {chromedriverVersion: 127.0.6533.99 (f31af5097d90..., userDataDir: C:\Users\pawan\AppData\Loca...}, fedcm:accounts: true, goog:chromeOptions: {debuggerAddress: localhost:52404}, networkConnectionEnabled: false, pageLoadStrategy: normal, platformName: windows, proxy: Proxy(), se:cdp: ws://localhost:52404/devtoo..., se:cdpVersion: 127.0.6533.100, setWindowRect: true, strictFileInteractability: false, timeouts: {implicit: 0, pageLoad: 300000, script: 30000}, unhandledPromptBehavior: dismiss and notify, webauthn:extension:credBlob: true, webauthn:extension:largeBlob: true, webauthn:extension:minPinLength: true, webauthn:extension:prf: true, webauthn:virtualAuthenticators: true}
Session ID: a313f28e50d88f027d1329a05c00cc73">
      <![CDATA[org.openqa.selenium.NoSuchElementException: no such element: Unable to locate element: {"method":"xpath","selector":"//div[@class='gld-feat-simlr army-acdut-flags-bg']"}
  (Session info: chrome=127.0.6533.100)
For documentation on this error, please visit: https://www.selenium.dev/documentation/webdriver/troubleshooting/errors#no-such-element-exception
Build info: version: '4.11.0', revision: '040bc5406b'
System info: os.name: 'Windows 10', os.arch: 'amd64', os.version: '10.0', java.version: '17.0.8'
Driver info: org.openqa.selenium.chrome.ChromeDriver
Command: [a313f28e50d88f027d1329a05c00cc73, findElement {using=xpath, value=//div[@class='gld-feat-simlr army-acdut-flags-bg']}]
Capabilities {acceptInsecureCerts: false, browserName: chrome, browserVersion: 127.0.6533.100, chrome: {chromedriverVersion: 127.0.6533.99 (f31af5097d90..., userDataDir: C:\Users\pawan\AppData\Loca...}, fedcm:accounts: true, goog:chromeOptions: {debuggerAddress: localhost:52404}, networkConnectionEnabled: false, pageLoadStrategy: normal, platformName: windows, proxy: Proxy(), se:cdp: ws://localhost:52404/devtoo..., se:cdpVersion: 127.0.6533.100, setWindowRect: true, strictFileInteractability: false, timeouts: {implicit: 0, pageLoad: 300000, script: 30000}, unhandledPromptBehavior: dismiss and notify, webauthn:extension:credBlob: true, webauthn:extension:largeBlob: true, webauthn:extension:minPinLength: true, webauthn:extension:prf: true, webauthn:virtualAuthenticators: true}
Session ID: a313f28e50d88f027d1329a05c00cc73
at org.openqa.selenium.remote.codec.w3c.W3CHttpResponseCodec.createException(W3CHttpResponseCodec.java:200)
at org.openqa.selenium.remote.codec.w3c.W3CHttpResponseCodec.decode(W3CHttpResponseCodec.java:133)
at org.openqa.selenium.remote.codec.w3c.W3CHttpResponseCodec.decode(W3CHttpResponseCodec.java:52)
at org.openqa.selenium.remote.HttpCommandExecutor.execute(HttpCommandExecutor.java:191)
at org.openqa.selenium.remote.service.DriverCommandExecutor.invokeExecute(DriverCommandExecutor.java:196)
at org.openqa.selenium.remote.service.DriverCommandExecutor.execute(DriverCommandExecutor.java:171)
at org.openqa.selenium.remote.RemoteWebDriver.execute(RemoteWebDriver.java:518)
at org.openqa.selenium.remote.ElementLocation$ElementFinder$2.findElement(ElementLocation.java:165)
at org.openqa.selenium.remote.ElementLocation.findElement(ElementLocation.java:59)
at org.openqa.selenium.remote.RemoteWebDriver.findElement(RemoteWebDriver.java:355)
at org.openqa.selenium.remote.RemoteWebDriver.findElement(RemoteWebDriver.java:349)
at org.openqa.selenium.support.pagefactory.DefaultElementLocator.findElement(DefaultElementLocator.java:68)
at org.openqa.selenium.support.pagefactory.internal.LocatingElementHandler.invoke(LocatingElementHandler.java:38)
at jdk.proxy2/jdk.proxy2.$Proxy20.isDisplayed(Unknown Source)
at com.glendale.page.millitary.AirForcePage.verifyFeaturedCollectionFlags(AirForcePage.java:104)
at com.glendale.test.millitary.AirForce_Test.verifyFeaturedCollectionFlags(AirForce_Test.java:29)
at java.base/java.util.ArrayList.forEach(ArrayList.java:1511)
... Removed 32 stack frames]]>
    </failure>
  </testcase> <!-- verifyFeaturedCollectionFlags -->
  <testcase classname="com.glendale.test.millitary.AirForce_Test" name="verifyFeaturedCollectionUniformItems" time="22.424"/>
  <testcase classname="com.glendale.test.millitary.AirForce_Test" name="verifyFlagsSectionPresenceAndRediredirection" time="5.024"/>
  <testcase classname="com.glendale.test.millitary.AirForce_Test" name="verifyIconsBelowTheBestSellersIsPresenceAndNavigation" time="34.359"/>
  <testcase classname="com.glendale.test.aboutUs.Blogs_Test" name="testPageLoadTime" time="2.744"/>
  <testcase classname="com.glendale.test.aboutUs.Blogs_Test" name="verifyBlogPostTitlesPresence" time="2.535"/>
  <testcase classname="com.glendale.test.aboutUs.Blogs_Test" name="verifyBlogTitlePresence" time="2.742"/>
  <testcase classname="com.glendale.test.aboutUs.Blogs_Test" name="verifyNumberOfBlogPosts" time="2.726"/>
  <testcase classname="com.glendale.test.aboutUs.Blogs_Test" name="verifyPageTitle" time="2.622"/>
  <testcase classname="com.glendale.test.aboutUs.Blogs_Test" name="verifyPageURL" time="2.639"/>
  <testcase classname="com.glendale.test.aboutUs.Blogs_Test" name="verifyPagination" time="15.657"/>
  <testcase classname="com.glendale.test.aboutUs.Blogs_Test" name="verifyReadMoreLinks" time="23.519"/>
  <testcase classname="com.glendale.test.honorGuard.AllHonorGuard_Test" name="testSortFunctionality" time="3.577"/>
  <testcase classname="com.glendale.test.honorGuard.AllHonorGuard_Test" name="verifyAllFltersEnable" time="2.768"/>
  <testcase classname="com.glendale.test.honorGuard.AllHonorGuard_Test" name="verifyBundleProducts" time="2.879"/>
  <testcase classname="com.glendale.test.honorGuard.AllHonorGuard_Test" name="verifyPageTitle" time="0.979">
    <failure type="java.lang.AssertionError" message="Title of the page does not matched. expected [Honor Guard - Page 1 - Glendale Parade Store] but found [www.glendale.com]">
      <![CDATA[java.lang.AssertionError: Title of the page does not matched. expected [Honor Guard - Page 1 - Glendale Parade Store] but found [www.glendale.com]
at com.glendale.page.honorGuard.AllHonorGuardPage.verifyPageTitle(AllHonorGuardPage.java:73)
at com.glendale.test.honorGuard.AllHonorGuard_Test.verifyPageTitle(AllHonorGuard_Test.java:23)
at java.base/java.util.ArrayList.forEach(ArrayList.java:1511)
... Removed 32 stack frames]]>
    </failure>
  </testcase> <!-- verifyPageTitle -->
  <testcase classname="com.glendale.test.honorGuard.AllHonorGuard_Test" name="verifyPageURL" time="0.0">
    <skipped/>
  </testcase> <!-- verifyPageURL -->
  <testcase classname="com.glendale.test.honorGuard.AllHonorGuard_Test" name="verifyPaginationEnable" time="0.0">
    <skipped/>
  </testcase> <!-- verifyPaginationEnable -->
  <testcase classname="com.glendale.test.honorGuard.AllHonorGuard_Test" name="verifyPaginationRedirection" time="0.0">
    <skipped/>
  </testcase> <!-- verifyPaginationRedirection -->
  <testcase classname="com.glendale.test.honorGuard.AllHonorGuard_Test" name="verifyProductsNameAndPricePresenceAndButtonsEnable" time="0.0">
    <skipped/>
  </testcase> <!-- verifyProductsNameAndPricePresenceAndButtonsEnable -->
  <testcase classname="com.glendale.test.honorGuard.AllHonorGuard_Test" name="verifyTextPresenceAndFontSize" time="0.0">
    <skipped/>
  </testcase> <!-- verifyTextPresenceAndFontSize -->
  <testcase classname="com.glendale.test.swords.LetterOpenerSwords_Test" name="testBranchDropdown" time="0.0">
    <skipped/>
  </testcase> <!-- testBranchDropdown -->
  <testcase classname="com.glendale.test.swords.LetterOpenerSwords_Test" name="testBranchDropdownOptions" time="0.0">
    <skipped/>
  </testcase> <!-- testBranchDropdownOptions -->
  <testcase classname="com.glendale.test.swords.LetterOpenerSwords_Test" name="testPageLoadTime" time="0.0">
    <skipped/>
  </testcase> <!-- testPageLoadTime -->
  <testcase classname="com.glendale.test.swords.LetterOpenerSwords_Test" name="testProductDecreaseButton" time="0.0">
    <skipped/>
  </testcase> <!-- testProductDecreaseButton -->
  <testcase classname="com.glendale.test.swords.LetterOpenerSwords_Test" name="testProductIncreaseButton" time="0.0">
    <skipped/>
  </testcase> <!-- testProductIncreaseButton -->
  <testcase classname="com.glendale.test.swords.LetterOpenerSwords_Test" name="verifyAddToCartButtonFunctionality" time="0.0">
    <skipped/>
  </testcase> <!-- verifyAddToCartButtonFunctionality -->
  <testcase classname="com.glendale.test.swords.LetterOpenerSwords_Test" name="verifyAddToCartButtonPresence" time="0.0">
    <skipped/>
  </testcase> <!-- verifyAddToCartButtonPresence -->
  <testcase classname="com.glendale.test.swords.LetterOpenerSwords_Test" name="verifyDescriptionOfTheProduct" time="0.0">
    <skipped/>
  </testcase> <!-- verifyDescriptionOfTheProduct -->
  <testcase classname="com.glendale.test.swords.LetterOpenerSwords_Test" name="verifyPageTitle" time="0.0">
    <skipped/>
  </testcase> <!-- verifyPageTitle -->
  <testcase classname="com.glendale.test.swords.LetterOpenerSwords_Test" name="verifyPageURL" time="0.0">
    <skipped/>
  </testcase> <!-- verifyPageURL -->
  <testcase classname="com.glendale.test.swords.LetterOpenerSwords_Test" name="verifyPriceOfTheProductIsPresence" time="0.0">
    <skipped/>
  </testcase> <!-- verifyPriceOfTheProductIsPresence -->
  <testcase classname="com.glendale.test.swords.LetterOpenerSwords_Test" name="verifyRelatedProductSection" time="0.0">
    <skipped/>
  </testcase> <!-- verifyRelatedProductSection -->
  <testcase classname="com.glendale.test.swords.LetterOpenerSwords_Test" name="verifyTestimonialSectionIsPresence" time="0.0">
    <skipped/>
  </testcase> <!-- verifyTestimonialSectionIsPresence -->
  <testcase classname="com.glendale.test.swords.LetterOpenerSwords_Test" name="verifyTitleOfTheProductIsPresent" time="0.0">
    <skipped/>
  </testcase> <!-- verifyTitleOfTheProductIsPresent -->
  <testcase classname="com.glendale.test.swords.LetterOpenerSwords_Test" name="veryImageOfTheProductIsPresence" time="0.0">
    <skipped/>
  </testcase> <!-- veryImageOfTheProductIsPresence -->
  <testcase classname="com.glendale.test.millitary.Army_Test" name="verifyBannerIsPresenceAndShopNowButtonRedirection" time="0.0">
    <skipped/>
  </testcase> <!-- verifyBannerIsPresenceAndShopNowButtonRedirection -->
  <testcase classname="com.glendale.test.millitary.Army_Test" name="verifyBestSellersSectionPresence" time="0.0">
    <skipped/>
  </testcase> <!-- verifyBestSellersSectionPresence -->
  <testcase classname="com.glendale.test.millitary.Army_Test" name="verifyBunleProductSectionPresenceWithProducts" time="0.0">
    <skipped/>
  </testcase> <!-- verifyBunleProductSectionPresenceWithProducts -->
  <testcase classname="com.glendale.test.millitary.Army_Test" name="verifyCustomFlagsSectionPresenceAndRediredirection" time="0.0">
    <skipped/>
  </testcase> <!-- verifyCustomFlagsSectionPresenceAndRediredirection -->
  <testcase classname="com.glendale.test.millitary.Army_Test" name="verifyFeaturedCollectionCeremonialItems" time="0.0">
    <skipped/>
  </testcase> <!-- verifyFeaturedCollectionCeremonialItems -->
  <testcase classname="com.glendale.test.millitary.Army_Test" name="verifyFeaturedCollectionFlagAccessories" time="0.0">
    <skipped/>
  </testcase> <!-- verifyFeaturedCollectionFlagAccessories -->
  <testcase classname="com.glendale.test.millitary.Army_Test" name="verifyFeaturedCollectionFlags" time="0.0">
    <skipped/>
  </testcase> <!-- verifyFeaturedCollectionFlags -->
  <testcase classname="com.glendale.test.millitary.Army_Test" name="verifyFeaturedCollectionUniformItems" time="0.0">
    <skipped/>
  </testcase> <!-- verifyFeaturedCollectionUniformItems -->
  <testcase classname="com.glendale.test.millitary.Army_Test" name="verifyFlagsSectionPresenceAndRediredirection" time="0.0">
    <skipped/>
  </testcase> <!-- verifyFlagsSectionPresenceAndRediredirection -->
  <testcase classname="com.glendale.test.millitary.Army_Test" name="verifyIconsBelowTheBestSellersIsPresenceAndNavigation" time="0.0">
    <skipped/>
  </testcase> <!-- verifyIconsBelowTheBestSellersIsPresenceAndNavigation -->
  <testcase classname="com.glendale.test.firstResponder.BadgeHoldersWallets_Test" name="testPageLoadTime" time="0.0">
    <skipped/>
  </testcase> <!-- testPageLoadTime -->
  <testcase classname="com.glendale.test.firstResponder.BadgeHoldersWallets_Test" name="testSortFunctionality" time="0.0">
    <skipped/>
  </testcase> <!-- testSortFunctionality -->
  <testcase classname="com.glendale.test.firstResponder.BadgeHoldersWallets_Test" name="verifyAllFltersEnable" time="0.0">
    <skipped/>
  </testcase> <!-- verifyAllFltersEnable -->
  <testcase classname="com.glendale.test.firstResponder.BadgeHoldersWallets_Test" name="verifyPageTitle" time="0.0">
    <skipped/>
  </testcase> <!-- verifyPageTitle -->
  <testcase classname="com.glendale.test.firstResponder.BadgeHoldersWallets_Test" name="verifyPageURL" time="0.0">
    <skipped/>
  </testcase> <!-- verifyPageURL -->
  <testcase classname="com.glendale.test.firstResponder.BadgeHoldersWallets_Test" name="verifyProductsNameAndPricePresenceAndButtonsEnable" time="0.0">
    <skipped/>
  </testcase> <!-- verifyProductsNameAndPricePresenceAndButtonsEnable -->
  <testcase classname="com.glendale.test.flags.FlagCoversAndCases_Test" name="testPageLoadTime" time="3.102"/>
  <testcase classname="com.glendale.test.flags.FlagCoversAndCases_Test" name="testSortFunctionality" time="3.246"/>
  <testcase classname="com.glendale.test.flags.FlagCoversAndCases_Test" name="verifyAllFltersEnable" time="3.746"/>
  <testcase classname="com.glendale.test.flags.FlagCoversAndCases_Test" name="verifyPageTitle" time="2.844"/>
  <testcase classname="com.glendale.test.flags.FlagCoversAndCases_Test" name="verifyPageURL" time="3.058"/>
  <testcase classname="com.glendale.test.flags.FlagCoversAndCases_Test" name="verifyPaginationEnable" time="2.826"/>
  <testcase classname="com.glendale.test.flags.FlagCoversAndCases_Test" name="verifyPaginationRedirection" time="16.975"/>
  <testcase classname="com.glendale.test.flags.FlagCoversAndCases_Test" name="verifyProductsNameAndPricePresenceAndButtonsEnable" time="3.422"/>
  <testcase classname="com.glendale.test.flags.FlagCoversAndCases_Test" name="verifyTextOnThePage" time="2.923"/>
  <testcase classname="com.glendale.test.uniforms.GarmentsAndGearBags_Test" name="testSortFunctionality" time="3.603"/>
  <testcase classname="com.glendale.test.uniforms.GarmentsAndGearBags_Test" name="verifyAllFltersEnable" time="2.705"/>
  <testcase classname="com.glendale.test.uniforms.GarmentsAndGearBags_Test" name="verifyPageTitle" time="2.801"/>
  <testcase classname="com.glendale.test.uniforms.GarmentsAndGearBags_Test" name="verifyPageURL" time="2.816"/>
  <testcase classname="com.glendale.test.uniforms.GarmentsAndGearBags_Test" name="verifyProductButtonAddToCartAndSelectPresenceAndClickable" time="0.369"/>
  <testcase classname="com.glendale.test.uniforms.GarmentsAndGearBags_Test" name="verifyProductsNameAndPricePresenceAndButtonsEnable" time="3.215"/>
  <testcase classname="com.glendale.test.aboutUs.AllAboutUs_Test" name="testPageLoadTime" time="2.638"/>
  <testcase classname="com.glendale.test.aboutUs.AllAboutUs_Test" name="verifyAddreddAndPhoneEnable" time="2.702"/>
  <testcase classname="com.glendale.test.aboutUs.AllAboutUs_Test" name="verifyBannerPesence" time="2.685"/>
  <testcase classname="com.glendale.test.aboutUs.AllAboutUs_Test" name="verifyComeVisitUsInPersonSection" time="2.647"/>
  <testcase classname="com.glendale.test.aboutUs.AllAboutUs_Test" name="verifyHeading" time="3.207"/>
  <testcase classname="com.glendale.test.aboutUs.AllAboutUs_Test" name="verifyOurServiceSection" time="2.693"/>
  <testcase classname="com.glendale.test.aboutUs.AllAboutUs_Test" name="verifyOurStorySection" time="2.741"/>
  <testcase classname="com.glendale.test.aboutUs.AllAboutUs_Test" name="verifyPageURL" time="2.716"/>
  <testcase classname="com.glendale.test.aboutUs.AllAboutUs_Test" name="verifyTitlOfThePage" time="2.718"/>
  <testcase classname="com.glendale.test.flags.FlagCariers_Test" name="testPageLoadTime" time="3.485"/>
  <testcase classname="com.glendale.test.flags.FlagCariers_Test" name="testSortFunctionality" time="3.058"/>
  <testcase classname="com.glendale.test.flags.FlagCariers_Test" name="verifyAllFltersEnable" time="2.733"/>
  <testcase classname="com.glendale.test.flags.FlagCariers_Test" name="verifyPageTitle" time="2.888"/>
  <testcase classname="com.glendale.test.flags.FlagCariers_Test" name="verifyPageURL" time="2.742"/>
  <testcase classname="com.glendale.test.flags.FlagCariers_Test" name="verifyPaginationEnable" time="2.866"/>
  <testcase classname="com.glendale.test.flags.FlagCariers_Test" name="verifyPaginationRedirection" time="15.347"/>
  <testcase classname="com.glendale.test.flags.FlagCariers_Test" name="verifyProductsNameAndPricePresenceAndButtonsEnable" time="4.488"/>
  <testcase classname="com.glendale.test.flags.FlagCariers_Test" name="verifyTextOnThePage" time="2.731"/>
  <testcase classname="com.glendale.test.replicaRifles.AllReplicaRiflesPage_Test" name="testPageLoadTime" time="2.802"/>
  <testcase classname="com.glendale.test.replicaRifles.AllReplicaRiflesPage_Test" name="testSortFunctionality" time="3.483"/>
  <testcase classname="com.glendale.test.replicaRifles.AllReplicaRiflesPage_Test" name="verifyAllFltersEnable" time="2.719"/>
  <testcase classname="com.glendale.test.replicaRifles.AllReplicaRiflesPage_Test" name="verifyPageTitle" time="2.944"/>
  <testcase classname="com.glendale.test.replicaRifles.AllReplicaRiflesPage_Test" name="verifyPageURL" time="2.856"/>
  <testcase classname="com.glendale.test.replicaRifles.AllReplicaRiflesPage_Test" name="verifyProductsNameAndPricePresenceAndButtonsEnable" time="3.042"/>
  <testcase classname="com.glendale.test.replicaRifles.AllReplicaRiflesPage_Test" name="verifyTextOnThePage" time="2.723"/>
  <testcase classname="com.glendale.test.uniforms.PinsAndTabs_Test" name="testSortFunctionality" time="3.45"/>
  <testcase classname="com.glendale.test.uniforms.PinsAndTabs_Test" name="verifyAllFltersEnable" time="2.684"/>
  <testcase classname="com.glendale.test.uniforms.PinsAndTabs_Test" name="verifyPageTitle" time="2.717"/>
  <testcase classname="com.glendale.test.uniforms.PinsAndTabs_Test" name="verifyPageURL" time="2.895"/>
  <testcase classname="com.glendale.test.uniforms.PinsAndTabs_Test" name="verifyPaginationEnable" time="2.804"/>
  <testcase classname="com.glendale.test.uniforms.PinsAndTabs_Test" name="verifyPaginationRedirection" time="25.916"/>
  <testcase classname="com.glendale.test.uniforms.PinsAndTabs_Test" name="verifyProductButtonAddToCartAndSelectPresenceAndClickable" time="0.25"/>
  <testcase classname="com.glendale.test.uniforms.PinsAndTabs_Test" name="verifyProductsNameAndPricePresenceAndButtonsEnable" time="3.928"/>
  <testcase classname="com.glendale.test.uniforms.PinsAndTabs_Test" name="verifyTextPresenceAndFontSize" time="3.189"/>
  <testcase classname="com.glendale.test.swords.CeremonialMillitarySwords_Test" name="testBranchDropdown" time="33.414">
    <failure type="org.openqa.selenium.NoSuchElementException" message="no such element: Unable to locate element: {&amp;quot;method&amp;quot;:&amp;quot;css selector&amp;quot;,&amp;quot;selector&amp;quot;:&amp;quot;#attribute_select_1190&amp;quot;}
  (Session info: chrome=127.0.6533.100)
For documentation on this error, please visit: https://www.selenium.dev/documentation/webdriver/troubleshooting/errors#no-such-element-exception
Build info: version: &amp;apos;4.11.0&amp;apos;, revision: &amp;apos;040bc5406b&amp;apos;
System info: os.name: &amp;apos;Windows 10&amp;apos;, os.arch: &amp;apos;amd64&amp;apos;, os.version: &amp;apos;10.0&amp;apos;, java.version: &amp;apos;17.0.8&amp;apos;
Driver info: org.openqa.selenium.chrome.ChromeDriver
Command: [8e231fa62d9130ad606aae63722b7c20, findElement {using=id, value=attribute_select_1190}]
Capabilities {acceptInsecureCerts: false, browserName: chrome, browserVersion: 127.0.6533.100, chrome: {chromedriverVersion: 127.0.6533.99 (f31af5097d90..., userDataDir: C:\Users\pawan\AppData\Loca...}, fedcm:accounts: true, goog:chromeOptions: {debuggerAddress: localhost:58659}, networkConnectionEnabled: false, pageLoadStrategy: normal, platformName: windows, proxy: Proxy(), se:cdp: ws://localhost:58659/devtoo..., se:cdpVersion: 127.0.6533.100, setWindowRect: true, strictFileInteractability: false, timeouts: {implicit: 0, pageLoad: 300000, script: 30000}, unhandledPromptBehavior: dismiss and notify, webauthn:extension:credBlob: true, webauthn:extension:largeBlob: true, webauthn:extension:minPinLength: true, webauthn:extension:prf: true, webauthn:virtualAuthenticators: true}
Session ID: 8e231fa62d9130ad606aae63722b7c20">
      <![CDATA[org.openqa.selenium.NoSuchElementException: no such element: Unable to locate element: {"method":"css selector","selector":"#attribute_select_1190"}
  (Session info: chrome=127.0.6533.100)
For documentation on this error, please visit: https://www.selenium.dev/documentation/webdriver/troubleshooting/errors#no-such-element-exception
Build info: version: '4.11.0', revision: '040bc5406b'
System info: os.name: 'Windows 10', os.arch: 'amd64', os.version: '10.0', java.version: '17.0.8'
Driver info: org.openqa.selenium.chrome.ChromeDriver
Command: [8e231fa62d9130ad606aae63722b7c20, findElement {using=id, value=attribute_select_1190}]
Capabilities {acceptInsecureCerts: false, browserName: chrome, browserVersion: 127.0.6533.100, chrome: {chromedriverVersion: 127.0.6533.99 (f31af5097d90..., userDataDir: C:\Users\pawan\AppData\Loca...}, fedcm:accounts: true, goog:chromeOptions: {debuggerAddress: localhost:58659}, networkConnectionEnabled: false, pageLoadStrategy: normal, platformName: windows, proxy: Proxy(), se:cdp: ws://localhost:58659/devtoo..., se:cdpVersion: 127.0.6533.100, setWindowRect: true, strictFileInteractability: false, timeouts: {implicit: 0, pageLoad: 300000, script: 30000}, unhandledPromptBehavior: dismiss and notify, webauthn:extension:credBlob: true, webauthn:extension:largeBlob: true, webauthn:extension:minPinLength: true, webauthn:extension:prf: true, webauthn:virtualAuthenticators: true}
Session ID: 8e231fa62d9130ad606aae63722b7c20
at org.openqa.selenium.remote.codec.w3c.W3CHttpResponseCodec.createException(W3CHttpResponseCodec.java:200)
at org.openqa.selenium.remote.codec.w3c.W3CHttpResponseCodec.decode(W3CHttpResponseCodec.java:133)
at org.openqa.selenium.remote.codec.w3c.W3CHttpResponseCodec.decode(W3CHttpResponseCodec.java:52)
at org.openqa.selenium.remote.HttpCommandExecutor.execute(HttpCommandExecutor.java:191)
at org.openqa.selenium.remote.service.DriverCommandExecutor.invokeExecute(DriverCommandExecutor.java:196)
at org.openqa.selenium.remote.service.DriverCommandExecutor.execute(DriverCommandExecutor.java:171)
at org.openqa.selenium.remote.RemoteWebDriver.execute(RemoteWebDriver.java:518)
at org.openqa.selenium.remote.ElementLocation$ElementFinder$2.findElement(ElementLocation.java:165)
at org.openqa.selenium.remote.ElementLocation.findElement(ElementLocation.java:66)
at org.openqa.selenium.remote.RemoteWebDriver.findElement(RemoteWebDriver.java:355)
at org.openqa.selenium.remote.RemoteWebDriver.findElement(RemoteWebDriver.java:349)
at org.openqa.selenium.support.pagefactory.DefaultElementLocator.findElement(DefaultElementLocator.java:68)
at org.openqa.selenium.support.pagefactory.internal.LocatingElementHandler.invoke(LocatingElementHandler.java:38)
at jdk.proxy2/jdk.proxy2.$Proxy20.getTagName(Unknown Source)
at org.openqa.selenium.support.ui.Select.<init>(Select.java:43)
at com.glendale.page.swords.CeremonialMillitarySwordsPage.testBranchDropdown(CeremonialMillitarySwordsPage.java:103)
at com.glendale.test.swords.CeremonialMillitarySwords_Test.testBranchDropdown(CeremonialMillitarySwords_Test.java:30)
at java.base/java.util.ArrayList.forEach(ArrayList.java:1511)
... Removed 32 stack frames]]>
    </failure>
  </testcase> <!-- testBranchDropdown -->
  <testcase classname="com.glendale.test.swords.CeremonialMillitarySwords_Test" name="testBranchDropdownOptions" time="32.755">
    <failure type="org.openqa.selenium.NoSuchElementException" message="no such element: Unable to locate element: {&amp;quot;method&amp;quot;:&amp;quot;css selector&amp;quot;,&amp;quot;selector&amp;quot;:&amp;quot;#attribute_select_1190&amp;quot;}
  (Session info: chrome=127.0.6533.100)
For documentation on this error, please visit: https://www.selenium.dev/documentation/webdriver/troubleshooting/errors#no-such-element-exception
Build info: version: &amp;apos;4.11.0&amp;apos;, revision: &amp;apos;040bc5406b&amp;apos;
System info: os.name: &amp;apos;Windows 10&amp;apos;, os.arch: &amp;apos;amd64&amp;apos;, os.version: &amp;apos;10.0&amp;apos;, java.version: &amp;apos;17.0.8&amp;apos;
Driver info: org.openqa.selenium.chrome.ChromeDriver
Command: [c9869c72af35ec5bc22b839ef927334a, findElement {using=id, value=attribute_select_1190}]
Capabilities {acceptInsecureCerts: false, browserName: chrome, browserVersion: 127.0.6533.100, chrome: {chromedriverVersion: 127.0.6533.99 (f31af5097d90..., userDataDir: C:\Users\pawan\AppData\Loca...}, fedcm:accounts: true, goog:chromeOptions: {debuggerAddress: localhost:58761}, networkConnectionEnabled: false, pageLoadStrategy: normal, platformName: windows, proxy: Proxy(), se:cdp: ws://localhost:58761/devtoo..., se:cdpVersion: 127.0.6533.100, setWindowRect: true, strictFileInteractability: false, timeouts: {implicit: 0, pageLoad: 300000, script: 30000}, unhandledPromptBehavior: dismiss and notify, webauthn:extension:credBlob: true, webauthn:extension:largeBlob: true, webauthn:extension:minPinLength: true, webauthn:extension:prf: true, webauthn:virtualAuthenticators: true}
Session ID: c9869c72af35ec5bc22b839ef927334a">
      <![CDATA[org.openqa.selenium.NoSuchElementException: no such element: Unable to locate element: {"method":"css selector","selector":"#attribute_select_1190"}
  (Session info: chrome=127.0.6533.100)
For documentation on this error, please visit: https://www.selenium.dev/documentation/webdriver/troubleshooting/errors#no-such-element-exception
Build info: version: '4.11.0', revision: '040bc5406b'
System info: os.name: 'Windows 10', os.arch: 'amd64', os.version: '10.0', java.version: '17.0.8'
Driver info: org.openqa.selenium.chrome.ChromeDriver
Command: [c9869c72af35ec5bc22b839ef927334a, findElement {using=id, value=attribute_select_1190}]
Capabilities {acceptInsecureCerts: false, browserName: chrome, browserVersion: 127.0.6533.100, chrome: {chromedriverVersion: 127.0.6533.99 (f31af5097d90..., userDataDir: C:\Users\pawan\AppData\Loca...}, fedcm:accounts: true, goog:chromeOptions: {debuggerAddress: localhost:58761}, networkConnectionEnabled: false, pageLoadStrategy: normal, platformName: windows, proxy: Proxy(), se:cdp: ws://localhost:58761/devtoo..., se:cdpVersion: 127.0.6533.100, setWindowRect: true, strictFileInteractability: false, timeouts: {implicit: 0, pageLoad: 300000, script: 30000}, unhandledPromptBehavior: dismiss and notify, webauthn:extension:credBlob: true, webauthn:extension:largeBlob: true, webauthn:extension:minPinLength: true, webauthn:extension:prf: true, webauthn:virtualAuthenticators: true}
Session ID: c9869c72af35ec5bc22b839ef927334a
at org.openqa.selenium.remote.codec.w3c.W3CHttpResponseCodec.createException(W3CHttpResponseCodec.java:200)
at org.openqa.selenium.remote.codec.w3c.W3CHttpResponseCodec.decode(W3CHttpResponseCodec.java:133)
at org.openqa.selenium.remote.codec.w3c.W3CHttpResponseCodec.decode(W3CHttpResponseCodec.java:52)
at org.openqa.selenium.remote.HttpCommandExecutor.execute(HttpCommandExecutor.java:191)
at org.openqa.selenium.remote.service.DriverCommandExecutor.invokeExecute(DriverCommandExecutor.java:196)
at org.openqa.selenium.remote.service.DriverCommandExecutor.execute(DriverCommandExecutor.java:171)
at org.openqa.selenium.remote.RemoteWebDriver.execute(RemoteWebDriver.java:518)
at org.openqa.selenium.remote.ElementLocation$ElementFinder$2.findElement(ElementLocation.java:165)
at org.openqa.selenium.remote.ElementLocation.findElement(ElementLocation.java:66)
at org.openqa.selenium.remote.RemoteWebDriver.findElement(RemoteWebDriver.java:355)
at org.openqa.selenium.remote.RemoteWebDriver.findElement(RemoteWebDriver.java:349)
at org.openqa.selenium.support.pagefactory.DefaultElementLocator.findElement(DefaultElementLocator.java:68)
at org.openqa.selenium.support.pagefactory.internal.LocatingElementHandler.invoke(LocatingElementHandler.java:38)
at jdk.proxy2/jdk.proxy2.$Proxy20.getTagName(Unknown Source)
at org.openqa.selenium.support.ui.Select.<init>(Select.java:43)
at com.glendale.page.swords.CeremonialMillitarySwordsPage.testBranchDropdownOptions(CeremonialMillitarySwordsPage.java:153)
at com.glendale.test.swords.CeremonialMillitarySwords_Test.testBranchDropdownOptions(CeremonialMillitarySwords_Test.java:45)
at java.base/java.util.ArrayList.forEach(ArrayList.java:1511)
... Removed 32 stack frames]]>
    </failure>
  </testcase> <!-- testBranchDropdownOptions -->
  <testcase classname="com.glendale.test.swords.CeremonialMillitarySwords_Test" name="testLengthDropdown" time="33.101">
    <failure type="org.openqa.selenium.NoSuchElementException" message="no such element: Unable to locate element: {&amp;quot;method&amp;quot;:&amp;quot;css selector&amp;quot;,&amp;quot;selector&amp;quot;:&amp;quot;#attribute_select_1192&amp;quot;}
  (Session info: chrome=127.0.6533.100)
For documentation on this error, please visit: https://www.selenium.dev/documentation/webdriver/troubleshooting/errors#no-such-element-exception
Build info: version: &amp;apos;4.11.0&amp;apos;, revision: &amp;apos;040bc5406b&amp;apos;
System info: os.name: &amp;apos;Windows 10&amp;apos;, os.arch: &amp;apos;amd64&amp;apos;, os.version: &amp;apos;10.0&amp;apos;, java.version: &amp;apos;17.0.8&amp;apos;
Driver info: org.openqa.selenium.chrome.ChromeDriver
Command: [2bc5db2252fb47ba2782dbaf73cbd031, findElement {using=id, value=attribute_select_1192}]
Capabilities {acceptInsecureCerts: false, browserName: chrome, browserVersion: 127.0.6533.100, chrome: {chromedriverVersion: 127.0.6533.99 (f31af5097d90..., userDataDir: C:\Users\pawan\AppData\Loca...}, fedcm:accounts: true, goog:chromeOptions: {debuggerAddress: localhost:58885}, networkConnectionEnabled: false, pageLoadStrategy: normal, platformName: windows, proxy: Proxy(), se:cdp: ws://localhost:58885/devtoo..., se:cdpVersion: 127.0.6533.100, setWindowRect: true, strictFileInteractability: false, timeouts: {implicit: 0, pageLoad: 300000, script: 30000}, unhandledPromptBehavior: dismiss and notify, webauthn:extension:credBlob: true, webauthn:extension:largeBlob: true, webauthn:extension:minPinLength: true, webauthn:extension:prf: true, webauthn:virtualAuthenticators: true}
Session ID: 2bc5db2252fb47ba2782dbaf73cbd031">
      <![CDATA[org.openqa.selenium.NoSuchElementException: no such element: Unable to locate element: {"method":"css selector","selector":"#attribute_select_1192"}
  (Session info: chrome=127.0.6533.100)
For documentation on this error, please visit: https://www.selenium.dev/documentation/webdriver/troubleshooting/errors#no-such-element-exception
Build info: version: '4.11.0', revision: '040bc5406b'
System info: os.name: 'Windows 10', os.arch: 'amd64', os.version: '10.0', java.version: '17.0.8'
Driver info: org.openqa.selenium.chrome.ChromeDriver
Command: [2bc5db2252fb47ba2782dbaf73cbd031, findElement {using=id, value=attribute_select_1192}]
Capabilities {acceptInsecureCerts: false, browserName: chrome, browserVersion: 127.0.6533.100, chrome: {chromedriverVersion: 127.0.6533.99 (f31af5097d90..., userDataDir: C:\Users\pawan\AppData\Loca...}, fedcm:accounts: true, goog:chromeOptions: {debuggerAddress: localhost:58885}, networkConnectionEnabled: false, pageLoadStrategy: normal, platformName: windows, proxy: Proxy(), se:cdp: ws://localhost:58885/devtoo..., se:cdpVersion: 127.0.6533.100, setWindowRect: true, strictFileInteractability: false, timeouts: {implicit: 0, pageLoad: 300000, script: 30000}, unhandledPromptBehavior: dismiss and notify, webauthn:extension:credBlob: true, webauthn:extension:largeBlob: true, webauthn:extension:minPinLength: true, webauthn:extension:prf: true, webauthn:virtualAuthenticators: true}
Session ID: 2bc5db2252fb47ba2782dbaf73cbd031
at org.openqa.selenium.remote.codec.w3c.W3CHttpResponseCodec.createException(W3CHttpResponseCodec.java:200)
at org.openqa.selenium.remote.codec.w3c.W3CHttpResponseCodec.decode(W3CHttpResponseCodec.java:133)
at org.openqa.selenium.remote.codec.w3c.W3CHttpResponseCodec.decode(W3CHttpResponseCodec.java:52)
at org.openqa.selenium.remote.HttpCommandExecutor.execute(HttpCommandExecutor.java:191)
at org.openqa.selenium.remote.service.DriverCommandExecutor.invokeExecute(DriverCommandExecutor.java:196)
at org.openqa.selenium.remote.service.DriverCommandExecutor.execute(DriverCommandExecutor.java:171)
at org.openqa.selenium.remote.RemoteWebDriver.execute(RemoteWebDriver.java:518)
at org.openqa.selenium.remote.ElementLocation$ElementFinder$2.findElement(ElementLocation.java:165)
at org.openqa.selenium.remote.ElementLocation.findElement(ElementLocation.java:66)
at org.openqa.selenium.remote.RemoteWebDriver.findElement(RemoteWebDriver.java:355)
at org.openqa.selenium.remote.RemoteWebDriver.findElement(RemoteWebDriver.java:349)
at org.openqa.selenium.support.pagefactory.DefaultElementLocator.findElement(DefaultElementLocator.java:68)
at org.openqa.selenium.support.pagefactory.internal.LocatingElementHandler.invoke(LocatingElementHandler.java:38)
at jdk.proxy2/jdk.proxy2.$Proxy20.getTagName(Unknown Source)
at org.openqa.selenium.support.ui.Select.<init>(Select.java:43)
at com.glendale.page.swords.CeremonialMillitarySwordsPage.testLengthDropdown(CeremonialMillitarySwordsPage.java:136)
at com.glendale.test.swords.CeremonialMillitarySwords_Test.testLengthDropdown(CeremonialMillitarySwords_Test.java:40)
at java.base/java.util.ArrayList.forEach(ArrayList.java:1511)
... Removed 32 stack frames]]>
    </failure>
  </testcase> <!-- testLengthDropdown -->
  <testcase classname="com.glendale.test.swords.CeremonialMillitarySwords_Test" name="testLengthDropdownOptions" time="33.273">
    <failure type="org.openqa.selenium.NoSuchElementException" message="no such element: Unable to locate element: {&amp;quot;method&amp;quot;:&amp;quot;css selector&amp;quot;,&amp;quot;selector&amp;quot;:&amp;quot;#attribute_select_1192&amp;quot;}
  (Session info: chrome=127.0.6533.100)
For documentation on this error, please visit: https://www.selenium.dev/documentation/webdriver/troubleshooting/errors#no-such-element-exception
Build info: version: &amp;apos;4.11.0&amp;apos;, revision: &amp;apos;040bc5406b&amp;apos;
System info: os.name: &amp;apos;Windows 10&amp;apos;, os.arch: &amp;apos;amd64&amp;apos;, os.version: &amp;apos;10.0&amp;apos;, java.version: &amp;apos;17.0.8&amp;apos;
Driver info: org.openqa.selenium.chrome.ChromeDriver
Command: [5be18570c5ea682107c167ab4f8894ed, findElement {using=id, value=attribute_select_1192}]
Capabilities {acceptInsecureCerts: false, browserName: chrome, browserVersion: 127.0.6533.100, chrome: {chromedriverVersion: 127.0.6533.99 (f31af5097d90..., userDataDir: C:\Users\pawan\AppData\Loca...}, fedcm:accounts: true, goog:chromeOptions: {debuggerAddress: localhost:58992}, networkConnectionEnabled: false, pageLoadStrategy: normal, platformName: windows, proxy: Proxy(), se:cdp: ws://localhost:58992/devtoo..., se:cdpVersion: 127.0.6533.100, setWindowRect: true, strictFileInteractability: false, timeouts: {implicit: 0, pageLoad: 300000, script: 30000}, unhandledPromptBehavior: dismiss and notify, webauthn:extension:credBlob: true, webauthn:extension:largeBlob: true, webauthn:extension:minPinLength: true, webauthn:extension:prf: true, webauthn:virtualAuthenticators: true}
Session ID: 5be18570c5ea682107c167ab4f8894ed">
      <![CDATA[org.openqa.selenium.NoSuchElementException: no such element: Unable to locate element: {"method":"css selector","selector":"#attribute_select_1192"}
  (Session info: chrome=127.0.6533.100)
For documentation on this error, please visit: https://www.selenium.dev/documentation/webdriver/troubleshooting/errors#no-such-element-exception
Build info: version: '4.11.0', revision: '040bc5406b'
System info: os.name: 'Windows 10', os.arch: 'amd64', os.version: '10.0', java.version: '17.0.8'
Driver info: org.openqa.selenium.chrome.ChromeDriver
Command: [5be18570c5ea682107c167ab4f8894ed, findElement {using=id, value=attribute_select_1192}]
Capabilities {acceptInsecureCerts: false, browserName: chrome, browserVersion: 127.0.6533.100, chrome: {chromedriverVersion: 127.0.6533.99 (f31af5097d90..., userDataDir: C:\Users\pawan\AppData\Loca...}, fedcm:accounts: true, goog:chromeOptions: {debuggerAddress: localhost:58992}, networkConnectionEnabled: false, pageLoadStrategy: normal, platformName: windows, proxy: Proxy(), se:cdp: ws://localhost:58992/devtoo..., se:cdpVersion: 127.0.6533.100, setWindowRect: true, strictFileInteractability: false, timeouts: {implicit: 0, pageLoad: 300000, script: 30000}, unhandledPromptBehavior: dismiss and notify, webauthn:extension:credBlob: true, webauthn:extension:largeBlob: true, webauthn:extension:minPinLength: true, webauthn:extension:prf: true, webauthn:virtualAuthenticators: true}
Session ID: 5be18570c5ea682107c167ab4f8894ed
at org.openqa.selenium.remote.codec.w3c.W3CHttpResponseCodec.createException(W3CHttpResponseCodec.java:200)
at org.openqa.selenium.remote.codec.w3c.W3CHttpResponseCodec.decode(W3CHttpResponseCodec.java:133)
at org.openqa.selenium.remote.codec.w3c.W3CHttpResponseCodec.decode(W3CHttpResponseCodec.java:52)
at org.openqa.selenium.remote.HttpCommandExecutor.execute(HttpCommandExecutor.java:191)
at org.openqa.selenium.remote.service.DriverCommandExecutor.invokeExecute(DriverCommandExecutor.java:196)
at org.openqa.selenium.remote.service.DriverCommandExecutor.execute(DriverCommandExecutor.java:171)
at org.openqa.selenium.remote.RemoteWebDriver.execute(RemoteWebDriver.java:518)
at org.openqa.selenium.remote.ElementLocation$ElementFinder$2.findElement(ElementLocation.java:165)
at org.openqa.selenium.remote.ElementLocation.findElement(ElementLocation.java:66)
at org.openqa.selenium.remote.RemoteWebDriver.findElement(RemoteWebDriver.java:355)
at org.openqa.selenium.remote.RemoteWebDriver.findElement(RemoteWebDriver.java:349)
at org.openqa.selenium.support.pagefactory.DefaultElementLocator.findElement(DefaultElementLocator.java:68)
at org.openqa.selenium.support.pagefactory.internal.LocatingElementHandler.invoke(LocatingElementHandler.java:38)
at jdk.proxy2/jdk.proxy2.$Proxy20.getTagName(Unknown Source)
at org.openqa.selenium.support.ui.Select.<init>(Select.java:43)
at com.glendale.page.swords.CeremonialMillitarySwordsPage.testLengthDropdownOptions(CeremonialMillitarySwordsPage.java:167)
at com.glendale.test.swords.CeremonialMillitarySwords_Test.testLengthDropdownOptions(CeremonialMillitarySwords_Test.java:49)
at java.base/java.util.ArrayList.forEach(ArrayList.java:1511)
... Removed 32 stack frames]]>
    </failure>
  </testcase> <!-- testLengthDropdownOptions -->
  <testcase classname="com.glendale.test.swords.CeremonialMillitarySwords_Test" name="testNameDropdown" time="33.375">
    <failure type="org.openqa.selenium.NoSuchElementException" message="no such element: Unable to locate element: {&amp;quot;method&amp;quot;:&amp;quot;css selector&amp;quot;,&amp;quot;selector&amp;quot;:&amp;quot;#attribute_select_1191&amp;quot;}
  (Session info: chrome=127.0.6533.100)
For documentation on this error, please visit: https://www.selenium.dev/documentation/webdriver/troubleshooting/errors#no-such-element-exception
Build info: version: &amp;apos;4.11.0&amp;apos;, revision: &amp;apos;040bc5406b&amp;apos;
System info: os.name: &amp;apos;Windows 10&amp;apos;, os.arch: &amp;apos;amd64&amp;apos;, os.version: &amp;apos;10.0&amp;apos;, java.version: &amp;apos;17.0.8&amp;apos;
Driver info: org.openqa.selenium.chrome.ChromeDriver
Command: [e06820ab36240ae5a99b5e4e112feb65, findElement {using=id, value=attribute_select_1191}]
Capabilities {acceptInsecureCerts: false, browserName: chrome, browserVersion: 127.0.6533.100, chrome: {chromedriverVersion: 127.0.6533.99 (f31af5097d90..., userDataDir: C:\Users\pawan\AppData\Loca...}, fedcm:accounts: true, goog:chromeOptions: {debuggerAddress: localhost:59097}, networkConnectionEnabled: false, pageLoadStrategy: normal, platformName: windows, proxy: Proxy(), se:cdp: ws://localhost:59097/devtoo..., se:cdpVersion: 127.0.6533.100, setWindowRect: true, strictFileInteractability: false, timeouts: {implicit: 0, pageLoad: 300000, script: 30000}, unhandledPromptBehavior: dismiss and notify, webauthn:extension:credBlob: true, webauthn:extension:largeBlob: true, webauthn:extension:minPinLength: true, webauthn:extension:prf: true, webauthn:virtualAuthenticators: true}
Session ID: e06820ab36240ae5a99b5e4e112feb65">
      <![CDATA[org.openqa.selenium.NoSuchElementException: no such element: Unable to locate element: {"method":"css selector","selector":"#attribute_select_1191"}
  (Session info: chrome=127.0.6533.100)
For documentation on this error, please visit: https://www.selenium.dev/documentation/webdriver/troubleshooting/errors#no-such-element-exception
Build info: version: '4.11.0', revision: '040bc5406b'
System info: os.name: 'Windows 10', os.arch: 'amd64', os.version: '10.0', java.version: '17.0.8'
Driver info: org.openqa.selenium.chrome.ChromeDriver
Command: [e06820ab36240ae5a99b5e4e112feb65, findElement {using=id, value=attribute_select_1191}]
Capabilities {acceptInsecureCerts: false, browserName: chrome, browserVersion: 127.0.6533.100, chrome: {chromedriverVersion: 127.0.6533.99 (f31af5097d90..., userDataDir: C:\Users\pawan\AppData\Loca...}, fedcm:accounts: true, goog:chromeOptions: {debuggerAddress: localhost:59097}, networkConnectionEnabled: false, pageLoadStrategy: normal, platformName: windows, proxy: Proxy(), se:cdp: ws://localhost:59097/devtoo..., se:cdpVersion: 127.0.6533.100, setWindowRect: true, strictFileInteractability: false, timeouts: {implicit: 0, pageLoad: 300000, script: 30000}, unhandledPromptBehavior: dismiss and notify, webauthn:extension:credBlob: true, webauthn:extension:largeBlob: true, webauthn:extension:minPinLength: true, webauthn:extension:prf: true, webauthn:virtualAuthenticators: true}
Session ID: e06820ab36240ae5a99b5e4e112feb65
at org.openqa.selenium.remote.codec.w3c.W3CHttpResponseCodec.createException(W3CHttpResponseCodec.java:200)
at org.openqa.selenium.remote.codec.w3c.W3CHttpResponseCodec.decode(W3CHttpResponseCodec.java:133)
at org.openqa.selenium.remote.codec.w3c.W3CHttpResponseCodec.decode(W3CHttpResponseCodec.java:52)
at org.openqa.selenium.remote.HttpCommandExecutor.execute(HttpCommandExecutor.java:191)
at org.openqa.selenium.remote.service.DriverCommandExecutor.invokeExecute(DriverCommandExecutor.java:196)
at org.openqa.selenium.remote.service.DriverCommandExecutor.execute(DriverCommandExecutor.java:171)
at org.openqa.selenium.remote.RemoteWebDriver.execute(RemoteWebDriver.java:518)
at org.openqa.selenium.remote.ElementLocation$ElementFinder$2.findElement(ElementLocation.java:165)
at org.openqa.selenium.remote.ElementLocation.findElement(ElementLocation.java:66)
at org.openqa.selenium.remote.RemoteWebDriver.findElement(RemoteWebDriver.java:355)
at org.openqa.selenium.remote.RemoteWebDriver.findElement(RemoteWebDriver.java:349)
at org.openqa.selenium.support.pagefactory.DefaultElementLocator.findElement(DefaultElementLocator.java:68)
at org.openqa.selenium.support.pagefactory.internal.LocatingElementHandler.invoke(LocatingElementHandler.java:38)
at jdk.proxy2/jdk.proxy2.$Proxy20.getTagName(Unknown Source)
at org.openqa.selenium.support.ui.Select.<init>(Select.java:43)
at com.glendale.page.swords.CeremonialMillitarySwordsPage.testNameDropdown(CeremonialMillitarySwordsPage.java:120)
at com.glendale.test.swords.CeremonialMillitarySwords_Test.testNameDropdown(CeremonialMillitarySwords_Test.java:35)
at java.base/java.util.ArrayList.forEach(ArrayList.java:1511)
... Removed 32 stack frames]]>
    </failure>
  </testcase> <!-- testNameDropdown -->
  <testcase classname="com.glendale.test.swords.CeremonialMillitarySwords_Test" name="testNameDropdownOptions" time="33.001">
    <failure type="org.openqa.selenium.NoSuchElementException" message="no such element: Unable to locate element: {&amp;quot;method&amp;quot;:&amp;quot;css selector&amp;quot;,&amp;quot;selector&amp;quot;:&amp;quot;#attribute_select_1191&amp;quot;}
  (Session info: chrome=127.0.6533.100)
For documentation on this error, please visit: https://www.selenium.dev/documentation/webdriver/troubleshooting/errors#no-such-element-exception
Build info: version: &amp;apos;4.11.0&amp;apos;, revision: &amp;apos;040bc5406b&amp;apos;
System info: os.name: &amp;apos;Windows 10&amp;apos;, os.arch: &amp;apos;amd64&amp;apos;, os.version: &amp;apos;10.0&amp;apos;, java.version: &amp;apos;17.0.8&amp;apos;
Driver info: org.openqa.selenium.chrome.ChromeDriver
Command: [6a99a02c5562a1533ceb92f3a019f7b4, findElement {using=id, value=attribute_select_1191}]
Capabilities {acceptInsecureCerts: false, browserName: chrome, browserVersion: 127.0.6533.100, chrome: {chromedriverVersion: 127.0.6533.99 (f31af5097d90..., userDataDir: C:\Users\pawan\AppData\Loca...}, fedcm:accounts: true, goog:chromeOptions: {debuggerAddress: localhost:59209}, networkConnectionEnabled: false, pageLoadStrategy: normal, platformName: windows, proxy: Proxy(), se:cdp: ws://localhost:59209/devtoo..., se:cdpVersion: 127.0.6533.100, setWindowRect: true, strictFileInteractability: false, timeouts: {implicit: 0, pageLoad: 300000, script: 30000}, unhandledPromptBehavior: dismiss and notify, webauthn:extension:credBlob: true, webauthn:extension:largeBlob: true, webauthn:extension:minPinLength: true, webauthn:extension:prf: true, webauthn:virtualAuthenticators: true}
Session ID: 6a99a02c5562a1533ceb92f3a019f7b4">
      <![CDATA[org.openqa.selenium.NoSuchElementException: no such element: Unable to locate element: {"method":"css selector","selector":"#attribute_select_1191"}
  (Session info: chrome=127.0.6533.100)
For documentation on this error, please visit: https://www.selenium.dev/documentation/webdriver/troubleshooting/errors#no-such-element-exception
Build info: version: '4.11.0', revision: '040bc5406b'
System info: os.name: 'Windows 10', os.arch: 'amd64', os.version: '10.0', java.version: '17.0.8'
Driver info: org.openqa.selenium.chrome.ChromeDriver
Command: [6a99a02c5562a1533ceb92f3a019f7b4, findElement {using=id, value=attribute_select_1191}]
Capabilities {acceptInsecureCerts: false, browserName: chrome, browserVersion: 127.0.6533.100, chrome: {chromedriverVersion: 127.0.6533.99 (f31af5097d90..., userDataDir: C:\Users\pawan\AppData\Loca...}, fedcm:accounts: true, goog:chromeOptions: {debuggerAddress: localhost:59209}, networkConnectionEnabled: false, pageLoadStrategy: normal, platformName: windows, proxy: Proxy(), se:cdp: ws://localhost:59209/devtoo..., se:cdpVersion: 127.0.6533.100, setWindowRect: true, strictFileInteractability: false, timeouts: {implicit: 0, pageLoad: 300000, script: 30000}, unhandledPromptBehavior: dismiss and notify, webauthn:extension:credBlob: true, webauthn:extension:largeBlob: true, webauthn:extension:minPinLength: true, webauthn:extension:prf: true, webauthn:virtualAuthenticators: true}
Session ID: 6a99a02c5562a1533ceb92f3a019f7b4
at org.openqa.selenium.remote.codec.w3c.W3CHttpResponseCodec.createException(W3CHttpResponseCodec.java:200)
at org.openqa.selenium.remote.codec.w3c.W3CHttpResponseCodec.decode(W3CHttpResponseCodec.java:133)
at org.openqa.selenium.remote.codec.w3c.W3CHttpResponseCodec.decode(W3CHttpResponseCodec.java:52)
at org.openqa.selenium.remote.HttpCommandExecutor.execute(HttpCommandExecutor.java:191)
at org.openqa.selenium.remote.service.DriverCommandExecutor.invokeExecute(DriverCommandExecutor.java:196)
at org.openqa.selenium.remote.service.DriverCommandExecutor.execute(DriverCommandExecutor.java:171)
at org.openqa.selenium.remote.RemoteWebDriver.execute(RemoteWebDriver.java:518)
at org.openqa.selenium.remote.ElementLocation$ElementFinder$2.findElement(ElementLocation.java:165)
at org.openqa.selenium.remote.ElementLocation.findElement(ElementLocation.java:66)
at org.openqa.selenium.remote.RemoteWebDriver.findElement(RemoteWebDriver.java:355)
at org.openqa.selenium.remote.RemoteWebDriver.findElement(RemoteWebDriver.java:349)
at org.openqa.selenium.support.pagefactory.DefaultElementLocator.findElement(DefaultElementLocator.java:68)
at org.openqa.selenium.support.pagefactory.internal.LocatingElementHandler.invoke(LocatingElementHandler.java:38)
at jdk.proxy2/jdk.proxy2.$Proxy20.getTagName(Unknown Source)
at org.openqa.selenium.support.ui.Select.<init>(Select.java:43)
at com.glendale.page.swords.CeremonialMillitarySwordsPage.testNameDropdownOptions(CeremonialMillitarySwordsPage.java:181)
at com.glendale.test.swords.CeremonialMillitarySwords_Test.testNameDropdownOptions(CeremonialMillitarySwords_Test.java:53)
at java.base/java.util.ArrayList.forEach(ArrayList.java:1511)
... Removed 32 stack frames]]>
    </failure>
  </testcase> <!-- testNameDropdownOptions -->
  <testcase classname="com.glendale.test.swords.CeremonialMillitarySwords_Test" name="testPageLoadTime" time="3.296"/>
  <testcase classname="com.glendale.test.swords.CeremonialMillitarySwords_Test" name="testProductDecreaseButton" time="2.966">
    <failure type="java.lang.IndexOutOfBoundsException" message="Index 3 out of bounds for length 3">
      <![CDATA[java.lang.IndexOutOfBoundsException: Index 3 out of bounds for length 3
at java.base/jdk.internal.util.Preconditions.outOfBounds(Preconditions.java:64)
at java.base/jdk.internal.util.Preconditions.outOfBoundsCheckIndex(Preconditions.java:70)
at java.base/jdk.internal.util.Preconditions.checkIndex(Preconditions.java:266)
at java.base/java.util.Objects.checkIndex(Objects.java:359)
at java.base/java.util.ArrayList.get(ArrayList.java:427)
at org.openqa.selenium.support.pagefactory.internal.LocatingElementListHandler.invoke(LocatingElementListHandler.java:39)
at jdk.proxy2/jdk.proxy2.$Proxy21.get(Unknown Source)
at com.glendale.page.swords.CeremonialMillitarySwordsPage.testProductDecreaseButton(CeremonialMillitarySwordsPage.java:256)
at com.glendale.test.swords.CeremonialMillitarySwords_Test.testProductDecreaseButton(CeremonialMillitarySwords_Test.java:98)
at java.base/java.util.ArrayList.forEach(ArrayList.java:1511)
... Removed 30 stack frames]]>
    </failure>
  </testcase> <!-- testProductDecreaseButton -->
  <testcase classname="com.glendale.test.swords.CeremonialMillitarySwords_Test" name="testProductIncreaseButton" time="32.874">
    <failure type="org.openqa.selenium.NoSuchElementException" message="no such element: Unable to locate element: {&amp;quot;method&amp;quot;:&amp;quot;xpath&amp;quot;,&amp;quot;selector&amp;quot;:&amp;quot;//input[@id=&amp;apos;qty[]&amp;apos;]&amp;quot;}
  (Session info: chrome=127.0.6533.100)
For documentation on this error, please visit: https://www.selenium.dev/documentation/webdriver/troubleshooting/errors#no-such-element-exception
Build info: version: &amp;apos;4.11.0&amp;apos;, revision: &amp;apos;040bc5406b&amp;apos;
System info: os.name: &amp;apos;Windows 10&amp;apos;, os.arch: &amp;apos;amd64&amp;apos;, os.version: &amp;apos;10.0&amp;apos;, java.version: &amp;apos;17.0.8&amp;apos;
Driver info: org.openqa.selenium.chrome.ChromeDriver
Command: [533128f0646ea0617f0706c72e968e93, findElement {using=xpath, value=//input[@id=&amp;apos;qty[]&amp;apos;]}]
Capabilities {acceptInsecureCerts: false, browserName: chrome, browserVersion: 127.0.6533.100, chrome: {chromedriverVersion: 127.0.6533.99 (f31af5097d90..., userDataDir: C:\Users\pawan\AppData\Loca...}, fedcm:accounts: true, goog:chromeOptions: {debuggerAddress: localhost:59495}, networkConnectionEnabled: false, pageLoadStrategy: normal, platformName: windows, proxy: Proxy(), se:cdp: ws://localhost:59495/devtoo..., se:cdpVersion: 127.0.6533.100, setWindowRect: true, strictFileInteractability: false, timeouts: {implicit: 0, pageLoad: 300000, script: 30000}, unhandledPromptBehavior: dismiss and notify, webauthn:extension:credBlob: true, webauthn:extension:largeBlob: true, webauthn:extension:minPinLength: true, webauthn:extension:prf: true, webauthn:virtualAuthenticators: true}
Session ID: 533128f0646ea0617f0706c72e968e93">
      <![CDATA[org.openqa.selenium.NoSuchElementException: no such element: Unable to locate element: {"method":"xpath","selector":"//input[@id='qty[]']"}
  (Session info: chrome=127.0.6533.100)
For documentation on this error, please visit: https://www.selenium.dev/documentation/webdriver/troubleshooting/errors#no-such-element-exception
Build info: version: '4.11.0', revision: '040bc5406b'
System info: os.name: 'Windows 10', os.arch: 'amd64', os.version: '10.0', java.version: '17.0.8'
Driver info: org.openqa.selenium.chrome.ChromeDriver
Command: [533128f0646ea0617f0706c72e968e93, findElement {using=xpath, value=//input[@id='qty[]']}]
Capabilities {acceptInsecureCerts: false, browserName: chrome, browserVersion: 127.0.6533.100, chrome: {chromedriverVersion: 127.0.6533.99 (f31af5097d90..., userDataDir: C:\Users\pawan\AppData\Loca...}, fedcm:accounts: true, goog:chromeOptions: {debuggerAddress: localhost:59495}, networkConnectionEnabled: false, pageLoadStrategy: normal, platformName: windows, proxy: Proxy(), se:cdp: ws://localhost:59495/devtoo..., se:cdpVersion: 127.0.6533.100, setWindowRect: true, strictFileInteractability: false, timeouts: {implicit: 0, pageLoad: 300000, script: 30000}, unhandledPromptBehavior: dismiss and notify, webauthn:extension:credBlob: true, webauthn:extension:largeBlob: true, webauthn:extension:minPinLength: true, webauthn:extension:prf: true, webauthn:virtualAuthenticators: true}
Session ID: 533128f0646ea0617f0706c72e968e93
at org.openqa.selenium.remote.codec.w3c.W3CHttpResponseCodec.createException(W3CHttpResponseCodec.java:200)
at org.openqa.selenium.remote.codec.w3c.W3CHttpResponseCodec.decode(W3CHttpResponseCodec.java:133)
at org.openqa.selenium.remote.codec.w3c.W3CHttpResponseCodec.decode(W3CHttpResponseCodec.java:52)
at org.openqa.selenium.remote.HttpCommandExecutor.execute(HttpCommandExecutor.java:191)
at org.openqa.selenium.remote.service.DriverCommandExecutor.invokeExecute(DriverCommandExecutor.java:196)
at org.openqa.selenium.remote.service.DriverCommandExecutor.execute(DriverCommandExecutor.java:171)
at org.openqa.selenium.remote.RemoteWebDriver.execute(RemoteWebDriver.java:518)
at org.openqa.selenium.remote.ElementLocation$ElementFinder$2.findElement(ElementLocation.java:165)
at org.openqa.selenium.remote.ElementLocation.findElement(ElementLocation.java:59)
at org.openqa.selenium.remote.RemoteWebDriver.findElement(RemoteWebDriver.java:355)
at org.openqa.selenium.remote.RemoteWebDriver.findElement(RemoteWebDriver.java:349)
at org.openqa.selenium.support.pagefactory.DefaultElementLocator.findElement(DefaultElementLocator.java:68)
at org.openqa.selenium.support.pagefactory.internal.LocatingElementHandler.invoke(LocatingElementHandler.java:38)
at jdk.proxy2/jdk.proxy2.$Proxy20.getAttribute(Unknown Source)
at com.glendale.page.swords.CeremonialMillitarySwordsPage.testProductIncreaseButton(CeremonialMillitarySwordsPage.java:243)
at com.glendale.test.swords.CeremonialMillitarySwords_Test.testProductIncreaseButton(CeremonialMillitarySwords_Test.java:94)
at java.base/java.util.ArrayList.forEach(ArrayList.java:1511)
... Removed 32 stack frames]]>
    </failure>
  </testcase> <!-- testProductIncreaseButton -->
  <testcase classname="com.glendale.test.swords.CeremonialMillitarySwords_Test" name="verifyAddToCartButtonFunctionality" time="33.41">
    <failure type="org.openqa.selenium.NoSuchElementException" message="no such element: Unable to locate element: {&amp;quot;method&amp;quot;:&amp;quot;css selector&amp;quot;,&amp;quot;selector&amp;quot;:&amp;quot;#form\-action\-addToCart&amp;quot;}
  (Session info: chrome=127.0.6533.100)
For documentation on this error, please visit: https://www.selenium.dev/documentation/webdriver/troubleshooting/errors#no-such-element-exception
Build info: version: &amp;apos;4.11.0&amp;apos;, revision: &amp;apos;040bc5406b&amp;apos;
System info: os.name: &amp;apos;Windows 10&amp;apos;, os.arch: &amp;apos;amd64&amp;apos;, os.version: &amp;apos;10.0&amp;apos;, java.version: &amp;apos;17.0.8&amp;apos;
Driver info: org.openqa.selenium.chrome.ChromeDriver
Command: [28717b70a574642d3a4a799dc63da680, findElement {using=id, value=form-action-addToCart}]
Capabilities {acceptInsecureCerts: false, browserName: chrome, browserVersion: 127.0.6533.100, chrome: {chromedriverVersion: 127.0.6533.99 (f31af5097d90..., userDataDir: C:\Users\pawan\AppData\Loca...}, fedcm:accounts: true, goog:chromeOptions: {debuggerAddress: localhost:59602}, networkConnectionEnabled: false, pageLoadStrategy: normal, platformName: windows, proxy: Proxy(), se:cdp: ws://localhost:59602/devtoo..., se:cdpVersion: 127.0.6533.100, setWindowRect: true, strictFileInteractability: false, timeouts: {implicit: 0, pageLoad: 300000, script: 30000}, unhandledPromptBehavior: dismiss and notify, webauthn:extension:credBlob: true, webauthn:extension:largeBlob: true, webauthn:extension:minPinLength: true, webauthn:extension:prf: true, webauthn:virtualAuthenticators: true}
Session ID: 28717b70a574642d3a4a799dc63da680">
      <![CDATA[org.openqa.selenium.NoSuchElementException: no such element: Unable to locate element: {"method":"css selector","selector":"#form\-action\-addToCart"}
  (Session info: chrome=127.0.6533.100)
For documentation on this error, please visit: https://www.selenium.dev/documentation/webdriver/troubleshooting/errors#no-such-element-exception
Build info: version: '4.11.0', revision: '040bc5406b'
System info: os.name: 'Windows 10', os.arch: 'amd64', os.version: '10.0', java.version: '17.0.8'
Driver info: org.openqa.selenium.chrome.ChromeDriver
Command: [28717b70a574642d3a4a799dc63da680, findElement {using=id, value=form-action-addToCart}]
Capabilities {acceptInsecureCerts: false, browserName: chrome, browserVersion: 127.0.6533.100, chrome: {chromedriverVersion: 127.0.6533.99 (f31af5097d90..., userDataDir: C:\Users\pawan\AppData\Loca...}, fedcm:accounts: true, goog:chromeOptions: {debuggerAddress: localhost:59602}, networkConnectionEnabled: false, pageLoadStrategy: normal, platformName: windows, proxy: Proxy(), se:cdp: ws://localhost:59602/devtoo..., se:cdpVersion: 127.0.6533.100, setWindowRect: true, strictFileInteractability: false, timeouts: {implicit: 0, pageLoad: 300000, script: 30000}, unhandledPromptBehavior: dismiss and notify, webauthn:extension:credBlob: true, webauthn:extension:largeBlob: true, webauthn:extension:minPinLength: true, webauthn:extension:prf: true, webauthn:virtualAuthenticators: true}
Session ID: 28717b70a574642d3a4a799dc63da680
at org.openqa.selenium.remote.codec.w3c.W3CHttpResponseCodec.createException(W3CHttpResponseCodec.java:200)
at org.openqa.selenium.remote.codec.w3c.W3CHttpResponseCodec.decode(W3CHttpResponseCodec.java:133)
at org.openqa.selenium.remote.codec.w3c.W3CHttpResponseCodec.decode(W3CHttpResponseCodec.java:52)
at org.openqa.selenium.remote.HttpCommandExecutor.execute(HttpCommandExecutor.java:191)
at org.openqa.selenium.remote.service.DriverCommandExecutor.invokeExecute(DriverCommandExecutor.java:196)
at org.openqa.selenium.remote.service.DriverCommandExecutor.execute(DriverCommandExecutor.java:171)
at org.openqa.selenium.remote.RemoteWebDriver.execute(RemoteWebDriver.java:518)
at org.openqa.selenium.remote.ElementLocation$ElementFinder$2.findElement(ElementLocation.java:165)
at org.openqa.selenium.remote.ElementLocation.findElement(ElementLocation.java:66)
at org.openqa.selenium.remote.RemoteWebDriver.findElement(RemoteWebDriver.java:355)
at org.openqa.selenium.remote.RemoteWebDriver.findElement(RemoteWebDriver.java:349)
at org.openqa.selenium.support.pagefactory.DefaultElementLocator.findElement(DefaultElementLocator.java:68)
at org.openqa.selenium.support.pagefactory.internal.LocatingElementHandler.invoke(LocatingElementHandler.java:38)
at jdk.proxy2/jdk.proxy2.$Proxy20.isEnabled(Unknown Source)
at com.glendale.page.swords.CeremonialMillitarySwordsPage.verifyAddToCartButtonFunctionality(CeremonialMillitarySwordsPage.java:238)
at com.glendale.test.swords.CeremonialMillitarySwords_Test.verifyAddToCartButtonFunctionality(CeremonialMillitarySwords_Test.java:90)
at java.base/java.util.ArrayList.forEach(ArrayList.java:1511)
... Removed 32 stack frames]]>
    </failure>
  </testcase> <!-- verifyAddToCartButtonFunctionality -->
  <testcase classname="com.glendale.test.swords.CeremonialMillitarySwords_Test" name="verifyAddToCartButtonPresence" time="33.32">
    <failure type="org.openqa.selenium.NoSuchElementException" message="no such element: Unable to locate element: {&amp;quot;method&amp;quot;:&amp;quot;css selector&amp;quot;,&amp;quot;selector&amp;quot;:&amp;quot;#form\-action\-addToCart&amp;quot;}
  (Session info: chrome=127.0.6533.100)
For documentation on this error, please visit: https://www.selenium.dev/documentation/webdriver/troubleshooting/errors#no-such-element-exception
Build info: version: &amp;apos;4.11.0&amp;apos;, revision: &amp;apos;040bc5406b&amp;apos;
System info: os.name: &amp;apos;Windows 10&amp;apos;, os.arch: &amp;apos;amd64&amp;apos;, os.version: &amp;apos;10.0&amp;apos;, java.version: &amp;apos;17.0.8&amp;apos;
Driver info: org.openqa.selenium.chrome.ChromeDriver
Command: [3736b834e26887750b895303380c94d7, findElement {using=id, value=form-action-addToCart}]
Capabilities {acceptInsecureCerts: false, browserName: chrome, browserVersion: 127.0.6533.100, chrome: {chromedriverVersion: 127.0.6533.99 (f31af5097d90..., userDataDir: C:\Users\pawan\AppData\Loca...}, fedcm:accounts: true, goog:chromeOptions: {debuggerAddress: localhost:59710}, networkConnectionEnabled: false, pageLoadStrategy: normal, platformName: windows, proxy: Proxy(), se:cdp: ws://localhost:59710/devtoo..., se:cdpVersion: 127.0.6533.100, setWindowRect: true, strictFileInteractability: false, timeouts: {implicit: 0, pageLoad: 300000, script: 30000}, unhandledPromptBehavior: dismiss and notify, webauthn:extension:credBlob: true, webauthn:extension:largeBlob: true, webauthn:extension:minPinLength: true, webauthn:extension:prf: true, webauthn:virtualAuthenticators: true}
Session ID: 3736b834e26887750b895303380c94d7">
      <![CDATA[org.openqa.selenium.NoSuchElementException: no such element: Unable to locate element: {"method":"css selector","selector":"#form\-action\-addToCart"}
  (Session info: chrome=127.0.6533.100)
For documentation on this error, please visit: https://www.selenium.dev/documentation/webdriver/troubleshooting/errors#no-such-element-exception
Build info: version: '4.11.0', revision: '040bc5406b'
System info: os.name: 'Windows 10', os.arch: 'amd64', os.version: '10.0', java.version: '17.0.8'
Driver info: org.openqa.selenium.chrome.ChromeDriver
Command: [3736b834e26887750b895303380c94d7, findElement {using=id, value=form-action-addToCart}]
Capabilities {acceptInsecureCerts: false, browserName: chrome, browserVersion: 127.0.6533.100, chrome: {chromedriverVersion: 127.0.6533.99 (f31af5097d90..., userDataDir: C:\Users\pawan\AppData\Loca...}, fedcm:accounts: true, goog:chromeOptions: {debuggerAddress: localhost:59710}, networkConnectionEnabled: false, pageLoadStrategy: normal, platformName: windows, proxy: Proxy(), se:cdp: ws://localhost:59710/devtoo..., se:cdpVersion: 127.0.6533.100, setWindowRect: true, strictFileInteractability: false, timeouts: {implicit: 0, pageLoad: 300000, script: 30000}, unhandledPromptBehavior: dismiss and notify, webauthn:extension:credBlob: true, webauthn:extension:largeBlob: true, webauthn:extension:minPinLength: true, webauthn:extension:prf: true, webauthn:virtualAuthenticators: true}
Session ID: 3736b834e26887750b895303380c94d7
at org.openqa.selenium.remote.codec.w3c.W3CHttpResponseCodec.createException(W3CHttpResponseCodec.java:200)
at org.openqa.selenium.remote.codec.w3c.W3CHttpResponseCodec.decode(W3CHttpResponseCodec.java:133)
at org.openqa.selenium.remote.codec.w3c.W3CHttpResponseCodec.decode(W3CHttpResponseCodec.java:52)
at org.openqa.selenium.remote.HttpCommandExecutor.execute(HttpCommandExecutor.java:191)
at org.openqa.selenium.remote.service.DriverCommandExecutor.invokeExecute(DriverCommandExecutor.java:196)
at org.openqa.selenium.remote.service.DriverCommandExecutor.execute(DriverCommandExecutor.java:171)
at org.openqa.selenium.remote.RemoteWebDriver.execute(RemoteWebDriver.java:518)
at org.openqa.selenium.remote.ElementLocation$ElementFinder$2.findElement(ElementLocation.java:165)
at org.openqa.selenium.remote.ElementLocation.findElement(ElementLocation.java:66)
at org.openqa.selenium.remote.RemoteWebDriver.findElement(RemoteWebDriver.java:355)
at org.openqa.selenium.remote.RemoteWebDriver.findElement(RemoteWebDriver.java:349)
at org.openqa.selenium.support.pagefactory.DefaultElementLocator.findElement(DefaultElementLocator.java:68)
at org.openqa.selenium.support.pagefactory.internal.LocatingElementHandler.invoke(LocatingElementHandler.java:38)
at jdk.proxy2/jdk.proxy2.$Proxy20.isDisplayed(Unknown Source)
at com.glendale.page.swords.CeremonialMillitarySwordsPage.verifyAddToCartButtonPresence(CeremonialMillitarySwordsPage.java:233)
at com.glendale.test.swords.CeremonialMillitarySwords_Test.verifyAddToCartButtonPresence(CeremonialMillitarySwords_Test.java:86)
at java.base/java.util.ArrayList.forEach(ArrayList.java:1511)
... Removed 32 stack frames]]>
    </failure>
  </testcase> <!-- verifyAddToCartButtonPresence -->
  <testcase classname="com.glendale.test.swords.CeremonialMillitarySwords_Test" name="verifyDescriptionOfTheProduct" time="32.793"/>
  <testcase classname="com.glendale.test.swords.CeremonialMillitarySwords_Test" name="verifyPageTitle" time="3.255">
    <failure type="java.lang.AssertionError" message="Title of the page does not matched. expected [Premium Quality Swords and Sabers, handcrafted in Germany] but found [Ceremonial Military Swords]">
      <![CDATA[java.lang.AssertionError: Title of the page does not matched. expected [Premium Quality Swords and Sabers, handcrafted in Germany] but found [Ceremonial Military Swords]
at com.glendale.page.swords.CeremonialMillitarySwordsPage.verifyPageTitle(CeremonialMillitarySwordsPage.java:80)
at com.glendale.test.swords.CeremonialMillitarySwords_Test.verifyPageTitle(CeremonialMillitarySwords_Test.java:24)
at java.base/java.util.ArrayList.forEach(ArrayList.java:1511)
... Removed 32 stack frames]]>
    </failure>
  </testcase> <!-- verifyPageTitle -->
  <testcase classname="com.glendale.test.swords.CeremonialMillitarySwords_Test" name="verifyPageURL" time="2.834">
    <failure type="java.lang.AssertionError" message="URL of the page not matched with the expected URL expected [https://www.glendale.com/premium-quality-swords-and-sabers-handcrafted-in-germany/] but found [https://www.glendale.com/swords/ceremonial-military-swords/]">
      <![CDATA[java.lang.AssertionError: URL of the page not matched with the expected URL expected [https://www.glendale.com/premium-quality-swords-and-sabers-handcrafted-in-germany/] but found [https://www.glendale.com/swords/ceremonial-military-swords/]
at com.glendale.page.swords.CeremonialMillitarySwordsPage.verifyPageURL(CeremonialMillitarySwordsPage.java:72)
at com.glendale.test.swords.CeremonialMillitarySwords_Test.verifyPageURL(CeremonialMillitarySwords_Test.java:19)
at java.base/java.util.ArrayList.forEach(ArrayList.java:1511)
... Removed 32 stack frames]]>
    </failure>
  </testcase> <!-- verifyPageURL -->
  <testcase classname="com.glendale.test.swords.CeremonialMillitarySwords_Test" name="verifyPriceOfTheProductIsPresence" time="33.065">
    <failure type="org.openqa.selenium.NoSuchElementException" message="no such element: Unable to locate element: {&amp;quot;method&amp;quot;:&amp;quot;css selector&amp;quot;,&amp;quot;selector&amp;quot;:&amp;quot;#main-content &amp;gt; div.container &amp;gt; div &amp;gt; div.productView &amp;gt; div &amp;gt; section.productView-details.product-data &amp;gt; div &amp;gt; div.productView-price &amp;gt; div:nth-child(3) &amp;gt; span.price.price--withoutTax&amp;quot;}
  (Session info: chrome=127.0.6533.100)
For documentation on this error, please visit: https://www.selenium.dev/documentation/webdriver/troubleshooting/errors#no-such-element-exception
Build info: version: &amp;apos;4.11.0&amp;apos;, revision: &amp;apos;040bc5406b&amp;apos;
System info: os.name: &amp;apos;Windows 10&amp;apos;, os.arch: &amp;apos;amd64&amp;apos;, os.version: &amp;apos;10.0&amp;apos;, java.version: &amp;apos;17.0.8&amp;apos;
Driver info: org.openqa.selenium.chrome.ChromeDriver
Command: [70faf3df2b9c108b2a4a1ab1afd96efd, findElement {using=css selector, value=#main-content &amp;gt; div.container &amp;gt; div &amp;gt; div.productView &amp;gt; div &amp;gt; section.productView-details.product-data &amp;gt; div &amp;gt; div.productView-price &amp;gt; div:nth-child(3) &amp;gt; span.price.price--withoutTax}]
Capabilities {acceptInsecureCerts: false, browserName: chrome, browserVersion: 127.0.6533.100, chrome: {chromedriverVersion: 127.0.6533.99 (f31af5097d90..., userDataDir: C:\Users\pawan\AppData\Loca...}, fedcm:accounts: true, goog:chromeOptions: {debuggerAddress: localhost:60107}, networkConnectionEnabled: false, pageLoadStrategy: normal, platformName: windows, proxy: Proxy(), se:cdp: ws://localhost:60107/devtoo..., se:cdpVersion: 127.0.6533.100, setWindowRect: true, strictFileInteractability: false, timeouts: {implicit: 0, pageLoad: 300000, script: 30000}, unhandledPromptBehavior: dismiss and notify, webauthn:extension:credBlob: true, webauthn:extension:largeBlob: true, webauthn:extension:minPinLength: true, webauthn:extension:prf: true, webauthn:virtualAuthenticators: true}
Session ID: 70faf3df2b9c108b2a4a1ab1afd96efd">
      <![CDATA[org.openqa.selenium.NoSuchElementException: no such element: Unable to locate element: {"method":"css selector","selector":"#main-content > div.container > div > div.productView > div > section.productView-details.product-data > div > div.productView-price > div:nth-child(3) > span.price.price--withoutTax"}
  (Session info: chrome=127.0.6533.100)
For documentation on this error, please visit: https://www.selenium.dev/documentation/webdriver/troubleshooting/errors#no-such-element-exception
Build info: version: '4.11.0', revision: '040bc5406b'
System info: os.name: 'Windows 10', os.arch: 'amd64', os.version: '10.0', java.version: '17.0.8'
Driver info: org.openqa.selenium.chrome.ChromeDriver
Command: [70faf3df2b9c108b2a4a1ab1afd96efd, findElement {using=css selector, value=#main-content > div.container > div > div.productView > div > section.productView-details.product-data > div > div.productView-price > div:nth-child(3) > span.price.price--withoutTax}]
Capabilities {acceptInsecureCerts: false, browserName: chrome, browserVersion: 127.0.6533.100, chrome: {chromedriverVersion: 127.0.6533.99 (f31af5097d90..., userDataDir: C:\Users\pawan\AppData\Loca...}, fedcm:accounts: true, goog:chromeOptions: {debuggerAddress: localhost:60107}, networkConnectionEnabled: false, pageLoadStrategy: normal, platformName: windows, proxy: Proxy(), se:cdp: ws://localhost:60107/devtoo..., se:cdpVersion: 127.0.6533.100, setWindowRect: true, strictFileInteractability: false, timeouts: {implicit: 0, pageLoad: 300000, script: 30000}, unhandledPromptBehavior: dismiss and notify, webauthn:extension:credBlob: true, webauthn:extension:largeBlob: true, webauthn:extension:minPinLength: true, webauthn:extension:prf: true, webauthn:virtualAuthenticators: true}
Session ID: 70faf3df2b9c108b2a4a1ab1afd96efd
at org.openqa.selenium.remote.codec.w3c.W3CHttpResponseCodec.createException(W3CHttpResponseCodec.java:200)
at org.openqa.selenium.remote.codec.w3c.W3CHttpResponseCodec.decode(W3CHttpResponseCodec.java:133)
at org.openqa.selenium.remote.codec.w3c.W3CHttpResponseCodec.decode(W3CHttpResponseCodec.java:52)
at org.openqa.selenium.remote.HttpCommandExecutor.execute(HttpCommandExecutor.java:191)
at org.openqa.selenium.remote.service.DriverCommandExecutor.invokeExecute(DriverCommandExecutor.java:196)
at org.openqa.selenium.remote.service.DriverCommandExecutor.execute(DriverCommandExecutor.java:171)
at org.openqa.selenium.remote.RemoteWebDriver.execute(RemoteWebDriver.java:518)
at org.openqa.selenium.remote.ElementLocation$ElementFinder$2.findElement(ElementLocation.java:165)
at org.openqa.selenium.remote.ElementLocation.findElement(ElementLocation.java:59)
at org.openqa.selenium.remote.RemoteWebDriver.findElement(RemoteWebDriver.java:355)
at org.openqa.selenium.remote.RemoteWebDriver.findElement(RemoteWebDriver.java:349)
at org.openqa.selenium.support.pagefactory.DefaultElementLocator.findElement(DefaultElementLocator.java:68)
at org.openqa.selenium.support.pagefactory.internal.LocatingElementHandler.invoke(LocatingElementHandler.java:38)
at jdk.proxy2/jdk.proxy2.$Proxy20.isDisplayed(Unknown Source)
at com.glendale.page.swords.CeremonialMillitarySwordsPage.verifyPriceOfTheProductIsPresence(CeremonialMillitarySwordsPage.java:92)
at com.glendale.test.swords.CeremonialMillitarySwords_Test.verifyPriceOfTheProductIsPresence(CeremonialMillitarySwords_Test.java:66)
at java.base/java.util.ArrayList.forEach(ArrayList.java:1511)
... Removed 32 stack frames]]>
    </failure>
  </testcase> <!-- verifyPriceOfTheProductIsPresence -->
  <testcase classname="com.glendale.test.swords.CeremonialMillitarySwords_Test" name="verifyRelatedProductSection" time="2.874"/>
  <testcase classname="com.glendale.test.swords.CeremonialMillitarySwords_Test" name="verifyTestimonialSectionIsPresence" time="33.45">
    <failure type="org.openqa.selenium.NoSuchElementException" message="no such element: Unable to locate element: {&amp;quot;method&amp;quot;:&amp;quot;xpath&amp;quot;,&amp;quot;selector&amp;quot;:&amp;quot;//div[@class=&amp;apos;testim-outer&amp;apos;]&amp;quot;}
  (Session info: chrome=127.0.6533.100)
For documentation on this error, please visit: https://www.selenium.dev/documentation/webdriver/troubleshooting/errors#no-such-element-exception
Build info: version: &amp;apos;4.11.0&amp;apos;, revision: &amp;apos;040bc5406b&amp;apos;
System info: os.name: &amp;apos;Windows 10&amp;apos;, os.arch: &amp;apos;amd64&amp;apos;, os.version: &amp;apos;10.0&amp;apos;, java.version: &amp;apos;17.0.8&amp;apos;
Driver info: org.openqa.selenium.chrome.ChromeDriver
Command: [95164d6c6201d07442264857a4096e4e, findElement {using=xpath, value=//div[@class=&amp;apos;testim-outer&amp;apos;]}]
Capabilities {acceptInsecureCerts: false, browserName: chrome, browserVersion: 127.0.6533.100, chrome: {chromedriverVersion: 127.0.6533.99 (f31af5097d90..., userDataDir: C:\Users\pawan\AppData\Loca...}, fedcm:accounts: true, goog:chromeOptions: {debuggerAddress: localhost:60292}, networkConnectionEnabled: false, pageLoadStrategy: normal, platformName: windows, proxy: Proxy(), se:cdp: ws://localhost:60292/devtoo..., se:cdpVersion: 127.0.6533.100, setWindowRect: true, strictFileInteractability: false, timeouts: {implicit: 0, pageLoad: 300000, script: 30000}, unhandledPromptBehavior: dismiss and notify, webauthn:extension:credBlob: true, webauthn:extension:largeBlob: true, webauthn:extension:minPinLength: true, webauthn:extension:prf: true, webauthn:virtualAuthenticators: true}
Session ID: 95164d6c6201d07442264857a4096e4e">
      <![CDATA[org.openqa.selenium.NoSuchElementException: no such element: Unable to locate element: {"method":"xpath","selector":"//div[@class='testim-outer']"}
  (Session info: chrome=127.0.6533.100)
For documentation on this error, please visit: https://www.selenium.dev/documentation/webdriver/troubleshooting/errors#no-such-element-exception
Build info: version: '4.11.0', revision: '040bc5406b'
System info: os.name: 'Windows 10', os.arch: 'amd64', os.version: '10.0', java.version: '17.0.8'
Driver info: org.openqa.selenium.chrome.ChromeDriver
Command: [95164d6c6201d07442264857a4096e4e, findElement {using=xpath, value=//div[@class='testim-outer']}]
Capabilities {acceptInsecureCerts: false, browserName: chrome, browserVersion: 127.0.6533.100, chrome: {chromedriverVersion: 127.0.6533.99 (f31af5097d90..., userDataDir: C:\Users\pawan\AppData\Loca...}, fedcm:accounts: true, goog:chromeOptions: {debuggerAddress: localhost:60292}, networkConnectionEnabled: false, pageLoadStrategy: normal, platformName: windows, proxy: Proxy(), se:cdp: ws://localhost:60292/devtoo..., se:cdpVersion: 127.0.6533.100, setWindowRect: true, strictFileInteractability: false, timeouts: {implicit: 0, pageLoad: 300000, script: 30000}, unhandledPromptBehavior: dismiss and notify, webauthn:extension:credBlob: true, webauthn:extension:largeBlob: true, webauthn:extension:minPinLength: true, webauthn:extension:prf: true, webauthn:virtualAuthenticators: true}
Session ID: 95164d6c6201d07442264857a4096e4e
at org.openqa.selenium.remote.codec.w3c.W3CHttpResponseCodec.createException(W3CHttpResponseCodec.java:200)
at org.openqa.selenium.remote.codec.w3c.W3CHttpResponseCodec.decode(W3CHttpResponseCodec.java:133)
at org.openqa.selenium.remote.codec.w3c.W3CHttpResponseCodec.decode(W3CHttpResponseCodec.java:52)
at org.openqa.selenium.remote.HttpCommandExecutor.execute(HttpCommandExecutor.java:191)
at org.openqa.selenium.remote.service.DriverCommandExecutor.invokeExecute(DriverCommandExecutor.java:196)
at org.openqa.selenium.remote.service.DriverCommandExecutor.execute(DriverCommandExecutor.java:171)
at org.openqa.selenium.remote.RemoteWebDriver.execute(RemoteWebDriver.java:518)
at org.openqa.selenium.remote.ElementLocation$ElementFinder$2.findElement(ElementLocation.java:165)
at org.openqa.selenium.remote.ElementLocation.findElement(ElementLocation.java:59)
at org.openqa.selenium.remote.RemoteWebDriver.findElement(RemoteWebDriver.java:355)
at org.openqa.selenium.remote.RemoteWebDriver.findElement(RemoteWebDriver.java:349)
at org.openqa.selenium.support.pagefactory.DefaultElementLocator.findElement(DefaultElementLocator.java:68)
at org.openqa.selenium.support.pagefactory.internal.LocatingElementHandler.invoke(LocatingElementHandler.java:38)
at jdk.proxy2/jdk.proxy2.$Proxy20.isDisplayed(Unknown Source)
at com.glendale.page.swords.CeremonialMillitarySwordsPage.verifyTestimonialSectionIsPresence(CeremonialMillitarySwordsPage.java:228)
at com.glendale.test.swords.CeremonialMillitarySwords_Test.verifyTestimonialSectionIsPresence(CeremonialMillitarySwords_Test.java:82)
at java.base/java.util.ArrayList.forEach(ArrayList.java:1511)
... Removed 32 stack frames]]>
    </failure>
  </testcase> <!-- verifyTestimonialSectionIsPresence -->
  <testcase classname="com.glendale.test.swords.CeremonialMillitarySwords_Test" name="verifyTitleOfTheProductIsPresent" time="32.967">
    <failure type="org.openqa.selenium.NoSuchElementException" message="no such element: Unable to locate element: {&amp;quot;method&amp;quot;:&amp;quot;xpath&amp;quot;,&amp;quot;selector&amp;quot;:&amp;quot;//h1[@class=&amp;apos;productView-title&amp;apos;]&amp;quot;}
  (Session info: chrome=127.0.6533.100)
For documentation on this error, please visit: https://www.selenium.dev/documentation/webdriver/troubleshooting/errors#no-such-element-exception
Build info: version: &amp;apos;4.11.0&amp;apos;, revision: &amp;apos;040bc5406b&amp;apos;
System info: os.name: &amp;apos;Windows 10&amp;apos;, os.arch: &amp;apos;amd64&amp;apos;, os.version: &amp;apos;10.0&amp;apos;, java.version: &amp;apos;17.0.8&amp;apos;
Driver info: org.openqa.selenium.chrome.ChromeDriver
Command: [12b94a7deae2e8242a0d88f3a070e03a, findElement {using=xpath, value=//h1[@class=&amp;apos;productView-title&amp;apos;]}]
Capabilities {acceptInsecureCerts: false, browserName: chrome, browserVersion: 127.0.6533.100, chrome: {chromedriverVersion: 127.0.6533.99 (f31af5097d90..., userDataDir: C:\Users\pawan\AppData\Loca...}, fedcm:accounts: true, goog:chromeOptions: {debuggerAddress: localhost:60395}, networkConnectionEnabled: false, pageLoadStrategy: normal, platformName: windows, proxy: Proxy(), se:cdp: ws://localhost:60395/devtoo..., se:cdpVersion: 127.0.6533.100, setWindowRect: true, strictFileInteractability: false, timeouts: {implicit: 0, pageLoad: 300000, script: 30000}, unhandledPromptBehavior: dismiss and notify, webauthn:extension:credBlob: true, webauthn:extension:largeBlob: true, webauthn:extension:minPinLength: true, webauthn:extension:prf: true, webauthn:virtualAuthenticators: true}
Session ID: 12b94a7deae2e8242a0d88f3a070e03a">
      <![CDATA[org.openqa.selenium.NoSuchElementException: no such element: Unable to locate element: {"method":"xpath","selector":"//h1[@class='productView-title']"}
  (Session info: chrome=127.0.6533.100)
For documentation on this error, please visit: https://www.selenium.dev/documentation/webdriver/troubleshooting/errors#no-such-element-exception
Build info: version: '4.11.0', revision: '040bc5406b'
System info: os.name: 'Windows 10', os.arch: 'amd64', os.version: '10.0', java.version: '17.0.8'
Driver info: org.openqa.selenium.chrome.ChromeDriver
Command: [12b94a7deae2e8242a0d88f3a070e03a, findElement {using=xpath, value=//h1[@class='productView-title']}]
Capabilities {acceptInsecureCerts: false, browserName: chrome, browserVersion: 127.0.6533.100, chrome: {chromedriverVersion: 127.0.6533.99 (f31af5097d90..., userDataDir: C:\Users\pawan\AppData\Loca...}, fedcm:accounts: true, goog:chromeOptions: {debuggerAddress: localhost:60395}, networkConnectionEnabled: false, pageLoadStrategy: normal, platformName: windows, proxy: Proxy(), se:cdp: ws://localhost:60395/devtoo..., se:cdpVersion: 127.0.6533.100, setWindowRect: true, strictFileInteractability: false, timeouts: {implicit: 0, pageLoad: 300000, script: 30000}, unhandledPromptBehavior: dismiss and notify, webauthn:extension:credBlob: true, webauthn:extension:largeBlob: true, webauthn:extension:minPinLength: true, webauthn:extension:prf: true, webauthn:virtualAuthenticators: true}
Session ID: 12b94a7deae2e8242a0d88f3a070e03a
at org.openqa.selenium.remote.codec.w3c.W3CHttpResponseCodec.createException(W3CHttpResponseCodec.java:200)
at org.openqa.selenium.remote.codec.w3c.W3CHttpResponseCodec.decode(W3CHttpResponseCodec.java:133)
at org.openqa.selenium.remote.codec.w3c.W3CHttpResponseCodec.decode(W3CHttpResponseCodec.java:52)
at org.openqa.selenium.remote.HttpCommandExecutor.execute(HttpCommandExecutor.java:191)
at org.openqa.selenium.remote.service.DriverCommandExecutor.invokeExecute(DriverCommandExecutor.java:196)
at org.openqa.selenium.remote.service.DriverCommandExecutor.execute(DriverCommandExecutor.java:171)
at org.openqa.selenium.remote.RemoteWebDriver.execute(RemoteWebDriver.java:518)
at org.openqa.selenium.remote.ElementLocation$ElementFinder$2.findElement(ElementLocation.java:165)
at org.openqa.selenium.remote.ElementLocation.findElement(ElementLocation.java:59)
at org.openqa.selenium.remote.RemoteWebDriver.findElement(RemoteWebDriver.java:355)
at org.openqa.selenium.remote.RemoteWebDriver.findElement(RemoteWebDriver.java:349)
at org.openqa.selenium.support.pagefactory.DefaultElementLocator.findElement(DefaultElementLocator.java:68)
at org.openqa.selenium.support.pagefactory.internal.LocatingElementHandler.invoke(LocatingElementHandler.java:38)
at jdk.proxy2/jdk.proxy2.$Proxy20.isDisplayed(Unknown Source)
at com.glendale.page.swords.CeremonialMillitarySwordsPage.verifyTitleOfTheProductIsPresent(CeremonialMillitarySwordsPage.java:86)
at com.glendale.test.swords.CeremonialMillitarySwords_Test.verifyTitleOfTheProductIsPresent(CeremonialMillitarySwords_Test.java:62)
at java.base/java.util.ArrayList.forEach(ArrayList.java:1511)
... Removed 32 stack frames]]>
    </failure>
  </testcase> <!-- verifyTitleOfTheProductIsPresent -->
  <testcase classname="com.glendale.test.swords.CeremonialMillitarySwords_Test" name="veryImageOfTheProductIsPresence" time="33.224">
    <failure type="org.openqa.selenium.NoSuchElementException" message="no such element: Unable to locate element: {&amp;quot;method&amp;quot;:&amp;quot;xpath&amp;quot;,&amp;quot;selector&amp;quot;:&amp;quot;//div[@class=&amp;apos;productView-img-container&amp;apos;]/a/img&amp;quot;}
  (Session info: chrome=127.0.6533.100)
For documentation on this error, please visit: https://www.selenium.dev/documentation/webdriver/troubleshooting/errors#no-such-element-exception
Build info: version: &amp;apos;4.11.0&amp;apos;, revision: &amp;apos;040bc5406b&amp;apos;
System info: os.name: &amp;apos;Windows 10&amp;apos;, os.arch: &amp;apos;amd64&amp;apos;, os.version: &amp;apos;10.0&amp;apos;, java.version: &amp;apos;17.0.8&amp;apos;
Driver info: org.openqa.selenium.chrome.ChromeDriver
Command: [3c7cea417e4c0faf8d64984465ce5a3f, findElement {using=xpath, value=//div[@class=&amp;apos;productView-img-container&amp;apos;]/a/img}]
Capabilities {acceptInsecureCerts: false, browserName: chrome, browserVersion: 127.0.6533.100, chrome: {chromedriverVersion: 127.0.6533.99 (f31af5097d90..., userDataDir: C:\Users\pawan\AppData\Loca...}, fedcm:accounts: true, goog:chromeOptions: {debuggerAddress: localhost:60501}, networkConnectionEnabled: false, pageLoadStrategy: normal, platformName: windows, proxy: Proxy(), se:cdp: ws://localhost:60501/devtoo..., se:cdpVersion: 127.0.6533.100, setWindowRect: true, strictFileInteractability: false, timeouts: {implicit: 0, pageLoad: 300000, script: 30000}, unhandledPromptBehavior: dismiss and notify, webauthn:extension:credBlob: true, webauthn:extension:largeBlob: true, webauthn:extension:minPinLength: true, webauthn:extension:prf: true, webauthn:virtualAuthenticators: true}
Session ID: 3c7cea417e4c0faf8d64984465ce5a3f">
      <![CDATA[org.openqa.selenium.NoSuchElementException: no such element: Unable to locate element: {"method":"xpath","selector":"//div[@class='productView-img-container']/a/img"}
  (Session info: chrome=127.0.6533.100)
For documentation on this error, please visit: https://www.selenium.dev/documentation/webdriver/troubleshooting/errors#no-such-element-exception
Build info: version: '4.11.0', revision: '040bc5406b'
System info: os.name: 'Windows 10', os.arch: 'amd64', os.version: '10.0', java.version: '17.0.8'
Driver info: org.openqa.selenium.chrome.ChromeDriver
Command: [3c7cea417e4c0faf8d64984465ce5a3f, findElement {using=xpath, value=//div[@class='productView-img-container']/a/img}]
Capabilities {acceptInsecureCerts: false, browserName: chrome, browserVersion: 127.0.6533.100, chrome: {chromedriverVersion: 127.0.6533.99 (f31af5097d90..., userDataDir: C:\Users\pawan\AppData\Loca...}, fedcm:accounts: true, goog:chromeOptions: {debuggerAddress: localhost:60501}, networkConnectionEnabled: false, pageLoadStrategy: normal, platformName: windows, proxy: Proxy(), se:cdp: ws://localhost:60501/devtoo..., se:cdpVersion: 127.0.6533.100, setWindowRect: true, strictFileInteractability: false, timeouts: {implicit: 0, pageLoad: 300000, script: 30000}, unhandledPromptBehavior: dismiss and notify, webauthn:extension:credBlob: true, webauthn:extension:largeBlob: true, webauthn:extension:minPinLength: true, webauthn:extension:prf: true, webauthn:virtualAuthenticators: true}
Session ID: 3c7cea417e4c0faf8d64984465ce5a3f
at org.openqa.selenium.remote.codec.w3c.W3CHttpResponseCodec.createException(W3CHttpResponseCodec.java:200)
at org.openqa.selenium.remote.codec.w3c.W3CHttpResponseCodec.decode(W3CHttpResponseCodec.java:133)
at org.openqa.selenium.remote.codec.w3c.W3CHttpResponseCodec.decode(W3CHttpResponseCodec.java:52)
at org.openqa.selenium.remote.HttpCommandExecutor.execute(HttpCommandExecutor.java:191)
at org.openqa.selenium.remote.service.DriverCommandExecutor.invokeExecute(DriverCommandExecutor.java:196)
at org.openqa.selenium.remote.service.DriverCommandExecutor.execute(DriverCommandExecutor.java:171)
at org.openqa.selenium.remote.RemoteWebDriver.execute(RemoteWebDriver.java:518)
at org.openqa.selenium.remote.ElementLocation$ElementFinder$2.findElement(ElementLocation.java:165)
at org.openqa.selenium.remote.ElementLocation.findElement(ElementLocation.java:59)
at org.openqa.selenium.remote.RemoteWebDriver.findElement(RemoteWebDriver.java:355)
at org.openqa.selenium.remote.RemoteWebDriver.findElement(RemoteWebDriver.java:349)
at org.openqa.selenium.support.pagefactory.DefaultElementLocator.findElement(DefaultElementLocator.java:68)
at org.openqa.selenium.support.pagefactory.internal.LocatingElementHandler.invoke(LocatingElementHandler.java:38)
at jdk.proxy2/jdk.proxy2.$Proxy20.isDisplayed(Unknown Source)
at com.glendale.page.swords.CeremonialMillitarySwordsPage.veryImageOfTheProductIsPresence(CeremonialMillitarySwordsPage.java:97)
at com.glendale.test.swords.CeremonialMillitarySwords_Test.veryImageOfTheProductIsPresence(CeremonialMillitarySwords_Test.java:70)
at java.base/java.util.ArrayList.forEach(ArrayList.java:1511)
... Removed 32 stack frames]]>
    </failure>
  </testcase> <!-- veryImageOfTheProductIsPresence -->
  <testcase classname="com.glendale.test.firstResponder.SmithAndWarrenBadges_Test" name="testPageLoadTime" time="4.918"/>
  <testcase classname="com.glendale.test.firstResponder.SmithAndWarrenBadges_Test" name="verifyPageTitle" time="5.01"/>
  <testcase classname="com.glendale.test.firstResponder.SmithAndWarrenBadges_Test" name="verifyPageURL" time="4.822"/>
  <testcase classname="com.glendale.test.firstResponder.SmithAndWarrenBadges_Test" name="verifyTextOnThePage" time="4.956"/>
  <testcase classname="com.glendale.test.millitary.CoastGuard_Test" name="verifyBannerIsPresenceAndShopNowButtonRedirection" time="8.209"/>
  <testcase classname="com.glendale.test.millitary.CoastGuard_Test" name="verifyBestSellersSectionPresence" time="2.716"/>
  <testcase classname="com.glendale.test.millitary.CoastGuard_Test" name="verifyBunleProductSectionPresenceWithProducts" time="2.988"/>
  <testcase classname="com.glendale.test.millitary.CoastGuard_Test" name="verifyCustomFlagsSectionPresenceAndRediredirection" time="7.076"/>
  <testcase classname="com.glendale.test.millitary.CoastGuard_Test" name="verifyFeaturedCollectionCeremonialItems" time="22.141"/>
  <testcase classname="com.glendale.test.millitary.CoastGuard_Test" name="verifyFeaturedCollectionFlagAccessories" time="24.043"/>
  <testcase classname="com.glendale.test.millitary.CoastGuard_Test" name="verifyFeaturedCollectionFlags" time="21.094"/>
  <testcase classname="com.glendale.test.millitary.CoastGuard_Test" name="verifyFeaturedCollectionUniformItems" time="21.917"/>
  <testcase classname="com.glendale.test.millitary.CoastGuard_Test" name="verifyFlagsSectionPresenceAndRediredirection" time="5.476"/>
  <testcase classname="com.glendale.test.millitary.CoastGuard_Test" name="verifyIconsBelowTheBestSellersIsPresenceAndNavigation" time="37.115"/>
  <testcase classname="com.glendale.test.millitary.CoastGuard_Test" name="verifyTextOnTheBanner" time="3.217"/>
  <testcase classname="com.glendale.test.honorGuard.Millitary_Test" name="testPageLoadTime" time="3.972"/>
  <testcase classname="com.glendale.test.honorGuard.Millitary_Test" name="testSortFunctionality" time="2.964"/>
  <testcase classname="com.glendale.test.honorGuard.Millitary_Test" name="verifyAllFltersEnable" time="2.832"/>
  <testcase classname="com.glendale.test.honorGuard.Millitary_Test" name="verifyPageTitle" time="2.799"/>
  <testcase classname="com.glendale.test.honorGuard.Millitary_Test" name="verifyPageURL" time="2.791"/>
  <testcase classname="com.glendale.test.honorGuard.Millitary_Test" name="verifyPaginationEnable" time="2.677"/>
  <testcase classname="com.glendale.test.honorGuard.Millitary_Test" name="verifyPaginationRedirection" time="16.809"/>
  <testcase classname="com.glendale.test.honorGuard.Millitary_Test" name="verifyProductsNameAndPricePresenceAndButtonsEnable" time="4.029"/>
  <testcase classname="com.glendale.test.uniforms.RibbonsMountsAndMedals_Test" name="testSortFunctionality" time="3.495"/>
  <testcase classname="com.glendale.test.uniforms.RibbonsMountsAndMedals_Test" name="verifyAllFltersEnable" time="2.728"/>
  <testcase classname="com.glendale.test.uniforms.RibbonsMountsAndMedals_Test" name="verifyPageTitle" time="2.674"/>
  <testcase classname="com.glendale.test.uniforms.RibbonsMountsAndMedals_Test" name="verifyPageURL" time="2.753"/>
  <testcase classname="com.glendale.test.uniforms.RibbonsMountsAndMedals_Test" name="verifyPaginationEnable" time="2.762"/>
  <testcase classname="com.glendale.test.uniforms.RibbonsMountsAndMedals_Test" name="verifyPaginationRedirection" time="23.129"/>
  <testcase classname="com.glendale.test.uniforms.RibbonsMountsAndMedals_Test" name="verifyProductButtonAddToCartAndSelectPresenceAndClickable" time="0.251"/>
  <testcase classname="com.glendale.test.uniforms.RibbonsMountsAndMedals_Test" name="verifyProductsNameAndPricePresenceAndButtonsEnable" time="4.545"/>
  <testcase classname="com.glendale.test.uniforms.RibbonsMountsAndMedals_Test" name="verifyTextPresenceAndFontSize" time="2.77"/>
  <testcase classname="com.glendale.test.uniforms.OtherCords_Test" name="testSortFunctionality" time="3.7"/>
  <testcase classname="com.glendale.test.uniforms.OtherCords_Test" name="verifyAllFltersEnable" time="2.86"/>
  <testcase classname="com.glendale.test.uniforms.OtherCords_Test" name="verifyPageTitle" time="2.78"/>
  <testcase classname="com.glendale.test.uniforms.OtherCords_Test" name="verifyPageURL" time="3.734"/>
  <testcase classname="com.glendale.test.uniforms.OtherCords_Test" name="verifyPaginationEnable" time="4.298"/>
  <testcase classname="com.glendale.test.uniforms.OtherCords_Test" name="verifyPaginationRedirection" time="17.68"/>
  <testcase classname="com.glendale.test.uniforms.OtherCords_Test" name="verifyProductButtonAddToCartAndSelectPresenceAndClickable" time="0.234"/>
  <testcase classname="com.glendale.test.uniforms.OtherCords_Test" name="verifyProductsNameAndPricePresenceAndButtonsEnable" time="4.323"/>
  <testcase classname="com.glendale.test.uniforms.OtherCords_Test" name="verifyTextPresenceAndFontSize" time="2.974"/>
  <testcase classname="com.glendale.test.codets.ThePershingRiflesGroup_Test" name="verifyAccessibility" time="3.45"/>
  <testcase classname="com.glendale.test.codets.ThePershingRiflesGroup_Test" name="verifyAllFltersEnable" time="2.865"/>
  <testcase classname="com.glendale.test.codets.ThePershingRiflesGroup_Test" name="verifyAllProductsOnThePageLoaded" time="33.919"/>
  <testcase classname="com.glendale.test.codets.ThePershingRiflesGroup_Test" name="verifyCrossBrowserCompatibility" time="14.967"/>
  <testcase classname="com.glendale.test.codets.ThePershingRiflesGroup_Test" name="verifyCurrentURL" time="2.68"/>
  <testcase classname="com.glendale.test.codets.ThePershingRiflesGroup_Test" name="verifyMainImgOnThePageLoadingAndText" time="3.726"/>
  <testcase classname="com.glendale.test.codets.ThePershingRiflesGroup_Test" name="verifyPageLoadTime" time="5.291"/>
  <testcase classname="com.glendale.test.codets.ThePershingRiflesGroup_Test" name="verifyPageTitle" time="2.682"/>
  <testcase classname="com.glendale.test.codets.ThePershingRiflesGroup_Test" name="verifyPaginationIsClickable" time="2.814"/>
  <testcase classname="com.glendale.test.codets.ThePershingRiflesGroup_Test" name="verifyProductsNameAndPricePresenceAndButtonsEnable" time="3.383"/>
  <testcase classname="com.glendale.test.codets.ThePershingRiflesGroup_Test" name="verifyResponsiveDesign" time="3.26"/>
  <testcase classname="com.glendale.test.codets.ThePershingRiflesGroup_Test" name="verifySortByFilterEnable" time="3.167"/>
  <testcase classname="com.glendale.test.honorGuard.Veterans_Test" name="testPageLoadTime" time="2.969"/>
  <testcase classname="com.glendale.test.honorGuard.Veterans_Test" name="testSortFunctionality" time="3.468"/>
  <testcase classname="com.glendale.test.honorGuard.Veterans_Test" name="verifyAllFltersEnable" time="3.262"/>
  <testcase classname="com.glendale.test.honorGuard.Veterans_Test" name="verifyPageTitle" time="2.694">
    <failure type="java.lang.AssertionError" message="Title of the page does not matched. expected [Honor Guard - Veterans - Page 1 - Glendale Parade Store] but found [Veterans | Veterans Accessories | Glendale Parade Store]">
      <![CDATA[java.lang.AssertionError: Title of the page does not matched. expected [Honor Guard - Veterans - Page 1 - Glendale Parade Store] but found [Veterans | Veterans Accessories | Glendale Parade Store]
at com.glendale.page.honorGuard.VeteransPage.verifyPageTitle(VeteransPage.java:63)
at com.glendale.test.honorGuard.Veterans_Test.verifyPageTitle(Veterans_Test.java:23)
at java.base/java.util.ArrayList.forEach(ArrayList.java:1511)
... Removed 32 stack frames]]>
    </failure>
  </testcase> <!-- verifyPageTitle -->
  <testcase classname="com.glendale.test.honorGuard.Veterans_Test" name="verifyPageURL" time="3.397"/>
  <testcase classname="com.glendale.test.honorGuard.Veterans_Test" name="verifyPaginationEnable" time="2.93"/>
  <testcase classname="com.glendale.test.honorGuard.Veterans_Test" name="verifyPaginationRedirection" time="38.889"/>
  <testcase classname="com.glendale.test.honorGuard.Veterans_Test" name="verifyProductsNameAndPricePresenceAndButtonsEnable" time="4.354"/>
  <testcase classname="com.glendale.test.uniforms.ShoulderCords_Test" name="testSortFunctionality" time="3.424"/>
  <testcase classname="com.glendale.test.uniforms.ShoulderCords_Test" name="verifyAllFltersEnable" time="2.819"/>
  <testcase classname="com.glendale.test.uniforms.ShoulderCords_Test" name="verifyPageTitle" time="2.838"/>
  <testcase classname="com.glendale.test.uniforms.ShoulderCords_Test" name="verifyPageURL" time="3.212"/>
  <testcase classname="com.glendale.test.uniforms.ShoulderCords_Test" name="verifyPaginationEnable" time="3.326"/>
  <testcase classname="com.glendale.test.uniforms.ShoulderCords_Test" name="verifyPaginationRedirection" time="21.674"/>
  <testcase classname="com.glendale.test.uniforms.ShoulderCords_Test" name="verifyProductButtonAddToCartAndSelectPresenceAndClickable" time="1.231"/>
  <testcase classname="com.glendale.test.uniforms.ShoulderCords_Test" name="verifyProductsNameAndPricePresenceAndButtonsEnable" time="3.641"/>
  <testcase classname="com.glendale.test.uniforms.ShoulderCords_Test" name="verifyTextPresenceAndFontSize" time="0.001">
    <skipped/>
  </testcase> <!-- verifyTextPresenceAndFontSize -->
  <testcase classname="com.glendale.test.uniforms.AchievementMedals_Test" name="testSortFunctionality" time="0.0">
    <skipped/>
  </testcase> <!-- testSortFunctionality -->
  <testcase classname="com.glendale.test.uniforms.AchievementMedals_Test" name="verifyAllFltersEnable" time="0.0">
    <skipped/>
  </testcase> <!-- verifyAllFltersEnable -->
  <testcase classname="com.glendale.test.uniforms.AchievementMedals_Test" name="verifyPageTitle" time="0.001">
    <skipped/>
  </testcase> <!-- verifyPageTitle -->
  <testcase classname="com.glendale.test.uniforms.AchievementMedals_Test" name="verifyPageURL" time="0.0">
    <skipped/>
  </testcase> <!-- verifyPageURL -->
  <testcase classname="com.glendale.test.uniforms.AchievementMedals_Test" name="verifyPaginationEnable" time="0.0">
    <skipped/>
  </testcase> <!-- verifyPaginationEnable -->
  <testcase classname="com.glendale.test.uniforms.AchievementMedals_Test" name="verifyPaginationRedirection" time="0.0">
    <skipped/>
  </testcase> <!-- verifyPaginationRedirection -->
  <testcase classname="com.glendale.test.uniforms.AchievementMedals_Test" name="verifyProductButtonAddToCartAndSelectPresenceAndClickable" time="0.0">
    <skipped/>
  </testcase> <!-- verifyProductButtonAddToCartAndSelectPresenceAndClickable -->
  <testcase classname="com.glendale.test.uniforms.AchievementMedals_Test" name="verifyProductsNameAndPricePresenceAndButtonsEnable" time="0.0">
    <skipped/>
  </testcase> <!-- verifyProductsNameAndPricePresenceAndButtonsEnable -->
  <testcase classname="com.glendale.test.uniforms.AchievementMedals_Test" name="verifyTextPresenceAndFontSize" time="0.0">
    <skipped/>
  </testcase> <!-- verifyTextPresenceAndFontSize -->
  <testcase classname="com.glendale.test.uniforms.Socks_Test" name="testSortFunctionality" time="0.0">
    <skipped/>
  </testcase> <!-- testSortFunctionality -->
  <testcase classname="com.glendale.test.uniforms.Socks_Test" name="verifyAllFltersEnable" time="0.0">
    <skipped/>
  </testcase> <!-- verifyAllFltersEnable -->
  <testcase classname="com.glendale.test.uniforms.Socks_Test" name="verifyCrossBrowserCompatibility" time="0.0">
    <skipped/>
  </testcase> <!-- verifyCrossBrowserCompatibility -->
  <testcase classname="com.glendale.test.uniforms.Socks_Test" name="verifyPageLoadTime" time="0.0">
    <skipped/>
  </testcase> <!-- verifyPageLoadTime -->
  <testcase classname="com.glendale.test.uniforms.Socks_Test" name="verifyPageTitle" time="0.0">
    <skipped/>
  </testcase> <!-- verifyPageTitle -->
  <testcase classname="com.glendale.test.uniforms.Socks_Test" name="verifyPageURL" time="0.0">
    <skipped/>
  </testcase> <!-- verifyPageURL -->
  <testcase classname="com.glendale.test.uniforms.Socks_Test" name="verifyProductImageSize" time="0.0">
    <skipped/>
  </testcase> <!-- verifyProductImageSize -->
  <testcase classname="com.glendale.test.uniforms.Socks_Test" name="verifyProductsNameAndPricePresenceAndButtonsEnable" time="0.0">
    <skipped/>
  </testcase> <!-- verifyProductsNameAndPricePresenceAndButtonsEnable -->
  <testcase classname="com.glendale.test.uniforms.Socks_Test" name="verifyResponsiveDesign" time="0.0">
    <skipped/>
  </testcase> <!-- verifyResponsiveDesign -->
  <testcase classname="com.glendale.test.codets.MarineCorps_Test" name="verifyBannerIsPresenceAndShopNowButtonRedirection" time="0.0">
    <skipped/>
  </testcase> <!-- verifyBannerIsPresenceAndShopNowButtonRedirection -->
  <testcase classname="com.glendale.test.codets.MarineCorps_Test" name="verifyBestSellersSectionPresence" time="0.0">
    <skipped/>
  </testcase> <!-- verifyBestSellersSectionPresence -->
  <testcase classname="com.glendale.test.codets.MarineCorps_Test" name="verifyBunleProductSectionPresenceWithProducts" time="0.0">
    <skipped/>
  </testcase> <!-- verifyBunleProductSectionPresenceWithProducts -->
  <testcase classname="com.glendale.test.codets.MarineCorps_Test" name="verifyCustomFlagsSectionPresenceAndRediredirection" time="0.0">
    <skipped/>
  </testcase> <!-- verifyCustomFlagsSectionPresenceAndRediredirection -->
  <testcase classname="com.glendale.test.codets.MarineCorps_Test" name="verifyFeaturedCollectionAccessories" time="0.0">
    <skipped/>
  </testcase> <!-- verifyFeaturedCollectionAccessories -->
  <testcase classname="com.glendale.test.codets.MarineCorps_Test" name="verifyFeaturedCollectionFlagsItems" time="0.0">
    <skipped/>
  </testcase> <!-- verifyFeaturedCollectionFlagsItems -->
  <testcase classname="com.glendale.test.codets.MarineCorps_Test" name="verifyFeaturedCollectionTeams" time="0.0">
    <skipped/>
  </testcase> <!-- verifyFeaturedCollectionTeams -->
  <testcase classname="com.glendale.test.codets.MarineCorps_Test" name="verifyFeaturedCollectionUniformItems" time="0.0">
    <skipped/>
  </testcase> <!-- verifyFeaturedCollectionUniformItems -->
  <testcase classname="com.glendale.test.codets.MarineCorps_Test" name="verifyFlagsSectionPresenceAndRediredirection" time="0.0">
    <skipped/>
  </testcase> <!-- verifyFlagsSectionPresenceAndRediredirection -->
  <testcase classname="com.glendale.test.codets.MarineCorps_Test" name="verifyIconsBelowTheBestSellersIsPresenceAndNavigation" time="0.0">
    <skipped/>
  </testcase> <!-- verifyIconsBelowTheBestSellersIsPresenceAndNavigation -->
  <testcase classname="com.glendale.test.codets.MarineCorps_Test" name="verifyTextOnTheBanner" time="0.0">
    <skipped/>
  </testcase> <!-- verifyTextOnTheBanner -->
</testsuite> <!-- Test -->
