<?xml version="1.0" encoding="UTF-8"?>
<!-- Generated by org.testng.reporters.JUnitReportReporter -->
<testsuite hostname="ARISTA113-PC" failures="0" tests="12" name="com.glendale.test.codets.ThePershingRiflesGroup_Test" time="91.645" errors="1" timestamp="2024-07-11T18:20:11 IST" skipped="0">
  <testcase classname="com.glendale.test.codets.ThePershingRiflesGroup_Test" name="verifyProductsNameAndPricePresenceAndButtonsEnable" time="8.806"/>
  <system-out/>
  <testcase classname="com.glendale.test.codets.ThePershingRiflesGroup_Test" name="verifyPaginationIsClickable" time="8.167"/>
  <system-out/>
  <testcase classname="com.glendale.test.codets.ThePershingRiflesGroup_Test" name="verifyMainImgOnThePageLoadingAndText" time="8.252"/>
  <system-out/>
  <testcase classname="com.glendale.test.codets.ThePershingRiflesGroup_Test" name="verifyPageTitle" time="7.151"/>
  <system-out/>
  <testcase classname="com.glendale.test.codets.ThePershingRiflesGroup_Test" name="verifyAllProductsOnThePageLoaded" time="7.005"/>
  <system-out/>
  <testcase classname="com.glendale.test.codets.ThePershingRiflesGroup_Test" name="verifyCrossBrowserCompatibility" time="5.803">
    <error message="Could not start a new session. Response code 500. Message: Process unexpectedly closed with status 0 
Host info: host: &#039;ARISTA113-PC&#039;, ip: &#039;10.10.5.33&#039;
Build info: version: &#039;4.11.0&#039;, revision: &#039;040bc5406b&#039;
System info: os.name: &#039;Windows 10&#039;, os.arch: &#039;amd64&#039;, os.version: &#039;10.0&#039;, java.version: &#039;17.0.8&#039;
Driver info: org.openqa.selenium.firefox.FirefoxDriver
Command: [null, newSession {capabilities=[Capabilities {acceptInsecureCerts: true, browserName: firefox, moz:debuggerAddress: true, moz:firefoxOptions: {binary: C:\Program Files\Mozilla Fi...}}]}]" type="org.openqa.selenium.SessionNotCreatedException">
      <![CDATA[org.openqa.selenium.SessionNotCreatedException: Could not start a new session. Response code 500. Message: Process unexpectedly closed with status 0 
Host info: host: 'ARISTA113-PC', ip: '10.10.5.33'
Build info: version: '4.11.0', revision: '040bc5406b'
System info: os.name: 'Windows 10', os.arch: 'amd64', os.version: '10.0', java.version: '17.0.8'
Driver info: org.openqa.selenium.firefox.FirefoxDriver
Command: [null, newSession {capabilities=[Capabilities {acceptInsecureCerts: true, browserName: firefox, moz:debuggerAddress: true, moz:firefoxOptions: {binary: C:\Program Files\Mozilla Fi...}}]}]
at org.openqa.selenium.remote.ProtocolHandshake.createSession(ProtocolHandshake.java:140)
at org.openqa.selenium.remote.ProtocolHandshake.createSession(ProtocolHandshake.java:96)
at org.openqa.selenium.remote.ProtocolHandshake.createSession(ProtocolHandshake.java:68)
at org.openqa.selenium.remote.HttpCommandExecutor.execute(HttpCommandExecutor.java:163)
at org.openqa.selenium.remote.service.DriverCommandExecutor.invokeExecute(DriverCommandExecutor.java:196)
at org.openqa.selenium.remote.service.DriverCommandExecutor.execute(DriverCommandExecutor.java:171)
at org.openqa.selenium.remote.RemoteWebDriver.execute(RemoteWebDriver.java:518)
at org.openqa.selenium.remote.RemoteWebDriver.startSession(RemoteWebDriver.java:232)
at org.openqa.selenium.remote.RemoteWebDriver.<init>(RemoteWebDriver.java:159)
at org.openqa.selenium.firefox.FirefoxDriver.<init>(FirefoxDriver.java:156)
at org.openqa.selenium.firefox.FirefoxDriver.<init>(FirefoxDriver.java:151)
at org.openqa.selenium.firefox.FirefoxDriver.<init>(FirefoxDriver.java:132)
at org.openqa.selenium.firefox.FirefoxDriver.<init>(FirefoxDriver.java:127)
at org.openqa.selenium.firefox.FirefoxDriver.<init>(FirefoxDriver.java:112)
at org.openqa.selenium.firefox.FirefoxDriver.<init>(FirefoxDriver.java:102)
at com.glendale.page.codets.ThePershingRiflesGroupPage.verifyCrossBrowserCompatibility(ThePershingRiflesGroupPage.java:170)
at com.glendale.test.codets.ThePershingRiflesGroup_Test.verifyCrossBrowserCompatibility(ThePershingRiflesGroup_Test.java:74)
at java.base/jdk.internal.reflect.NativeMethodAccessorImpl.invoke0(Native Method)
at java.base/jdk.internal.reflect.NativeMethodAccessorImpl.invoke(NativeMethodAccessorImpl.java:77)
at java.base/jdk.internal.reflect.DelegatingMethodAccessorImpl.invoke(DelegatingMethodAccessorImpl.java:43)
at java.base/java.lang.reflect.Method.invoke(Method.java:568)
at org.testng.internal.invokers.MethodInvocationHelper.invokeMethod(MethodInvocationHelper.java:139)
at org.testng.internal.invokers.TestInvoker.invokeMethod(TestInvoker.java:677)
at org.testng.internal.invokers.TestInvoker.invokeTestMethod(TestInvoker.java:221)
at org.testng.internal.invokers.MethodRunner.runInSequence(MethodRunner.java:50)
at org.testng.internal.invokers.TestInvoker$MethodInvocationAgent.invoke(TestInvoker.java:969)
at org.testng.internal.invokers.TestInvoker.invokeTestMethods(TestInvoker.java:194)
at org.testng.internal.invokers.TestMethodWorker.invokeTestMethods(TestMethodWorker.java:148)
at org.testng.internal.invokers.TestMethodWorker.run(TestMethodWorker.java:128)
at java.base/java.util.ArrayList.forEach(ArrayList.java:1511)
at org.testng.TestRunner.privateRun(TestRunner.java:829)
at org.testng.TestRunner.run(TestRunner.java:602)
at org.testng.SuiteRunner.runTest(SuiteRunner.java:437)
at org.testng.SuiteRunner.runSequentially(SuiteRunner.java:431)
at org.testng.SuiteRunner.privateRun(SuiteRunner.java:391)
at org.testng.SuiteRunner.run(SuiteRunner.java:330)
at org.testng.SuiteRunnerWorker.runSuite(SuiteRunnerWorker.java:52)
at org.testng.SuiteRunnerWorker.run(SuiteRunnerWorker.java:95)
at org.testng.TestNG.runSuitesSequentially(TestNG.java:1256)
at org.testng.TestNG.runSuitesLocally(TestNG.java:1176)
at org.testng.TestNG.runSuites(TestNG.java:1099)
at org.testng.TestNG.run(TestNG.java:1067)
at org.testng.remote.AbstractRemoteTestNG.run(AbstractRemoteTestNG.java:115)
at org.testng.remote.RemoteTestNG.initAndRun(RemoteTestNG.java:251)
at org.testng.remote.RemoteTestNG.main(RemoteTestNG.java:77)
]]>
    </error>
  </testcase> <!-- verifyCrossBrowserCompatibility -->
  <system-out/>
  <testcase classname="com.glendale.test.codets.ThePershingRiflesGroup_Test" name="verifySortByFilterEnable" time="6.780"/>
  <system-out/>
  <testcase classname="com.glendale.test.codets.ThePershingRiflesGroup_Test" name="verifyAccessibility" time="7.645"/>
  <system-out/>
  <testcase classname="com.glendale.test.codets.ThePershingRiflesGroup_Test" name="verifyResponsiveDesign" time="7.452"/>
  <system-out/>
  <testcase classname="com.glendale.test.codets.ThePershingRiflesGroup_Test" name="verifyCurrentURL" time="7.361"/>
  <system-out/>
  <testcase classname="com.glendale.test.codets.ThePershingRiflesGroup_Test" name="verifyPageLoadTime" time="10.200"/>
  <system-out/>
  <testcase classname="com.glendale.test.codets.ThePershingRiflesGroup_Test" name="verifyAllFltersEnable" time="7.023"/>
  <system-out/>
</testsuite> <!-- com.glendale.test.codets.ThePershingRiflesGroup_Test -->
