<?xml version="1.0" encoding="UTF-8"?>
<!-- Generated by org.testng.reporters.JUnitReportReporter -->
<testsuite hostname="ARISTA113-PC" failures="0" tests="12" name="com.glendale.test.codets.CoastGuard_Test" time="203.969" errors="1" timestamp="2024-07-11T18:20:11 IST" skipped="9">
  <testcase classname="com.glendale.test.codets.CoastGuard_Test" name="verifyCustomFlagsSectionPresenceAndRediredirection" time="4.440">
    <skipped/>
  </testcase> <!-- verifyCustomFlagsSectionPresenceAndRediredirection -->
  <system-out/>
  <testcase classname="com.glendale.test.codets.CoastGuard_Test" name="verifyFeaturedCollectionAccessories" time="5.853">
    <skipped/>
  </testcase> <!-- verifyFeaturedCollectionAccessories -->
  <system-out/>
  <testcase classname="com.glendale.test.codets.CoastGuard_Test" name="verifyFeaturedCollectionTeams" time="0.000">
    <skipped/>
  </testcase> <!-- verifyFeaturedCollectionTeams -->
  <system-out/>
  <testcase classname="com.glendale.test.codets.CoastGuard_Test" name="openBrowser" time="180.875">
    <error message="java.util.concurrent.TimeoutException
Build info: version: &#039;4.11.0&#039;, revision: &#039;040bc5406b&#039;
System info: os.name: &#039;Windows 10&#039;, os.arch: &#039;amd64&#039;, os.version: &#039;10.0&#039;, java.version: &#039;17.0.8&#039;
Driver info: org.openqa.selenium.chrome.ChromeDriver
Command: [75cd1b71353d59021b2577e18396922c, get {url=https://www.glendale.com/}]
Capabilities {acceptInsecureCerts: false, browserName: chrome, browserVersion: 126.0.6478.127, chrome: {chromedriverVersion: 126.0.6478.126 (d36ace6122e..., userDataDir: C:\Users\pawan\AppData\Loca...}, fedcm:accounts: true, goog:chromeOptions: {debuggerAddress: localhost:60353}, networkConnectionEnabled: false, pageLoadStrategy: normal, platformName: windows, proxy: Proxy(), se:cdp: ws://localhost:60353/devtoo..., se:cdpVersion: 126.0.6478.127, setWindowRect: true, strictFileInteractability: false, timeouts: {implicit: 0, pageLoad: 300000, script: 30000}, unhandledPromptBehavior: dismiss and notify, webauthn:extension:credBlob: true, webauthn:extension:largeBlob: true, webauthn:extension:minPinLength: true, webauthn:extension:prf: true, webauthn:virtualAuthenticators: true}
Session ID: 75cd1b71353d59021b2577e18396922c" type="org.openqa.selenium.TimeoutException">
      <![CDATA[org.openqa.selenium.TimeoutException: java.util.concurrent.TimeoutException
Build info: version: '4.11.0', revision: '040bc5406b'
System info: os.name: 'Windows 10', os.arch: 'amd64', os.version: '10.0', java.version: '17.0.8'
Driver info: org.openqa.selenium.chrome.ChromeDriver
Command: [75cd1b71353d59021b2577e18396922c, get {url=https://www.glendale.com/}]
Capabilities {acceptInsecureCerts: false, browserName: chrome, browserVersion: 126.0.6478.127, chrome: {chromedriverVersion: 126.0.6478.126 (d36ace6122e..., userDataDir: C:\Users\pawan\AppData\Loca...}, fedcm:accounts: true, goog:chromeOptions: {debuggerAddress: localhost:60353}, networkConnectionEnabled: false, pageLoadStrategy: normal, platformName: windows, proxy: Proxy(), se:cdp: ws://localhost:60353/devtoo..., se:cdpVersion: 126.0.6478.127, setWindowRect: true, strictFileInteractability: false, timeouts: {implicit: 0, pageLoad: 300000, script: 30000}, unhandledPromptBehavior: dismiss and notify, webauthn:extension:credBlob: true, webauthn:extension:largeBlob: true, webauthn:extension:minPinLength: true, webauthn:extension:prf: true, webauthn:virtualAuthenticators: true}
Session ID: 75cd1b71353d59021b2577e18396922c
at org.openqa.selenium.remote.http.netty.NettyHttpHandler.makeCall(NettyHttpHandler.java:65)
at org.openqa.selenium.remote.http.AddSeleniumUserAgent.lambda$apply$0(AddSeleniumUserAgent.java:42)
at org.openqa.selenium.remote.http.Filter.lambda$andFinally$1(Filter.java:55)
at org.openqa.selenium.remote.http.netty.NettyHttpHandler.execute(NettyHttpHandler.java:48)
at org.openqa.selenium.remote.http.netty.NettyClient.execute(NettyClient.java:96)
at org.openqa.selenium.remote.HttpCommandExecutor.execute(HttpCommandExecutor.java:188)
at org.openqa.selenium.remote.service.DriverCommandExecutor.invokeExecute(DriverCommandExecutor.java:196)
at org.openqa.selenium.remote.service.DriverCommandExecutor.execute(DriverCommandExecutor.java:171)
at org.openqa.selenium.remote.RemoteWebDriver.execute(RemoteWebDriver.java:518)
at org.openqa.selenium.remote.RemoteWebDriver.get(RemoteWebDriver.java:300)
at com.glendale.base.BaseClass.openBrowser(BaseClass.java:18)
at jdk.internal.reflect.GeneratedMethodAccessor6.invoke(Unknown Source)
at java.base/jdk.internal.reflect.DelegatingMethodAccessorImpl.invoke(DelegatingMethodAccessorImpl.java:43)
at java.base/java.lang.reflect.Method.invoke(Method.java:568)
at org.testng.internal.invokers.MethodInvocationHelper.invokeMethod(MethodInvocationHelper.java:139)
at org.testng.internal.invokers.MethodInvocationHelper.invokeMethodConsideringTimeout(MethodInvocationHelper.java:69)
at org.testng.internal.invokers.ConfigInvoker.invokeConfigurationMethod(ConfigInvoker.java:361)
at org.testng.internal.invokers.ConfigInvoker.invokeConfigurations(ConfigInvoker.java:296)
at org.testng.internal.invokers.TestInvoker.runConfigMethods(TestInvoker.java:823)
at org.testng.internal.invokers.TestInvoker.invokeMethod(TestInvoker.java:590)
at org.testng.internal.invokers.TestInvoker.invokeTestMethod(TestInvoker.java:221)
at org.testng.internal.invokers.MethodRunner.runInSequence(MethodRunner.java:50)
at org.testng.internal.invokers.TestInvoker$MethodInvocationAgent.invoke(TestInvoker.java:969)
at org.testng.internal.invokers.TestInvoker.invokeTestMethods(TestInvoker.java:194)
at org.testng.internal.invokers.TestMethodWorker.invokeTestMethods(TestMethodWorker.java:148)
at org.testng.internal.invokers.TestMethodWorker.run(TestMethodWorker.java:128)
at java.base/java.util.ArrayList.forEach(ArrayList.java:1511)
at org.testng.TestRunner.privateRun(TestRunner.java:829)
at org.testng.TestRunner.run(TestRunner.java:602)
at org.testng.SuiteRunner.runTest(SuiteRunner.java:437)
at org.testng.SuiteRunner.runSequentially(SuiteRunner.java:431)
at org.testng.SuiteRunner.privateRun(SuiteRunner.java:391)
at org.testng.SuiteRunner.run(SuiteRunner.java:330)
at org.testng.SuiteRunnerWorker.runSuite(SuiteRunnerWorker.java:52)
at org.testng.SuiteRunnerWorker.run(SuiteRunnerWorker.java:95)
at org.testng.TestNG.runSuitesSequentially(TestNG.java:1256)
at org.testng.TestNG.runSuitesLocally(TestNG.java:1176)
at org.testng.TestNG.runSuites(TestNG.java:1099)
at org.testng.TestNG.run(TestNG.java:1067)
at org.testng.remote.AbstractRemoteTestNG.run(AbstractRemoteTestNG.java:115)
at org.testng.remote.RemoteTestNG.initAndRun(RemoteTestNG.java:251)
at org.testng.remote.RemoteTestNG.main(RemoteTestNG.java:77)
Caused by: java.util.concurrent.TimeoutException
at java.base/java.util.concurrent.CompletableFuture.timedGet(CompletableFuture.java:1960)
at java.base/java.util.concurrent.CompletableFuture.get(CompletableFuture.java:2095)
at org.asynchttpclient.netty.NettyResponseFuture.get(NettyResponseFuture.java:206)
at org.openqa.selenium.remote.http.netty.NettyHttpHandler.makeCall(NettyHttpHandler.java:59)
... 41 more
]]>
    </error>
  </testcase> <!-- openBrowser -->
  <system-out/>
  <testcase classname="com.glendale.test.codets.CoastGuard_Test" name="verifyFeaturedCollectionUniformItems" time="0.000">
    <skipped/>
  </testcase> <!-- verifyFeaturedCollectionUniformItems -->
  <system-out/>
  <testcase classname="com.glendale.test.codets.CoastGuard_Test" name="verifyBestSellersSectionPresence" time="3.701"/>
  <system-out/>
  <testcase classname="com.glendale.test.codets.CoastGuard_Test" name="verifyFlagsSectionPresenceAndRediredirection" time="0.000">
    <skipped/>
  </testcase> <!-- verifyFlagsSectionPresenceAndRediredirection -->
  <system-out/>
  <testcase classname="com.glendale.test.codets.CoastGuard_Test" name="verifyBannerIsPresenceAndShopNowButtonRedirection" time="9.100"/>
  <system-out/>
  <testcase classname="com.glendale.test.codets.CoastGuard_Test" name="verifyFeaturedCollectionFlagsItems" time="0.000">
    <skipped/>
  </testcase> <!-- verifyFeaturedCollectionFlagsItems -->
  <system-out/>
  <testcase classname="com.glendale.test.codets.CoastGuard_Test" name="verifyTextOnTheBanner" time="0.000">
    <skipped/>
  </testcase> <!-- verifyTextOnTheBanner -->
  <system-out/>
  <testcase classname="com.glendale.test.codets.CoastGuard_Test" name="verifyBunleProductSectionPresenceWithProducts" time="0.000">
    <skipped/>
  </testcase> <!-- verifyBunleProductSectionPresenceWithProducts -->
  <system-out/>
  <testcase classname="com.glendale.test.codets.CoastGuard_Test" name="verifyIconsBelowTheBestSellersIsPresenceAndNavigation" time="0.000">
    <skipped/>
  </testcase> <!-- verifyIconsBelowTheBestSellersIsPresenceAndNavigation -->
  <system-out/>
</testsuite> <!-- com.glendale.test.codets.CoastGuard_Test -->
