<?xml version="1.0" encoding="UTF-8"?>
<!-- Generated by org.testng.reporters.JUnitReportReporter -->
<testsuite hostname="ARISTA113-PC" failures="1" tests="8" name="com.glendale.test.honorGuard.Veterans_Test" time="98.080" errors="0" timestamp="2024-08-13T13:52:10 IST" skipped="0">
  <testcase classname="com.glendale.test.honorGuard.Veterans_Test" name="testSortFunctionality" time="7.538"/>
  <system-out/>
  <testcase classname="com.glendale.test.honorGuard.Veterans_Test" name="verifyProductsNameAndPricePresenceAndButtonsEnable" time="9.645"/>
  <system-out/>
  <testcase classname="com.glendale.test.honorGuard.Veterans_Test" name="testPageLoadTime" time="7.017"/>
  <system-out/>
  <testcase classname="com.glendale.test.honorGuard.Veterans_Test" name="verifyPaginationRedirection" time="42.916"/>
  <system-out/>
  <testcase classname="com.glendale.test.honorGuard.Veterans_Test" name="verifyPageURL" time="7.350"/>
  <system-out/>
  <testcase classname="com.glendale.test.honorGuard.Veterans_Test" name="verifyAllFltersEnable" time="8.521"/>
  <system-out/>
  <testcase classname="com.glendale.test.honorGuard.Veterans_Test" name="verifyPaginationEnable" time="6.992"/>
  <system-out/>
  <testcase classname="com.glendale.test.honorGuard.Veterans_Test" name="verifyPageTitle" time="8.101">
    <failure message="Title of the page does not matched. expected [Honor Guard - Veterans - Page 1 - Glendale Parade Store] but found [Veterans | Veterans Accessories | Glendale Parade Store]" type="java.lang.AssertionError">
      <![CDATA[java.lang.AssertionError: Title of the page does not matched. expected [Honor Guard - Veterans - Page 1 - Glendale Parade Store] but found [Veterans | Veterans Accessories | Glendale Parade Store]
at org.testng.Assert.fail(Assert.java:110)
at org.testng.Assert.failNotEquals(Assert.java:1413)
at org.testng.Assert.assertEqualsImpl(Assert.java:149)
at org.testng.Assert.assertEquals(Assert.java:131)
at org.testng.Assert.assertEquals(Assert.java:655)
at com.glendale.page.honorGuard.VeteransPage.verifyPageTitle(VeteransPage.java:63)
at com.glendale.test.honorGuard.Veterans_Test.verifyPageTitle(Veterans_Test.java:23)
at java.base/jdk.internal.reflect.NativeMethodAccessorImpl.invoke0(Native Method)
at java.base/jdk.internal.reflect.NativeMethodAccessorImpl.invoke(NativeMethodAccessorImpl.java:77)
at java.base/jdk.internal.reflect.DelegatingMethodAccessorImpl.invoke(DelegatingMethodAccessorImpl.java:43)
at java.base/java.lang.reflect.Method.invoke(Method.java:568)
at org.testng.internal.invokers.MethodInvocationHelper.invokeMethod(MethodInvocationHelper.java:139)
at org.testng.internal.invokers.TestInvoker.invokeMethod(TestInvoker.java:677)
at org.testng.internal.invokers.TestInvoker.invokeTestMethod(TestInvoker.java:221)
at org.testng.internal.invokers.MethodRunner.runInSequence(MethodRunner.java:50)
at org.testng.internal.invokers.TestInvoker$MethodInvocationAgent.invoke(TestInvoker.java:969)
at org.testng.internal.invokers.TestInvoker.invokeTestMethods(TestInvoker.java:194)
at org.testng.internal.invokers.TestMethodWorker.invokeTestMethods(TestMethodWorker.java:148)
at org.testng.internal.invokers.TestMethodWorker.run(TestMethodWorker.java:128)
at java.base/java.util.ArrayList.forEach(ArrayList.java:1511)
at org.testng.TestRunner.privateRun(TestRunner.java:829)
at org.testng.TestRunner.run(TestRunner.java:602)
at org.testng.SuiteRunner.runTest(SuiteRunner.java:437)
at org.testng.SuiteRunner.runSequentially(SuiteRunner.java:431)
at org.testng.SuiteRunner.privateRun(SuiteRunner.java:391)
at org.testng.SuiteRunner.run(SuiteRunner.java:330)
at org.testng.SuiteRunnerWorker.runSuite(SuiteRunnerWorker.java:52)
at org.testng.SuiteRunnerWorker.run(SuiteRunnerWorker.java:95)
at org.testng.TestNG.runSuitesSequentially(TestNG.java:1256)
at org.testng.TestNG.runSuitesLocally(TestNG.java:1176)
at org.testng.TestNG.runSuites(TestNG.java:1099)
at org.testng.TestNG.run(TestNG.java:1067)
at org.testng.remote.AbstractRemoteTestNG.run(AbstractRemoteTestNG.java:115)
at org.testng.remote.RemoteTestNG.initAndRun(RemoteTestNG.java:251)
at org.testng.remote.RemoteTestNG.main(RemoteTestNG.java:77)
]]>
    </failure>
  </testcase> <!-- verifyPageTitle -->
  <system-out/>
</testsuite> <!-- com.glendale.test.honorGuard.Veterans_Test -->
