<?xml version="1.0" encoding="UTF-8"?>
<!-- Generated by org.testng.reporters.JUnitReportReporter -->
<testsuite hostname="ARISTA113-PC" failures="0" tests="16" name="com.glendale.test.swords.LetterOpenerSwords_Test" time="1.174" errors="1" timestamp="2024-08-13T13:52:10 IST" skipped="15">
  <testcase classname="com.glendale.test.swords.LetterOpenerSwords_Test" name="verifyTitleOfTheProductIsPresent" time="0.000">
    <skipped/>
  </testcase> <!-- verifyTitleOfTheProductIsPresent -->
  <system-out/>
  <testcase classname="com.glendale.test.swords.LetterOpenerSwords_Test" name="verifyDescriptionOfTheProduct" time="0.000">
    <skipped/>
  </testcase> <!-- verifyDescriptionOfTheProduct -->
  <system-out/>
  <testcase classname="com.glendale.test.swords.LetterOpenerSwords_Test" name="veryImageOfTheProductIsPresence" time="0.000">
    <skipped/>
  </testcase> <!-- veryImageOfTheProductIsPresence -->
  <system-out/>
  <testcase classname="com.glendale.test.swords.LetterOpenerSwords_Test" name="testProductDecreaseButton" time="0.000">
    <skipped/>
  </testcase> <!-- testProductDecreaseButton -->
  <system-out/>
  <testcase classname="com.glendale.test.swords.LetterOpenerSwords_Test" name="testPageLoadTime" time="0.000">
    <skipped/>
  </testcase> <!-- testPageLoadTime -->
  <system-out/>
  <testcase classname="com.glendale.test.swords.LetterOpenerSwords_Test" name="testProductIncreaseButton" time="0.000">
    <skipped/>
  </testcase> <!-- testProductIncreaseButton -->
  <system-out/>
  <testcase classname="com.glendale.test.swords.LetterOpenerSwords_Test" name="verifyPageURL" time="0.000">
    <skipped/>
  </testcase> <!-- verifyPageURL -->
  <system-out/>
  <testcase classname="com.glendale.test.swords.LetterOpenerSwords_Test" name="verifyPageTitle" time="0.000">
    <skipped/>
  </testcase> <!-- verifyPageTitle -->
  <system-out/>
  <testcase classname="com.glendale.test.swords.LetterOpenerSwords_Test" name="openBrowser" time="1.174">
    <error message="unknown error: net::ERR_INTERNET_DISCONNECTED
  (Session info: chrome=127.0.6533.100)
Build info: version: &#039;4.11.0&#039;, revision: &#039;040bc5406b&#039;
System info: os.name: &#039;Windows 10&#039;, os.arch: &#039;amd64&#039;, os.version: &#039;10.0&#039;, java.version: &#039;17.0.8&#039;
Driver info: org.openqa.selenium.chrome.ChromeDriver
Command: [b62123b4d163d3391d5d2edd9fef1f80, get {url=https://www.glendale.com/}]
Capabilities {acceptInsecureCerts: false, browserName: chrome, browserVersion: 127.0.6533.100, chrome: {chromedriverVersion: 127.0.6533.99 (f31af5097d90..., userDataDir: C:\Users\pawan\AppData\Loca...}, fedcm:accounts: true, goog:chromeOptions: {debuggerAddress: localhost:54014}, networkConnectionEnabled: false, pageLoadStrategy: normal, platformName: windows, proxy: Proxy(), se:cdp: ws://localhost:54014/devtoo..., se:cdpVersion: 127.0.6533.100, setWindowRect: true, strictFileInteractability: false, timeouts: {implicit: 0, pageLoad: 300000, script: 30000}, unhandledPromptBehavior: dismiss and notify, webauthn:extension:credBlob: true, webauthn:extension:largeBlob: true, webauthn:extension:minPinLength: true, webauthn:extension:prf: true, webauthn:virtualAuthenticators: true}
Session ID: b62123b4d163d3391d5d2edd9fef1f80" type="org.openqa.selenium.WebDriverException">
      <![CDATA[org.openqa.selenium.WebDriverException: unknown error: net::ERR_INTERNET_DISCONNECTED
  (Session info: chrome=127.0.6533.100)
Build info: version: '4.11.0', revision: '040bc5406b'
System info: os.name: 'Windows 10', os.arch: 'amd64', os.version: '10.0', java.version: '17.0.8'
Driver info: org.openqa.selenium.chrome.ChromeDriver
Command: [b62123b4d163d3391d5d2edd9fef1f80, get {url=https://www.glendale.com/}]
Capabilities {acceptInsecureCerts: false, browserName: chrome, browserVersion: 127.0.6533.100, chrome: {chromedriverVersion: 127.0.6533.99 (f31af5097d90..., userDataDir: C:\Users\pawan\AppData\Loca...}, fedcm:accounts: true, goog:chromeOptions: {debuggerAddress: localhost:54014}, networkConnectionEnabled: false, pageLoadStrategy: normal, platformName: windows, proxy: Proxy(), se:cdp: ws://localhost:54014/devtoo..., se:cdpVersion: 127.0.6533.100, setWindowRect: true, strictFileInteractability: false, timeouts: {implicit: 0, pageLoad: 300000, script: 30000}, unhandledPromptBehavior: dismiss and notify, webauthn:extension:credBlob: true, webauthn:extension:largeBlob: true, webauthn:extension:minPinLength: true, webauthn:extension:prf: true, webauthn:virtualAuthenticators: true}
Session ID: b62123b4d163d3391d5d2edd9fef1f80
at java.base/jdk.internal.reflect.NativeConstructorAccessorImpl.newInstance0(Native Method)
at java.base/jdk.internal.reflect.NativeConstructorAccessorImpl.newInstance(NativeConstructorAccessorImpl.java:77)
at java.base/jdk.internal.reflect.DelegatingConstructorAccessorImpl.newInstance(DelegatingConstructorAccessorImpl.java:45)
at java.base/java.lang.reflect.Constructor.newInstanceWithCaller(Constructor.java:499)
at java.base/java.lang.reflect.Constructor.newInstance(Constructor.java:480)
at org.openqa.selenium.remote.codec.w3c.W3CHttpResponseCodec.createException(W3CHttpResponseCodec.java:200)
at org.openqa.selenium.remote.codec.w3c.W3CHttpResponseCodec.decode(W3CHttpResponseCodec.java:133)
at org.openqa.selenium.remote.codec.w3c.W3CHttpResponseCodec.decode(W3CHttpResponseCodec.java:52)
at org.openqa.selenium.remote.HttpCommandExecutor.execute(HttpCommandExecutor.java:191)
at org.openqa.selenium.remote.service.DriverCommandExecutor.invokeExecute(DriverCommandExecutor.java:196)
at org.openqa.selenium.remote.service.DriverCommandExecutor.execute(DriverCommandExecutor.java:171)
at org.openqa.selenium.remote.RemoteWebDriver.execute(RemoteWebDriver.java:518)
at org.openqa.selenium.remote.RemoteWebDriver.get(RemoteWebDriver.java:300)
at com.glendale.base.BaseClass.openBrowser(BaseClass.java:18)
at jdk.internal.reflect.GeneratedMethodAccessor6.invoke(Unknown Source)
at java.base/jdk.internal.reflect.DelegatingMethodAccessorImpl.invoke(DelegatingMethodAccessorImpl.java:43)
at java.base/java.lang.reflect.Method.invoke(Method.java:568)
at org.testng.internal.invokers.MethodInvocationHelper.invokeMethod(MethodInvocationHelper.java:139)
at org.testng.internal.invokers.MethodInvocationHelper.invokeMethodConsideringTimeout(MethodInvocationHelper.java:69)
at org.testng.internal.invokers.ConfigInvoker.invokeConfigurationMethod(ConfigInvoker.java:361)
at org.testng.internal.invokers.ConfigInvoker.invokeConfigurations(ConfigInvoker.java:296)
at org.testng.internal.invokers.TestInvoker.runConfigMethods(TestInvoker.java:823)
at org.testng.internal.invokers.TestInvoker.invokeMethod(TestInvoker.java:590)
at org.testng.internal.invokers.TestInvoker.invokeTestMethod(TestInvoker.java:221)
at org.testng.internal.invokers.MethodRunner.runInSequence(MethodRunner.java:50)
at org.testng.internal.invokers.TestInvoker$MethodInvocationAgent.invoke(TestInvoker.java:969)
at org.testng.internal.invokers.TestInvoker.invokeTestMethods(TestInvoker.java:194)
at org.testng.internal.invokers.TestMethodWorker.invokeTestMethods(TestMethodWorker.java:148)
at org.testng.internal.invokers.TestMethodWorker.run(TestMethodWorker.java:128)
at java.base/java.util.ArrayList.forEach(ArrayList.java:1511)
at org.testng.TestRunner.privateRun(TestRunner.java:829)
at org.testng.TestRunner.run(TestRunner.java:602)
at org.testng.SuiteRunner.runTest(SuiteRunner.java:437)
at org.testng.SuiteRunner.runSequentially(SuiteRunner.java:431)
at org.testng.SuiteRunner.privateRun(SuiteRunner.java:391)
at org.testng.SuiteRunner.run(SuiteRunner.java:330)
at org.testng.SuiteRunnerWorker.runSuite(SuiteRunnerWorker.java:52)
at org.testng.SuiteRunnerWorker.run(SuiteRunnerWorker.java:95)
at org.testng.TestNG.runSuitesSequentially(TestNG.java:1256)
at org.testng.TestNG.runSuitesLocally(TestNG.java:1176)
at org.testng.TestNG.runSuites(TestNG.java:1099)
at org.testng.TestNG.run(TestNG.java:1067)
at org.testng.remote.AbstractRemoteTestNG.run(AbstractRemoteTestNG.java:115)
at org.testng.remote.RemoteTestNG.initAndRun(RemoteTestNG.java:251)
at org.testng.remote.RemoteTestNG.main(RemoteTestNG.java:77)
]]>
    </error>
  </testcase> <!-- openBrowser -->
  <system-out/>
  <testcase classname="com.glendale.test.swords.LetterOpenerSwords_Test" name="verifyAddToCartButtonPresence" time="0.000">
    <skipped/>
  </testcase> <!-- verifyAddToCartButtonPresence -->
  <system-out/>
  <testcase classname="com.glendale.test.swords.LetterOpenerSwords_Test" name="verifyAddToCartButtonFunctionality" time="0.000">
    <skipped/>
  </testcase> <!-- verifyAddToCartButtonFunctionality -->
  <system-out/>
  <testcase classname="com.glendale.test.swords.LetterOpenerSwords_Test" name="verifyPriceOfTheProductIsPresence" time="0.000">
    <skipped/>
  </testcase> <!-- verifyPriceOfTheProductIsPresence -->
  <system-out/>
  <testcase classname="com.glendale.test.swords.LetterOpenerSwords_Test" name="verifyRelatedProductSection" time="0.000">
    <skipped/>
  </testcase> <!-- verifyRelatedProductSection -->
  <system-out/>
  <testcase classname="com.glendale.test.swords.LetterOpenerSwords_Test" name="testBranchDropdownOptions" time="0.000">
    <skipped/>
  </testcase> <!-- testBranchDropdownOptions -->
  <system-out/>
  <testcase classname="com.glendale.test.swords.LetterOpenerSwords_Test" name="verifyTestimonialSectionIsPresence" time="0.000">
    <skipped/>
  </testcase> <!-- verifyTestimonialSectionIsPresence -->
  <system-out/>
  <testcase classname="com.glendale.test.swords.LetterOpenerSwords_Test" name="testBranchDropdown" time="0.000">
    <skipped/>
  </testcase> <!-- testBranchDropdown -->
  <system-out/>
</testsuite> <!-- com.glendale.test.swords.LetterOpenerSwords_Test -->
